31-Mar-2020 15:19:05.341 WARNING [Thread-13] org.hibernate.jdbc.AbstractBatcher.closeQueryStatement exception clearing maxRows/queryTimeout
	java.sql.SQLRecoverableException: Closed Connection
		at oracle.jdbc.driver.OracleStatement.ensureOpen(OracleStatement.java:4296)
		at oracle.jdbc.driver.OracleStatement.getMaxRows(OracleStatement.java:3109)
		at oracle.jdbc.driver.OracleStatementWrapper.getMaxRows(OracleStatementWrapper.java:164)
		at org.apache.commons.dbcp.DelegatingStatement.getMaxRows(DelegatingStatement.java:237)
		at org.apache.commons.dbcp.DelegatingStatement.getMaxRows(DelegatingStatement.java:237)
		at org.hibernate.jdbc.AbstractBatcher.closeQueryStatement(AbstractBatcher.java:298)
		at org.hibernate.jdbc.AbstractBatcher.closeQueryStatement(AbstractBatcher.java:234)
		at org.hibernate.loader.Loader.getResultSet(Loader.java:1967)
		at org.hibernate.loader.Loader.doQuery(Loader.java:802)
		at org.hibernate.loader.Loader.doQueryAndInitializeNonLazyCollections(Loader.java:274)
		at org.hibernate.loader.Loader.doList(Loader.java:2533)
		at org.hibernate.loader.Loader.listIgnoreQueryCache(Loader.java:2276)
		at org.hibernate.loader.Loader.list(Loader.java:2271)
		at org.hibernate.loader.hql.QueryLoader.list(QueryLoader.java:452)
		at org.hibernate.hql.ast.QueryTranslatorImpl.list(QueryTranslatorImpl.java:363)
		at org.hibernate.engine.query.HQLQueryPlan.performList(HQLQueryPlan.java:196)
		at org.hibernate.impl.SessionImpl.list(SessionImpl.java:1268)
		at org.hibernate.impl.QueryImpl.list(QueryImpl.java:102)
		at com.kiiik.bms.dao.BaseDao.find(BaseDao.java:127)
		at com.kiiik.bms.service.DepartmentService.listDepartmentNames(DepartmentService.java:204)
		at com.kiiik.bms.service.DepartmentService$$FastClassByCGLIB$$7be59816.invoke(<generated>)
		at net.sf.cglib.proxy.MethodProxy.invoke(MethodProxy.java:204)
		at org.springframework.aop.framework.Cglib2AopProxy$CglibMethodInvocation.invokeJoinpoint(Cglib2AopProxy.java:689)
		at org.springframework.aop.framework.ReflectiveMethodInvocation.proceed(ReflectiveMethodInvocation.java:150)
		at org.springframework.transaction.interceptor.TransactionInterceptor.invoke(TransactionInterceptor.java:110)
		at org.springframework.aop.framework.ReflectiveMethodInvocation.proceed(ReflectiveMethodInvocation.java:172)
		at org.springframework.aop.framework.Cglib2AopProxy$DynamicAdvisedInterceptor.intercept(Cglib2AopProxy.java:622)
		at com.kiiik.bms.service.DepartmentService$$EnhancerByCGLIB$$9e2ba85a.listDepartmentNames(<generated>)
		at com.kiiik.bms.action.DepartmentAction.listDepartmentNames(DepartmentAction.java:49)
		at com.kiiik.bms.action.DepartmentAction$$FastClassByCGLIB$$5ffd82c.invoke(<generated>)
		at net.sf.cglib.proxy.MethodProxy.invoke(MethodProxy.java:204)
		at org.springframework.aop.framework.Cglib2AopProxy$CglibMethodInvocation.invokeJoinpoint(Cglib2AopProxy.java:689)
		at org.springframework.aop.framework.ReflectiveMethodInvocation.proceed(ReflectiveMethodInvocation.java:150)
		at org.springframework.aop.framework.adapter.MethodBeforeAdviceInterceptor.invoke(MethodBeforeAdviceInterceptor.java:50)
		at org.springframework.aop.framework.ReflectiveMethodInvocation.proceed(ReflectiveMethodInvocation.java:172)
		at org.springframework.aop.framework.adapter.MethodBeforeAdviceInterceptor.invoke(MethodBeforeAdviceInterceptor.java:50)
		at org.springframework.aop.framework.ReflectiveMethodInvocation.proceed(ReflectiveMethodInvocation.java:172)
		at org.springframework.aop.interceptor.ExposeInvocationInterceptor.invoke(ExposeInvocationInterceptor.java:90)
		at org.springframework.aop.framework.ReflectiveMethodInvocation.proceed(ReflectiveMethodInvocation.java:172)
		at org.springframework.aop.framework.Cglib2AopProxy$DynamicAdvisedInterceptor.intercept(Cglib2AopProxy.java:622)
		at com.kiiik.bms.action.DepartmentAction$$EnhancerByCGLIB$$66c4c944.listDepartmentNames(<generated>)
		at sun.reflect.GeneratedMethodAccessor66.invoke(Unknown Source)
		at sun.reflect.DelegatingMethodAccessorImpl.invoke(DelegatingMethodAccessorImpl.java:43)
		at java.lang.reflect.Method.invoke(Method.java:606)
		at org.springframework.web.method.support.InvocableHandlerMethod.invoke(InvocableHandlerMethod.java:213)
		at org.springframework.web.method.support.InvocableHandlerMethod.invokeForRequest(InvocableHandlerMethod.java:126)
		at org.springframework.web.servlet.mvc.method.annotation.ServletInvocableHandlerMethod.invokeAndHandle(ServletInvocableHandlerMethod.java:96)
		at org.springframework.web.servlet.mvc.method.annotation.RequestMappingHandlerAdapter.invokeHandlerMethod(RequestMappingHandlerAdapter.java:617)
		at org.springframework.web.servlet.mvc.method.annotation.RequestMappingHandlerAdapter.handleInternal(RequestMappingHandlerAdapter.java:578)
		at org.springframework.web.servlet.mvc.method.AbstractHandlerMethodAdapter.handle(AbstractHandlerMethodAdapter.java:80)
		at org.springframework.web.servlet.DispatcherServlet.doDispatch(DispatcherServlet.java:923)
		at org.springframework.web.servlet.DispatcherServlet.doService(DispatcherServlet.java:852)
		at org.springframework.web.servlet.FrameworkServlet.processRequest(FrameworkServlet.java:882)
		at org.springframework.web.servlet.FrameworkServlet.doPost(FrameworkServlet.java:789)
		at javax.servlet.http.HttpServlet.service(HttpServlet.java:660)
		at javax.servlet.http.HttpServlet.service(HttpServlet.java:741)
		at org.apache.catalina.core.ApplicationFilterChain.internalDoFilter(ApplicationFilterChain.java:231)
		at org.apache.catalina.core.ApplicationFilterChain.doFilter(ApplicationFilterChain.java:166)
		at org.apache.tomcat.websocket.server.WsFilter.doFilter(WsFilter.java:52)
		at org.apache.catalina.core.ApplicationFilterChain.internalDoFilter(ApplicationFilterChain.java:193)
		at org.apache.catalina.core.ApplicationFilterChain.doFilter(ApplicationFilterChain.java:166)
		at org.springframework.web.filter.CharacterEncodingFilter.doFilterInternal(CharacterEncodingFilter.java:88)
		at com.kiiik.bms.filter.EncodingFilter.doFilterInternal(EncodingFilter.java:30)
		at org.springframework.web.filter.OncePerRequestFilter.doFilter(OncePerRequestFilter.java:76)
		at org.apache.catalina.core.ApplicationFilterChain.internalDoFilter(ApplicationFilterChain.java:193)
		at org.apache.catalina.core.ApplicationFilterChain.doFilter(ApplicationFilterChain.java:166)
		at org.apache.catalina.core.StandardWrapperValve.invoke(StandardWrapperValve.java:199)
		at org.apache.catalina.core.StandardContextValve.invoke(StandardContextValve.java:96)
		at org.apache.catalina.authenticator.AuthenticatorBase.invoke(AuthenticatorBase.java:543)
		at org.apache.catalina.core.StandardHostValve.invoke(StandardHostValve.java:139)
		at org.apache.catalina.valves.ErrorReportValve.invoke(ErrorReportValve.java:81)
		at org.apache.catalina.valves.AbstractAccessLogValve.invoke(AbstractAccessLogValve.java:688)
		at org.apache.catalina.core.StandardEngineValve.invoke(StandardEngineValve.java:87)
		at org.apache.catalina.connector.CoyoteAdapter.service(CoyoteAdapter.java:343)
		at org.apache.coyote.http11.Http11Processor.service(Http11Processor.java:609)
		at org.apache.coyote.AbstractProcessorLight.process(AbstractProcessorLight.java:65)
		at org.apache.coyote.AbstractProtocol$ConnectionHandler.process(AbstractProtocol.java:818)
		at org.apache.tomcat.util.net.Nio2Endpoint$SocketProcessor.doRun(Nio2Endpoint.java:1630)
		at org.apache.tomcat.util.net.SocketProcessorBase.run(SocketProcessorBase.java:49)
		at org.apache.tomcat.util.net.AbstractEndpoint.processSocket(AbstractEndpoint.java:1082)
		at org.apache.tomcat.util.net.Nio2Endpoint$Nio2SocketWrapper$2.completed(Nio2Endpoint.java:566)
		at org.apache.tomcat.util.net.Nio2Endpoint$Nio2SocketWrapper$2.completed(Nio2Endpoint.java:544)
		at sun.nio.ch.Invoker.invokeUnchecked(Invoker.java:126)
		at sun.nio.ch.Invoker$2.run(Invoker.java:218)
		at sun.nio.ch.AsynchronousChannelGroupImpl$1.run(AsynchronousChannelGroupImpl.java:112)
		at java.util.concurrent.ThreadPoolExecutor.runWorker(ThreadPoolExecutor.java:1145)
		at java.util.concurrent.ThreadPoolExecutor$Worker.run(ThreadPoolExecutor.java:615)
		at java.lang.Thread.run(Thread.java:745)
31-Mar-2020 15:19:05.342 WARNING [Thread-13] org.hibernate.util.JDBCExceptionReporter.logExceptions SQL Error: 17008, SQLState: 08003
31-Mar-2020 15:19:05.343 SEVERE [Thread-13] org.hibernate.util.JDBCExceptionReporter.logExceptions Closed Connection
31-Mar-2020 15:19:05.343 SEVERE [Thread-13] org.hibernate.transaction.JDBCTransaction.toggleAutoCommit Could not toggle autocommit
	java.sql.SQLRecoverableException: Closed Connection
		at oracle.jdbc.driver.PhysicalConnection.setAutoCommit(PhysicalConnection.java:4311)
		at org.apache.commons.dbcp.DelegatingConnection.setAutoCommit(DelegatingConnection.java:371)
		at org.apache.commons.dbcp.PoolingDataSource$PoolGuardConnectionWrapper.setAutoCommit(PoolingDataSource.java:328)
		at org.hibernate.transaction.JDBCTransaction.toggleAutoCommit(JDBCTransaction.java:224)
		at org.hibernate.transaction.JDBCTransaction.rollbackAndResetAutoCommit(JDBCTransaction.java:216)
		at org.hibernate.transaction.JDBCTransaction.rollback(JDBCTransaction.java:192)
		at org.springframework.orm.hibernate3.HibernateTransactionManager.doRollback(HibernateTransactionManager.java:676)
		at org.springframework.transaction.support.AbstractPlatformTransactionManager.processRollback(AbstractPlatformTransactionManager.java:845)
		at org.springframework.transaction.support.AbstractPlatformTransactionManager.rollback(AbstractPlatformTransactionManager.java:822)
		at org.springframework.transaction.interceptor.TransactionAspectSupport.completeTransactionAfterThrowing(TransactionAspectSupport.java:411)
		at org.springframework.transaction.interceptor.TransactionInterceptor.invoke(TransactionInterceptor.java:114)
		at org.springframework.aop.framework.ReflectiveMethodInvocation.proceed(ReflectiveMethodInvocation.java:172)
		at org.springframework.aop.framework.Cglib2AopProxy$DynamicAdvisedInterceptor.intercept(Cglib2AopProxy.java:622)
		at com.kiiik.bms.service.DepartmentService$$EnhancerByCGLIB$$9e2ba85a.listDepartmentNames(<generated>)
		at com.kiiik.bms.action.DepartmentAction.listDepartmentNames(DepartmentAction.java:49)
		at com.kiiik.bms.action.DepartmentAction$$FastClassByCGLIB$$5ffd82c.invoke(<generated>)
		at net.sf.cglib.proxy.MethodProxy.invoke(MethodProxy.java:204)
		at org.springframework.aop.framework.Cglib2AopProxy$CglibMethodInvocation.invokeJoinpoint(Cglib2AopProxy.java:689)
		at org.springframework.aop.framework.ReflectiveMethodInvocation.proceed(ReflectiveMethodInvocation.java:150)
		at org.springframework.aop.framework.adapter.MethodBeforeAdviceInterceptor.invoke(MethodBeforeAdviceInterceptor.java:50)
		at org.springframework.aop.framework.ReflectiveMethodInvocation.proceed(ReflectiveMethodInvocation.java:172)
		at org.springframework.aop.framework.adapter.MethodBeforeAdviceInterceptor.invoke(MethodBeforeAdviceInterceptor.java:50)
		at org.springframework.aop.framework.ReflectiveMethodInvocation.proceed(ReflectiveMethodInvocation.java:172)
		at org.springframework.aop.interceptor.ExposeInvocationInterceptor.invoke(ExposeInvocationInterceptor.java:90)
		at org.springframework.aop.framework.ReflectiveMethodInvocation.proceed(ReflectiveMethodInvocation.java:172)
		at org.springframework.aop.framework.Cglib2AopProxy$DynamicAdvisedInterceptor.intercept(Cglib2AopProxy.java:622)
		at com.kiiik.bms.action.DepartmentAction$$EnhancerByCGLIB$$66c4c944.listDepartmentNames(<generated>)
		at sun.reflect.GeneratedMethodAccessor66.invoke(Unknown Source)
		at sun.reflect.DelegatingMethodAccessorImpl.invoke(DelegatingMethodAccessorImpl.java:43)
		at java.lang.reflect.Method.invoke(Method.java:606)
		at org.springframework.web.method.support.InvocableHandlerMethod.invoke(InvocableHandlerMethod.java:213)
		at org.springframework.web.method.support.InvocableHandlerMethod.invokeForRequest(InvocableHandlerMethod.java:126)
		at org.springframework.web.servlet.mvc.method.annotation.ServletInvocableHandlerMethod.invokeAndHandle(ServletInvocableHandlerMethod.java:96)
		at org.springframework.web.servlet.mvc.method.annotation.RequestMappingHandlerAdapter.invokeHandlerMethod(RequestMappingHandlerAdapter.java:617)
		at org.springframework.web.servlet.mvc.method.annotation.RequestMappingHandlerAdapter.handleInternal(RequestMappingHandlerAdapter.java:578)
		at org.springframework.web.servlet.mvc.method.AbstractHandlerMethodAdapter.handle(AbstractHandlerMethodAdapter.java:80)
		at org.springframework.web.servlet.DispatcherServlet.doDispatch(DispatcherServlet.java:923)
		at org.springframework.web.servlet.DispatcherServlet.doService(DispatcherServlet.java:852)
		at org.springframework.web.servlet.FrameworkServlet.processRequest(FrameworkServlet.java:882)
		at org.springframework.web.servlet.FrameworkServlet.doPost(FrameworkServlet.java:789)
		at javax.servlet.http.HttpServlet.service(HttpServlet.java:660)
		at javax.servlet.http.HttpServlet.service(HttpServlet.java:741)
		at org.apache.catalina.core.ApplicationFilterChain.internalDoFilter(ApplicationFilterChain.java:231)
		at org.apache.catalina.core.ApplicationFilterChain.doFilter(ApplicationFilterChain.java:166)
		at org.apache.tomcat.websocket.server.WsFilter.doFilter(WsFilter.java:52)
		at org.apache.catalina.core.ApplicationFilterChain.internalDoFilter(ApplicationFilterChain.java:193)
		at org.apache.catalina.core.ApplicationFilterChain.doFilter(ApplicationFilterChain.java:166)
		at org.springframework.web.filter.CharacterEncodingFilter.doFilterInternal(CharacterEncodingFilter.java:88)
		at com.kiiik.bms.filter.EncodingFilter.doFilterInternal(EncodingFilter.java:30)
		at org.springframework.web.filter.OncePerRequestFilter.doFilter(OncePerRequestFilter.java:76)
		at org.apache.catalina.core.ApplicationFilterChain.internalDoFilter(ApplicationFilterChain.java:193)
		at org.apache.catalina.core.ApplicationFilterChain.doFilter(ApplicationFilterChain.java:166)
		at org.apache.catalina.core.StandardWrapperValve.invoke(StandardWrapperValve.java:199)
		at org.apache.catalina.core.StandardContextValve.invoke(StandardContextValve.java:96)
		at org.apache.catalina.authenticator.AuthenticatorBase.invoke(AuthenticatorBase.java:543)
		at org.apache.catalina.core.StandardHostValve.invoke(StandardHostValve.java:139)
		at org.apache.catalina.valves.ErrorReportValve.invoke(ErrorReportValve.java:81)
		at org.apache.catalina.valves.AbstractAccessLogValve.invoke(AbstractAccessLogValve.java:688)
		at org.apache.catalina.core.StandardEngineValve.invoke(StandardEngineValve.java:87)
		at org.apache.catalina.connector.CoyoteAdapter.service(CoyoteAdapter.java:343)
		at org.apache.coyote.http11.Http11Processor.service(Http11Processor.java:609)
		at org.apache.coyote.AbstractProcessorLight.process(AbstractProcessorLight.java:65)
		at org.apache.coyote.AbstractProtocol$ConnectionHandler.process(AbstractProtocol.java:818)
		at org.apache.tomcat.util.net.Nio2Endpoint$SocketProcessor.doRun(Nio2Endpoint.java:1630)
		at org.apache.tomcat.util.net.SocketProcessorBase.run(SocketProcessorBase.java:49)
		at org.apache.tomcat.util.net.AbstractEndpoint.processSocket(AbstractEndpoint.java:1082)
		at org.apache.tomcat.util.net.Nio2Endpoint$Nio2SocketWrapper$2.completed(Nio2Endpoint.java:566)
		at org.apache.tomcat.util.net.Nio2Endpoint$Nio2SocketWrapper$2.completed(Nio2Endpoint.java:544)
		at sun.nio.ch.Invoker.invokeUnchecked(Invoker.java:126)
		at sun.nio.ch.Invoker$2.run(Invoker.java:218)
		at sun.nio.ch.AsynchronousChannelGroupImpl$1.run(AsynchronousChannelGroupImpl.java:112)
		at java.util.concurrent.ThreadPoolExecutor.runWorker(ThreadPoolExecutor.java:1145)
		at java.util.concurrent.ThreadPoolExecutor$Worker.run(ThreadPoolExecutor.java:615)
		at java.lang.Thread.run(Thread.java:745)
31-Mar-2020 15:19:05.344 SEVERE [Thread-13] org.hibernate.transaction.JDBCTransaction.rollback JDBC rollback failed
	java.sql.SQLRecoverableException: Closed Connection
		at oracle.jdbc.driver.PhysicalConnection.getAutoCommit(PhysicalConnection.java:4333)
		at oracle.jdbc.driver.PhysicalConnection.rollback(PhysicalConnection.java:4503)
		at org.apache.commons.dbcp.DelegatingConnection.rollback(DelegatingConnection.java:368)
		at org.apache.commons.dbcp.PoolingDataSource$PoolGuardConnectionWrapper.rollback(PoolingDataSource.java:323)
		at org.hibernate.transaction.JDBCTransaction.rollbackAndResetAutoCommit(JDBCTransaction.java:213)
		at org.hibernate.transaction.JDBCTransaction.rollback(JDBCTransaction.java:192)
		at org.springframework.orm.hibernate3.HibernateTransactionManager.doRollback(HibernateTransactionManager.java:676)
		at org.springframework.transaction.support.AbstractPlatformTransactionManager.processRollback(AbstractPlatformTransactionManager.java:845)
		at org.springframework.transaction.support.AbstractPlatformTransactionManager.rollback(AbstractPlatformTransactionManager.java:822)
		at org.springframework.transaction.interceptor.TransactionAspectSupport.completeTransactionAfterThrowing(TransactionAspectSupport.java:411)
		at org.springframework.transaction.interceptor.TransactionInterceptor.invoke(TransactionInterceptor.java:114)
		at org.springframework.aop.framework.ReflectiveMethodInvocation.proceed(ReflectiveMethodInvocation.java:172)
		at org.springframework.aop.framework.Cglib2AopProxy$DynamicAdvisedInterceptor.intercept(Cglib2AopProxy.java:622)
		at com.kiiik.bms.service.DepartmentService$$EnhancerByCGLIB$$9e2ba85a.listDepartmentNames(<generated>)
		at com.kiiik.bms.action.DepartmentAction.listDepartmentNames(DepartmentAction.java:49)
		at com.kiiik.bms.action.DepartmentAction$$FastClassByCGLIB$$5ffd82c.invoke(<generated>)
		at net.sf.cglib.proxy.MethodProxy.invoke(MethodProxy.java:204)
		at org.springframework.aop.framework.Cglib2AopProxy$CglibMethodInvocation.invokeJoinpoint(Cglib2AopProxy.java:689)
		at org.springframework.aop.framework.ReflectiveMethodInvocation.proceed(ReflectiveMethodInvocation.java:150)
		at org.springframework.aop.framework.adapter.MethodBeforeAdviceInterceptor.invoke(MethodBeforeAdviceInterceptor.java:50)
		at org.springframework.aop.framework.ReflectiveMethodInvocation.proceed(ReflectiveMethodInvocation.java:172)
		at org.springframework.aop.framework.adapter.MethodBeforeAdviceInterceptor.invoke(MethodBeforeAdviceInterceptor.java:50)
		at org.springframework.aop.framework.ReflectiveMethodInvocation.proceed(ReflectiveMethodInvocation.java:172)
		at org.springframework.aop.interceptor.ExposeInvocationInterceptor.invoke(ExposeInvocationInterceptor.java:90)
		at org.springframework.aop.framework.ReflectiveMethodInvocation.proceed(ReflectiveMethodInvocation.java:172)
		at org.springframework.aop.framework.Cglib2AopProxy$DynamicAdvisedInterceptor.intercept(Cglib2AopProxy.java:622)
		at com.kiiik.bms.action.DepartmentAction$$EnhancerByCGLIB$$66c4c944.listDepartmentNames(<generated>)
		at sun.reflect.GeneratedMethodAccessor66.invoke(Unknown Source)
		at sun.reflect.DelegatingMethodAccessorImpl.invoke(DelegatingMethodAccessorImpl.java:43)
		at java.lang.reflect.Method.invoke(Method.java:606)
		at org.springframework.web.method.support.InvocableHandlerMethod.invoke(InvocableHandlerMethod.java:213)
		at org.springframework.web.method.support.InvocableHandlerMethod.invokeForRequest(InvocableHandlerMethod.java:126)
		at org.springframework.web.servlet.mvc.method.annotation.ServletInvocableHandlerMethod.invokeAndHandle(ServletInvocableHandlerMethod.java:96)
		at org.springframework.web.servlet.mvc.method.annotation.RequestMappingHandlerAdapter.invokeHandlerMethod(RequestMappingHandlerAdapter.java:617)
		at org.springframework.web.servlet.mvc.method.annotation.RequestMappingHandlerAdapter.handleInternal(RequestMappingHandlerAdapter.java:578)
		at org.springframework.web.servlet.mvc.method.AbstractHandlerMethodAdapter.handle(AbstractHandlerMethodAdapter.java:80)
		at org.springframework.web.servlet.DispatcherServlet.doDispatch(DispatcherServlet.java:923)
		at org.springframework.web.servlet.DispatcherServlet.doService(DispatcherServlet.java:852)
		at org.springframework.web.servlet.FrameworkServlet.processRequest(FrameworkServlet.java:882)
		at org.springframework.web.servlet.FrameworkServlet.doPost(FrameworkServlet.java:789)
		at javax.servlet.http.HttpServlet.service(HttpServlet.java:660)
		at javax.servlet.http.HttpServlet.service(HttpServlet.java:741)
		at org.apache.catalina.core.ApplicationFilterChain.internalDoFilter(ApplicationFilterChain.java:231)
		at org.apache.catalina.core.ApplicationFilterChain.doFilter(ApplicationFilterChain.java:166)
		at org.apache.tomcat.websocket.server.WsFilter.doFilter(WsFilter.java:52)
		at org.apache.catalina.core.ApplicationFilterChain.internalDoFilter(ApplicationFilterChain.java:193)
		at org.apache.catalina.core.ApplicationFilterChain.doFilter(ApplicationFilterChain.java:166)
		at org.springframework.web.filter.CharacterEncodingFilter.doFilterInternal(CharacterEncodingFilter.java:88)
		at com.kiiik.bms.filter.EncodingFilter.doFilterInternal(EncodingFilter.java:30)
		at org.springframework.web.filter.OncePerRequestFilter.doFilter(OncePerRequestFilter.java:76)
		at org.apache.catalina.core.ApplicationFilterChain.internalDoFilter(ApplicationFilterChain.java:193)
		at org.apache.catalina.core.ApplicationFilterChain.doFilter(ApplicationFilterChain.java:166)
		at org.apache.catalina.core.StandardWrapperValve.invoke(StandardWrapperValve.java:199)
		at org.apache.catalina.core.StandardContextValve.invoke(StandardContextValve.java:96)
		at org.apache.catalina.authenticator.AuthenticatorBase.invoke(AuthenticatorBase.java:543)
		at org.apache.catalina.core.StandardHostValve.invoke(StandardHostValve.java:139)
		at org.apache.catalina.valves.ErrorReportValve.invoke(ErrorReportValve.java:81)
		at org.apache.catalina.valves.AbstractAccessLogValve.invoke(AbstractAccessLogValve.java:688)
		at org.apache.catalina.core.StandardEngineValve.invoke(StandardEngineValve.java:87)
		at org.apache.catalina.connector.CoyoteAdapter.service(CoyoteAdapter.java:343)
		at org.apache.coyote.http11.Http11Processor.service(Http11Processor.java:609)
		at org.apache.coyote.AbstractProcessorLight.process(AbstractProcessorLight.java:65)
		at org.apache.coyote.AbstractProtocol$ConnectionHandler.process(AbstractProtocol.java:818)
		at org.apache.tomcat.util.net.Nio2Endpoint$SocketProcessor.doRun(Nio2Endpoint.java:1630)
		at org.apache.tomcat.util.net.SocketProcessorBase.run(SocketProcessorBase.java:49)
		at org.apache.tomcat.util.net.AbstractEndpoint.processSocket(AbstractEndpoint.java:1082)
		at org.apache.tomcat.util.net.Nio2Endpoint$Nio2SocketWrapper$2.completed(Nio2Endpoint.java:566)
		at org.apache.tomcat.util.net.Nio2Endpoint$Nio2SocketWrapper$2.completed(Nio2Endpoint.java:544)
		at sun.nio.ch.Invoker.invokeUnchecked(Invoker.java:126)
		at sun.nio.ch.Invoker$2.run(Invoker.java:218)
		at sun.nio.ch.AsynchronousChannelGroupImpl$1.run(AsynchronousChannelGroupImpl.java:112)
		at java.util.concurrent.ThreadPoolExecutor.runWorker(ThreadPoolExecutor.java:1145)
		at java.util.concurrent.ThreadPoolExecutor$Worker.run(ThreadPoolExecutor.java:615)
		at java.lang.Thread.run(Thread.java:745)
31-Mar-2020 15:19:05.345 WARNING [Thread-13] org.hibernate.util.JDBCExceptionReporter.logExceptions SQL Error: 0, SQLState: null
31-Mar-2020 15:19:05.345 SEVERE [Thread-13] org.hibernate.util.JDBCExceptionReporter.logExceptions Already closed.
31-Mar-2020 15:19:05.345 WARNING [Thread-13] org.hibernate.util.JDBCExceptionReporter.logExceptions SQL Error: 0, SQLState: null
31-Mar-2020 15:19:05.345 SEVERE [Thread-13] org.hibernate.util.JDBCExceptionReporter.logExceptions Already closed.
