30-Mar-2020 13:42:23.620 INFO [main] org.apache.catalina.core.StandardServer.await A valid shutdown command was received via the shutdown port. Stopping the Server instance.
30-Mar-2020 13:42:23.620 INFO [main] org.apache.coyote.AbstractProtocol.pause Pausing ProtocolHandler ["http-nio2-7000"]
30-Mar-2020 13:42:23.626 INFO [main] org.apache.catalina.core.StandardService.stopInternal Stopping service [Catalina]
30-Mar-2020 13:42:23.774 INFO [localhost-startStop-2] org.hibernate.impl.SessionFactoryImpl.close closing
30-Mar-2020 13:42:23.779 WARNING [localhost-startStop-2] org.apache.catalina.loader.WebappClassLoaderBase.clearReferencesJdbc The web application [ecBms] registered the JDBC driver [oracle.jdbc.OracleDriver] but failed to unregister it when the web application was stopped. To prevent a memory leak, the JDBC Driver has been forcibly unregistered.
30-Mar-2020 13:42:23.780 WARNING [localhost-startStop-2] org.apache.catalina.loader.WebappClassLoaderBase.clearReferencesThreads The web application [ecBms] appears to have started a thread named [Timer-0] but has failed to stop it. This is very likely to create a memory leak. Stack trace of thread:
 java.lang.Object.wait(Native Method)
 java.util.TimerThread.mainLoop(Timer.java:552)
 java.util.TimerThread.run(Timer.java:505)
30-Mar-2020 13:42:23.780 WARNING [localhost-startStop-2] org.apache.catalina.loader.WebappClassLoaderBase.clearReferencesThreads The web application [ecBms] appears to have started a thread named [oracle.jdbc.driver.BlockSource.ThreadedCachingBlockSource.BlockReleaser] but has failed to stop it. This is very likely to create a memory leak. Stack trace of thread:
 java.lang.Object.wait(Native Method)
 oracle.jdbc.driver.BlockSource$ThreadedCachingBlockSource$BlockReleaser.run(BlockSource.java:327)
30-Mar-2020 13:42:23.808 INFO [main] org.apache.coyote.AbstractProtocol.stop Stopping ProtocolHandler ["http-nio2-7000"]
30-Mar-2020 13:42:23.809 INFO [main] org.apache.coyote.AbstractProtocol.destroy Destroying ProtocolHandler ["http-nio2-7000"]
30-Mar-2020 13:42:28.091 INFO [main] org.apache.catalina.startup.VersionLoggerListener.log Server version name:   Apache Tomcat/8.5.51
30-Mar-2020 13:42:28.093 INFO [main] org.apache.catalina.startup.VersionLoggerListener.log Server built:          Feb 5 2020 22:26:25 UTC
30-Mar-2020 13:42:28.094 INFO [main] org.apache.catalina.startup.VersionLoggerListener.log Server version number: 8.5.51.0
30-Mar-2020 13:42:28.094 INFO [main] org.apache.catalina.startup.VersionLoggerListener.log OS Name:               Linux
30-Mar-2020 13:42:28.094 INFO [main] org.apache.catalina.startup.VersionLoggerListener.log OS Version:            2.6.32-696.el6.x86_64
30-Mar-2020 13:42:28.094 INFO [main] org.apache.catalina.startup.VersionLoggerListener.log Architecture:          amd64
30-Mar-2020 13:42:28.094 INFO [main] org.apache.catalina.startup.VersionLoggerListener.log Java Home:             /usr/java/jdk1.7.0_80/jre
30-Mar-2020 13:42:28.094 INFO [main] org.apache.catalina.startup.VersionLoggerListener.log JVM Version:           1.7.0_80-b15
30-Mar-2020 13:42:28.094 INFO [main] org.apache.catalina.startup.VersionLoggerListener.log JVM Vendor:            Oracle Corporation
30-Mar-2020 13:42:28.095 INFO [main] org.apache.catalina.startup.VersionLoggerListener.log CATALINA_BASE:         /home/trade/apache-tomcat-8.5.51
30-Mar-2020 13:42:28.095 INFO [main] org.apache.catalina.startup.VersionLoggerListener.log CATALINA_HOME:         /home/trade/apache-tomcat-8.5.51
30-Mar-2020 13:42:28.095 INFO [main] org.apache.catalina.startup.VersionLoggerListener.log Command line argument: -Djava.util.logging.config.file=/home/trade/apache-tomcat-8.5.51/conf/logging.properties
30-Mar-2020 13:42:28.095 INFO [main] org.apache.catalina.startup.VersionLoggerListener.log Command line argument: -Djava.util.logging.manager=org.apache.juli.ClassLoaderLogManager
30-Mar-2020 13:42:28.095 INFO [main] org.apache.catalina.startup.VersionLoggerListener.log Command line argument: -Djdk.tls.ephemeralDHKeySize=2048
30-Mar-2020 13:42:28.095 INFO [main] org.apache.catalina.startup.VersionLoggerListener.log Command line argument: -Djava.protocol.handler.pkgs=org.apache.catalina.webresources
30-Mar-2020 13:42:28.096 INFO [main] org.apache.catalina.startup.VersionLoggerListener.log Command line argument: -Dorg.apache.catalina.security.SecurityListener.UMASK=0027
30-Mar-2020 13:42:28.096 INFO [main] org.apache.catalina.startup.VersionLoggerListener.log Command line argument: -Xms2048m
30-Mar-2020 13:42:28.096 INFO [main] org.apache.catalina.startup.VersionLoggerListener.log Command line argument: -Xmx2048m
30-Mar-2020 13:42:28.096 INFO [main] org.apache.catalina.startup.VersionLoggerListener.log Command line argument: -XX:PermSize=512m
30-Mar-2020 13:42:28.096 INFO [main] org.apache.catalina.startup.VersionLoggerListener.log Command line argument: -XX:MaxPermSize=300m
30-Mar-2020 13:42:28.096 INFO [main] org.apache.catalina.startup.VersionLoggerListener.log Command line argument: -Dignore.endorsed.dirs=
30-Mar-2020 13:42:28.096 INFO [main] org.apache.catalina.startup.VersionLoggerListener.log Command line argument: -Dcatalina.base=/home/trade/apache-tomcat-8.5.51
30-Mar-2020 13:42:28.097 INFO [main] org.apache.catalina.startup.VersionLoggerListener.log Command line argument: -Dcatalina.home=/home/trade/apache-tomcat-8.5.51
30-Mar-2020 13:42:28.097 INFO [main] org.apache.catalina.startup.VersionLoggerListener.log Command line argument: -Djava.io.tmpdir=/home/trade/apache-tomcat-8.5.51/temp
30-Mar-2020 13:42:28.097 INFO [main] org.apache.catalina.core.AprLifecycleListener.lifecycleEvent The APR based Apache Tomcat Native library which allows optimal performance in production environments was not found on the java.library.path: [/usr/java/packages/lib/amd64:/usr/lib64:/lib64:/lib:/usr/lib]
30-Mar-2020 13:42:28.201 INFO [main] org.apache.coyote.AbstractProtocol.init Initializing ProtocolHandler ["http-nio2-7000"]
30-Mar-2020 13:42:28.207 WARNING [main] org.apache.tomcat.util.net.Nio2Endpoint.bind The NIO2 connector requires an exclusive executor to operate properly on shutdown
30-Mar-2020 13:42:28.235 INFO [main] org.apache.catalina.startup.Catalina.load Initialization processed in 549 ms
30-Mar-2020 13:42:28.257 INFO [main] org.apache.catalina.core.StandardService.startInternal Starting service [Catalina]
30-Mar-2020 13:42:28.258 INFO [main] org.apache.catalina.core.StandardEngine.startInternal Starting Servlet Engine: Apache Tomcat/8.5.51
30-Mar-2020 13:42:28.289 INFO [localhost-startStop-1] org.apache.catalina.startup.HostConfig.deployWAR Deploying web application archive [/home/trade/apache-tomcat-8.5.51/webapps/ecBms.war]
30-Mar-2020 13:42:30.459 INFO [localhost-startStop-1] org.apache.jasper.servlet.TldScanner.scanJars At least one JAR was scanned for TLDs yet contained no TLDs. Enable debug logging for this logger for a complete list of JARs that were scanned but no TLDs were found in them. Skipping unneeded JARs during scanning can improve startup time and JSP compilation time.
30-Mar-2020 13:42:32.380 INFO [localhost-startStop-1] org.hibernate.annotations.common.Version.<clinit> Hibernate Commons Annotations 3.2.0.Final
30-Mar-2020 13:42:32.384 INFO [localhost-startStop-1] org.hibernate.cfg.Environment.<clinit> Hibernate 3.6.2.Final
30-Mar-2020 13:42:32.385 INFO [localhost-startStop-1] org.hibernate.cfg.Environment.<clinit> hibernate.properties not found
30-Mar-2020 13:42:32.387 INFO [localhost-startStop-1] org.hibernate.cfg.Environment.buildBytecodeProvider Bytecode provider name : javassist
30-Mar-2020 13:42:32.389 INFO [localhost-startStop-1] org.hibernate.cfg.Environment.<clinit> using JDK 1.4 java.sql.Timestamp handling
30-Mar-2020 13:42:32.470 INFO [localhost-startStop-1] org.hibernate.cfg.AnnotationBinder.bindClass Binding entity from annotated class: com.kiiik.bms.model.auth.TbDepartment
30-Mar-2020 13:42:32.493 INFO [localhost-startStop-1] org.hibernate.cfg.annotations.EntityBinder.bindTable Bind entity com.kiiik.bms.model.auth.TbDepartment on table tb_department
30-Mar-2020 13:42:32.522 INFO [localhost-startStop-1] org.hibernate.cfg.AnnotationBinder.bindClass Binding entity from annotated class: com.kiiik.bms.model.auth.TbRole
30-Mar-2020 13:42:32.522 INFO [localhost-startStop-1] org.hibernate.cfg.annotations.EntityBinder.bindTable Bind entity com.kiiik.bms.model.auth.TbRole on table tb_role
30-Mar-2020 13:42:32.524 INFO [localhost-startStop-1] org.hibernate.cfg.AnnotationBinder.bindClass Binding entity from annotated class: com.kiiik.bms.model.auth.ro.TbRoleFunction
30-Mar-2020 13:42:32.524 INFO [localhost-startStop-1] org.hibernate.cfg.annotations.EntityBinder.bindTable Bind entity com.kiiik.bms.model.auth.ro.TbRoleFunction on table tb_role_function
30-Mar-2020 13:42:32.528 INFO [localhost-startStop-1] org.hibernate.cfg.AnnotationBinder.bindClass Binding entity from annotated class: com.kiiik.bms.model.auth.ro.TbDepartmentEmployee
30-Mar-2020 13:42:32.528 INFO [localhost-startStop-1] org.hibernate.cfg.annotations.EntityBinder.bindTable Bind entity com.kiiik.bms.model.auth.ro.TbDepartmentEmployee on table tb_department_employee
30-Mar-2020 13:42:32.531 INFO [localhost-startStop-1] org.hibernate.cfg.AnnotationBinder.bindClass Binding entity from annotated class: com.kiiik.bms.model.auth.ro.TbEmployeeRole
30-Mar-2020 13:42:32.532 INFO [localhost-startStop-1] org.hibernate.cfg.annotations.EntityBinder.bindTable Bind entity com.kiiik.bms.model.auth.ro.TbEmployeeRole on table tb_employee_role
30-Mar-2020 13:42:32.533 INFO [localhost-startStop-1] org.hibernate.cfg.AnnotationBinder.bindClass Binding entity from annotated class: com.kiiik.bms.model.auth.TbEmployee
30-Mar-2020 13:42:32.533 INFO [localhost-startStop-1] org.hibernate.cfg.annotations.EntityBinder.bindTable Bind entity com.kiiik.bms.model.auth.TbEmployee on table tb_employee
30-Mar-2020 13:42:32.539 INFO [localhost-startStop-1] org.hibernate.cfg.AnnotationBinder.bindClass Binding entity from annotated class: com.kiiik.bms.model.auth.TbFunction
30-Mar-2020 13:42:32.539 INFO [localhost-startStop-1] org.hibernate.cfg.annotations.EntityBinder.bindTable Bind entity com.kiiik.bms.model.auth.TbFunction on table tb_function
30-Mar-2020 13:42:32.541 INFO [localhost-startStop-1] org.hibernate.cfg.AnnotationBinder.bindClass Binding entity from annotated class: com.kiiik.bms.model.log.TbLog
30-Mar-2020 13:42:32.541 INFO [localhost-startStop-1] org.hibernate.cfg.annotations.EntityBinder.bindTable Bind entity com.kiiik.bms.model.log.TbLog on table tb_log
30-Mar-2020 13:42:32.544 INFO [localhost-startStop-1] org.hibernate.cfg.AnnotationBinder.bindClass Binding entity from annotated class: com.kiiik.bms.model.user.TbAdmin
30-Mar-2020 13:42:32.544 INFO [localhost-startStop-1] org.hibernate.cfg.annotations.EntityBinder.bindTable Bind entity com.kiiik.bms.model.user.TbAdmin on table tb_admin
30-Mar-2020 13:42:32.550 INFO [localhost-startStop-1] org.hibernate.cfg.Configuration.applyHibernateValidatorLegacyConstraintsOnDDL Hibernate Validator not found: ignoring
30-Mar-2020 13:42:32.555 INFO [localhost-startStop-1] org.hibernate.cfg.search.HibernateSearchEventListenerRegister.enableHibernateSearch Unable to find org.hibernate.search.event.FullTextIndexEventListener on the classpath. Hibernate Search is not enabled.
30-Mar-2020 13:42:32.571 WARNING [localhost-startStop-1] org.hibernate.mapping.RootClass.checkCompositeIdentifier composite-id class does not override equals(): com.kiiik.bms.model.auth.ro.TbRoleFunction$Id
30-Mar-2020 13:42:32.571 WARNING [localhost-startStop-1] org.hibernate.mapping.RootClass.checkCompositeIdentifier composite-id class does not override hashCode(): com.kiiik.bms.model.auth.ro.TbRoleFunction$Id
30-Mar-2020 13:42:32.573 INFO [localhost-startStop-1] org.hibernate.connection.ConnectionProviderFactory.initializeConnectionProviderFromConfig Initializing connection provider: org.springframework.orm.hibernate3.LocalDataSourceConnectionProvider
30-Mar-2020 13:42:32.819 INFO [localhost-startStop-1] org.hibernate.cfg.SettingsFactory.buildSettings Database ->
       name : Oracle
    version : Oracle Database 11g Enterprise Edition Release 11.2.0.4.0 - 64bit Production
With the Partitioning, OLAP, Data Mining and Real Application Testing options
      major : 11
      minor : 2
30-Mar-2020 13:42:32.819 INFO [localhost-startStop-1] org.hibernate.cfg.SettingsFactory.buildSettings Driver ->
       name : Oracle JDBC driver
    version : 12.1.0.1.0
      major : 12
      minor : 1
30-Mar-2020 13:42:32.835 INFO [localhost-startStop-1] org.hibernate.dialect.Dialect.<init> Using dialect: org.hibernate.dialect.OracleDialect
30-Mar-2020 13:42:32.840 WARNING [localhost-startStop-1] org.hibernate.dialect.Oracle9Dialect.<init> The Oracle9Dialect dialect has been deprecated; use either Oracle9iDialect or Oracle10gDialect instead
30-Mar-2020 13:42:32.841 WARNING [localhost-startStop-1] org.hibernate.dialect.OracleDialect.<init> The OracleDialect dialect has been deprecated; use Oracle8iDialect instead
30-Mar-2020 13:42:32.845 INFO [localhost-startStop-1] org.hibernate.transaction.TransactionFactoryFactory.buildTransactionFactory Transaction strategy: org.springframework.orm.hibernate3.SpringTransactionFactory
30-Mar-2020 13:42:32.846 INFO [localhost-startStop-1] org.hibernate.transaction.TransactionManagerLookupFactory.getTransactionManagerLookup No TransactionManagerLookup configured (in JTA environment, use of read-write or transactional second-level cache is not recommended)
30-Mar-2020 13:42:32.846 INFO [localhost-startStop-1] org.hibernate.cfg.SettingsFactory.buildSettings Automatic flush during beforeCompletion(): disabled
30-Mar-2020 13:42:32.846 INFO [localhost-startStop-1] org.hibernate.cfg.SettingsFactory.buildSettings Automatic session close at end of transaction: disabled
30-Mar-2020 13:42:32.847 INFO [localhost-startStop-1] org.hibernate.cfg.SettingsFactory.buildSettings JDBC batch size: 15
30-Mar-2020 13:42:32.847 INFO [localhost-startStop-1] org.hibernate.cfg.SettingsFactory.buildSettings JDBC batch updates for versioned data: disabled
30-Mar-2020 13:42:32.847 INFO [localhost-startStop-1] org.hibernate.cfg.SettingsFactory.buildSettings Scrollable result sets: enabled
30-Mar-2020 13:42:32.847 INFO [localhost-startStop-1] org.hibernate.cfg.SettingsFactory.buildSettings JDBC3 getGeneratedKeys(): disabled
30-Mar-2020 13:42:32.847 INFO [localhost-startStop-1] org.hibernate.cfg.SettingsFactory.buildSettings Connection release mode: after_statement
30-Mar-2020 13:42:32.848 WARNING [localhost-startStop-1] org.hibernate.cfg.SettingsFactory.buildSettings Overriding release mode as connection provider does not support 'after_statement'
30-Mar-2020 13:42:32.848 INFO [localhost-startStop-1] org.hibernate.cfg.SettingsFactory.buildSettings Default batch fetch size: 1
30-Mar-2020 13:42:32.848 INFO [localhost-startStop-1] org.hibernate.cfg.SettingsFactory.buildSettings Generate SQL with comments: enabled
30-Mar-2020 13:42:32.848 INFO [localhost-startStop-1] org.hibernate.cfg.SettingsFactory.buildSettings Order SQL updates by primary key: disabled
30-Mar-2020 13:42:32.848 INFO [localhost-startStop-1] org.hibernate.cfg.SettingsFactory.buildSettings Order SQL inserts for batching: disabled
30-Mar-2020 13:42:32.849 INFO [localhost-startStop-1] org.hibernate.cfg.SettingsFactory.createQueryTranslatorFactory Query translator: org.hibernate.hql.ast.ASTQueryTranslatorFactory
30-Mar-2020 13:42:32.850 INFO [localhost-startStop-1] org.hibernate.hql.ast.ASTQueryTranslatorFactory.<init> Using ASTQueryTranslatorFactory
30-Mar-2020 13:42:32.850 INFO [localhost-startStop-1] org.hibernate.cfg.SettingsFactory.buildSettings Query language substitutions: {}
30-Mar-2020 13:42:32.850 INFO [localhost-startStop-1] org.hibernate.cfg.SettingsFactory.buildSettings JPA-QL strict compliance: disabled
30-Mar-2020 13:42:32.850 INFO [localhost-startStop-1] org.hibernate.cfg.SettingsFactory.buildSettings Second-level cache: enabled
30-Mar-2020 13:42:32.850 INFO [localhost-startStop-1] org.hibernate.cfg.SettingsFactory.buildSettings Query cache: disabled
30-Mar-2020 13:42:32.850 INFO [localhost-startStop-1] org.hibernate.cfg.SettingsFactory.createRegionFactory Cache region factory : org.hibernate.cache.impl.NoCachingRegionFactory
30-Mar-2020 13:42:32.851 INFO [localhost-startStop-1] org.hibernate.cfg.SettingsFactory.buildSettings Optimize cache for minimal puts: disabled
30-Mar-2020 13:42:32.851 INFO [localhost-startStop-1] org.hibernate.cfg.SettingsFactory.buildSettings Structured second-level cache entries: disabled
30-Mar-2020 13:42:32.854 INFO [localhost-startStop-1] org.hibernate.cfg.SettingsFactory.buildSettings Statistics: disabled
30-Mar-2020 13:42:32.854 INFO [localhost-startStop-1] org.hibernate.cfg.SettingsFactory.buildSettings Deleted entity synthetic identifier rollback: disabled
30-Mar-2020 13:42:32.854 INFO [localhost-startStop-1] org.hibernate.cfg.SettingsFactory.buildSettings Default entity-mode: pojo
30-Mar-2020 13:42:32.855 INFO [localhost-startStop-1] org.hibernate.cfg.SettingsFactory.buildSettings Named query checking : enabled
30-Mar-2020 13:42:32.855 INFO [localhost-startStop-1] org.hibernate.cfg.SettingsFactory.buildSettings Check Nullability in Core (should be disabled when Bean Validation is on): enabled
30-Mar-2020 13:42:32.873 INFO [localhost-startStop-1] org.hibernate.impl.SessionFactoryImpl.<init> building session factory
30-Mar-2020 13:42:32.876 INFO [localhost-startStop-1] org.hibernate.type.BasicTypeRegistry.register Type registration [clob] overrides previous : org.hibernate.type.ClobType@3878fc24
30-Mar-2020 13:42:32.876 INFO [localhost-startStop-1] org.hibernate.type.BasicTypeRegistry.register Type registration [java.sql.Clob] overrides previous : org.hibernate.type.ClobType@3878fc24
30-Mar-2020 13:42:32.877 INFO [localhost-startStop-1] org.hibernate.type.BasicTypeRegistry.register Type registration [materialized_blob] overrides previous : org.hibernate.type.MaterializedBlobType@ef1bc73
30-Mar-2020 13:42:32.877 INFO [localhost-startStop-1] org.hibernate.type.BasicTypeRegistry.register Type registration [blob] overrides previous : org.hibernate.type.BlobType@208b29af
30-Mar-2020 13:42:32.877 INFO [localhost-startStop-1] org.hibernate.type.BasicTypeRegistry.register Type registration [java.sql.Blob] overrides previous : org.hibernate.type.BlobType@208b29af
30-Mar-2020 13:42:32.877 INFO [localhost-startStop-1] org.hibernate.type.BasicTypeRegistry.register Type registration [characters_clob] overrides previous : org.hibernate.type.PrimitiveCharacterArrayClobType@105db0da
30-Mar-2020 13:42:32.877 INFO [localhost-startStop-1] org.hibernate.type.BasicTypeRegistry.register Type registration [wrapper_characters_clob] overrides previous : org.hibernate.type.CharacterArrayClobType@7705c09a
30-Mar-2020 13:42:32.877 INFO [localhost-startStop-1] org.hibernate.type.BasicTypeRegistry.register Type registration [materialized_clob] overrides previous : org.hibernate.type.MaterializedClobType@1aa7fb82
30-Mar-2020 13:42:32.877 INFO [localhost-startStop-1] org.hibernate.type.BasicTypeRegistry.register Type registration [wrapper_materialized_blob] overrides previous : org.hibernate.type.WrappedMaterializedBlobType@a71217a
30-Mar-2020 13:42:33.034 INFO [localhost-startStop-1] org.hibernate.impl.SessionFactoryObjectFactory.addInstance Not binding factory to JNDI, no JNDI name configured
30-Mar-2020 13:42:35.058 INFO [localhost-startStop-1] org.apache.catalina.startup.HostConfig.deployWAR Deployment of web application archive [/home/trade/apache-tomcat-8.5.51/webapps/ecBms.war] has finished in [6,769] ms
30-Mar-2020 13:42:35.064 INFO [localhost-startStop-1] org.apache.catalina.startup.HostConfig.deployDirectory Deploying web application directory [/home/trade/apache-tomcat-8.5.51/webapps/host-manager]
30-Mar-2020 13:42:35.105 INFO [localhost-startStop-1] org.apache.catalina.startup.HostConfig.deployDirectory Deployment of web application directory [/home/trade/apache-tomcat-8.5.51/webapps/host-manager] has finished in [41] ms
30-Mar-2020 13:42:35.109 INFO [localhost-startStop-1] org.apache.catalina.startup.HostConfig.deployDirectory Deploying web application directory [/home/trade/apache-tomcat-8.5.51/webapps/ROOT]
30-Mar-2020 13:42:35.149 INFO [localhost-startStop-1] org.apache.catalina.startup.HostConfig.deployDirectory Deployment of web application directory [/home/trade/apache-tomcat-8.5.51/webapps/ROOT] has finished in [40] ms
30-Mar-2020 13:42:35.149 INFO [localhost-startStop-1] org.apache.catalina.startup.HostConfig.deployDirectory Deploying web application directory [/home/trade/apache-tomcat-8.5.51/webapps/manager]
30-Mar-2020 13:42:35.184 INFO [localhost-startStop-1] org.apache.catalina.startup.HostConfig.deployDirectory Deployment of web application directory [/home/trade/apache-tomcat-8.5.51/webapps/manager] has finished in [35] ms
30-Mar-2020 13:42:35.184 INFO [localhost-startStop-1] org.apache.catalina.startup.HostConfig.deployDirectory Deploying web application directory [/home/trade/apache-tomcat-8.5.51/webapps/404]
30-Mar-2020 13:42:35.211 INFO [localhost-startStop-1] org.apache.catalina.startup.HostConfig.deployDirectory Deployment of web application directory [/home/trade/apache-tomcat-8.5.51/webapps/404] has finished in [27] ms
30-Mar-2020 13:42:35.457 INFO [main] org.apache.coyote.AbstractProtocol.start Starting ProtocolHandler ["http-nio2-7000"]
30-Mar-2020 13:42:35.459 INFO [main] org.apache.catalina.startup.Catalina.start Server startup in 7223 ms
30-Mar-2020 16:37:46.177 WARNING [Thread-16] org.hibernate.jdbc.AbstractBatcher.closeQueryStatement exception clearing maxRows/queryTimeout
	java.sql.SQLRecoverableException: Closed Connection
		at oracle.jdbc.driver.OracleStatement.ensureOpen(OracleStatement.java:4296)
		at oracle.jdbc.driver.OracleStatement.getMaxRows(OracleStatement.java:3109)
		at oracle.jdbc.driver.OracleStatementWrapper.getMaxRows(OracleStatementWrapper.java:164)
		at org.apache.commons.dbcp.DelegatingStatement.getMaxRows(DelegatingStatement.java:237)
		at org.apache.commons.dbcp.DelegatingStatement.getMaxRows(DelegatingStatement.java:237)
		at org.hibernate.jdbc.AbstractBatcher.closeQueryStatement(AbstractBatcher.java:298)
		at org.hibernate.jdbc.AbstractBatcher.closeQueryStatement(AbstractBatcher.java:234)
		at org.hibernate.loader.Loader.getResultSet(Loader.java:1967)
		at org.hibernate.loader.Loader.doQuery(Loader.java:802)
		at org.hibernate.loader.Loader.doQueryAndInitializeNonLazyCollections(Loader.java:274)
		at org.hibernate.loader.Loader.doList(Loader.java:2533)
		at org.hibernate.loader.Loader.listIgnoreQueryCache(Loader.java:2276)
		at org.hibernate.loader.Loader.list(Loader.java:2271)
		at org.hibernate.loader.hql.QueryLoader.list(QueryLoader.java:452)
		at org.hibernate.hql.ast.QueryTranslatorImpl.list(QueryTranslatorImpl.java:363)
		at org.hibernate.engine.query.HQLQueryPlan.performList(HQLQueryPlan.java:196)
		at org.hibernate.impl.SessionImpl.list(SessionImpl.java:1268)
		at org.hibernate.impl.QueryImpl.list(QueryImpl.java:102)
		at com.kiiik.bms.dao.BaseDao.find(BaseDao.java:127)
		at com.kiiik.bms.service.DepartmentService.listDepartmentNames(DepartmentService.java:204)
		at com.kiiik.bms.service.DepartmentService$$FastClassByCGLIB$$7be59816.invoke(<generated>)
		at net.sf.cglib.proxy.MethodProxy.invoke(MethodProxy.java:204)
		at org.springframework.aop.framework.Cglib2AopProxy$CglibMethodInvocation.invokeJoinpoint(Cglib2AopProxy.java:689)
		at org.springframework.aop.framework.ReflectiveMethodInvocation.proceed(ReflectiveMethodInvocation.java:150)
		at org.springframework.transaction.interceptor.TransactionInterceptor.invoke(TransactionInterceptor.java:110)
		at org.springframework.aop.framework.ReflectiveMethodInvocation.proceed(ReflectiveMethodInvocation.java:172)
		at org.springframework.aop.framework.Cglib2AopProxy$DynamicAdvisedInterceptor.intercept(Cglib2AopProxy.java:622)
		at com.kiiik.bms.service.DepartmentService$$EnhancerByCGLIB$$9e2ba85a.listDepartmentNames(<generated>)
		at com.kiiik.bms.action.DepartmentAction.listDepartmentNames(DepartmentAction.java:49)
		at com.kiiik.bms.action.DepartmentAction$$FastClassByCGLIB$$5ffd82c.invoke(<generated>)
		at net.sf.cglib.proxy.MethodProxy.invoke(MethodProxy.java:204)
		at org.springframework.aop.framework.Cglib2AopProxy$CglibMethodInvocation.invokeJoinpoint(Cglib2AopProxy.java:689)
		at org.springframework.aop.framework.ReflectiveMethodInvocation.proceed(ReflectiveMethodInvocation.java:150)
		at org.springframework.aop.framework.adapter.MethodBeforeAdviceInterceptor.invoke(MethodBeforeAdviceInterceptor.java:50)
		at org.springframework.aop.framework.ReflectiveMethodInvocation.proceed(ReflectiveMethodInvocation.java:172)
		at org.springframework.aop.framework.adapter.MethodBeforeAdviceInterceptor.invoke(MethodBeforeAdviceInterceptor.java:50)
		at org.springframework.aop.framework.ReflectiveMethodInvocation.proceed(ReflectiveMethodInvocation.java:172)
		at org.springframework.aop.interceptor.ExposeInvocationInterceptor.invoke(ExposeInvocationInterceptor.java:90)
		at org.springframework.aop.framework.ReflectiveMethodInvocation.proceed(ReflectiveMethodInvocation.java:172)
		at org.springframework.aop.framework.Cglib2AopProxy$DynamicAdvisedInterceptor.intercept(Cglib2AopProxy.java:622)
		at com.kiiik.bms.action.DepartmentAction$$EnhancerByCGLIB$$66c4c944.listDepartmentNames(<generated>)
		at sun.reflect.NativeMethodAccessorImpl.invoke0(Native Method)
		at sun.reflect.NativeMethodAccessorImpl.invoke(NativeMethodAccessorImpl.java:57)
		at sun.reflect.DelegatingMethodAccessorImpl.invoke(DelegatingMethodAccessorImpl.java:43)
		at java.lang.reflect.Method.invoke(Method.java:606)
		at org.springframework.web.method.support.InvocableHandlerMethod.invoke(InvocableHandlerMethod.java:213)
		at org.springframework.web.method.support.InvocableHandlerMethod.invokeForRequest(InvocableHandlerMethod.java:126)
		at org.springframework.web.servlet.mvc.method.annotation.ServletInvocableHandlerMethod.invokeAndHandle(ServletInvocableHandlerMethod.java:96)
		at org.springframework.web.servlet.mvc.method.annotation.RequestMappingHandlerAdapter.invokeHandlerMethod(RequestMappingHandlerAdapter.java:617)
		at org.springframework.web.servlet.mvc.method.annotation.RequestMappingHandlerAdapter.handleInternal(RequestMappingHandlerAdapter.java:578)
		at org.springframework.web.servlet.mvc.method.AbstractHandlerMethodAdapter.handle(AbstractHandlerMethodAdapter.java:80)
		at org.springframework.web.servlet.DispatcherServlet.doDispatch(DispatcherServlet.java:923)
		at org.springframework.web.servlet.DispatcherServlet.doService(DispatcherServlet.java:852)
		at org.springframework.web.servlet.FrameworkServlet.processRequest(FrameworkServlet.java:882)
		at org.springframework.web.servlet.FrameworkServlet.doPost(FrameworkServlet.java:789)
		at javax.servlet.http.HttpServlet.service(HttpServlet.java:660)
		at javax.servlet.http.HttpServlet.service(HttpServlet.java:741)
		at org.apache.catalina.core.ApplicationFilterChain.internalDoFilter(ApplicationFilterChain.java:231)
		at org.apache.catalina.core.ApplicationFilterChain.doFilter(ApplicationFilterChain.java:166)
		at org.apache.tomcat.websocket.server.WsFilter.doFilter(WsFilter.java:52)
		at org.apache.catalina.core.ApplicationFilterChain.internalDoFilter(ApplicationFilterChain.java:193)
		at org.apache.catalina.core.ApplicationFilterChain.doFilter(ApplicationFilterChain.java:166)
		at org.springframework.web.filter.CharacterEncodingFilter.doFilterInternal(CharacterEncodingFilter.java:88)
		at com.kiiik.bms.filter.EncodingFilter.doFilterInternal(EncodingFilter.java:30)
		at org.springframework.web.filter.OncePerRequestFilter.doFilter(OncePerRequestFilter.java:76)
		at org.apache.catalina.core.ApplicationFilterChain.internalDoFilter(ApplicationFilterChain.java:193)
		at org.apache.catalina.core.ApplicationFilterChain.doFilter(ApplicationFilterChain.java:166)
		at org.apache.catalina.core.StandardWrapperValve.invoke(StandardWrapperValve.java:199)
		at org.apache.catalina.core.StandardContextValve.invoke(StandardContextValve.java:96)
		at org.apache.catalina.authenticator.AuthenticatorBase.invoke(AuthenticatorBase.java:543)
		at org.apache.catalina.core.StandardHostValve.invoke(StandardHostValve.java:139)
		at org.apache.catalina.valves.ErrorReportValve.invoke(ErrorReportValve.java:81)
		at org.apache.catalina.valves.AbstractAccessLogValve.invoke(AbstractAccessLogValve.java:688)
		at org.apache.catalina.core.StandardEngineValve.invoke(StandardEngineValve.java:87)
		at org.apache.catalina.connector.CoyoteAdapter.service(CoyoteAdapter.java:343)
		at org.apache.coyote.http11.Http11Processor.service(Http11Processor.java:609)
		at org.apache.coyote.AbstractProcessorLight.process(AbstractProcessorLight.java:65)
		at org.apache.coyote.AbstractProtocol$ConnectionHandler.process(AbstractProtocol.java:818)
		at org.apache.tomcat.util.net.Nio2Endpoint$SocketProcessor.doRun(Nio2Endpoint.java:1630)
		at org.apache.tomcat.util.net.SocketProcessorBase.run(SocketProcessorBase.java:49)
		at org.apache.tomcat.util.net.AbstractEndpoint.processSocket(AbstractEndpoint.java:1082)
		at org.apache.tomcat.util.net.Nio2Endpoint$Nio2SocketWrapper$2.completed(Nio2Endpoint.java:566)
		at org.apache.tomcat.util.net.Nio2Endpoint$Nio2SocketWrapper$2.completed(Nio2Endpoint.java:544)
		at sun.nio.ch.Invoker.invokeUnchecked(Invoker.java:126)
		at sun.nio.ch.Invoker$2.run(Invoker.java:218)
		at sun.nio.ch.AsynchronousChannelGroupImpl$1.run(AsynchronousChannelGroupImpl.java:112)
		at java.util.concurrent.ThreadPoolExecutor.runWorker(ThreadPoolExecutor.java:1145)
		at java.util.concurrent.ThreadPoolExecutor$Worker.run(ThreadPoolExecutor.java:615)
		at java.lang.Thread.run(Thread.java:745)
30-Mar-2020 16:37:46.180 WARNING [Thread-16] org.hibernate.util.JDBCExceptionReporter.logExceptions SQL Error: 17008, SQLState: 08003
30-Mar-2020 16:37:46.180 SEVERE [Thread-16] org.hibernate.util.JDBCExceptionReporter.logExceptions Closed Connection
30-Mar-2020 16:37:46.182 SEVERE [Thread-16] org.hibernate.transaction.JDBCTransaction.toggleAutoCommit Could not toggle autocommit
	java.sql.SQLRecoverableException: Closed Connection
		at oracle.jdbc.driver.PhysicalConnection.setAutoCommit(PhysicalConnection.java:4311)
		at org.apache.commons.dbcp.DelegatingConnection.setAutoCommit(DelegatingConnection.java:371)
		at org.apache.commons.dbcp.PoolingDataSource$PoolGuardConnectionWrapper.setAutoCommit(PoolingDataSource.java:328)
		at org.hibernate.transaction.JDBCTransaction.toggleAutoCommit(JDBCTransaction.java:224)
		at org.hibernate.transaction.JDBCTransaction.rollbackAndResetAutoCommit(JDBCTransaction.java:216)
		at org.hibernate.transaction.JDBCTransaction.rollback(JDBCTransaction.java:192)
		at org.springframework.orm.hibernate3.HibernateTransactionManager.doRollback(HibernateTransactionManager.java:676)
		at org.springframework.transaction.support.AbstractPlatformTransactionManager.processRollback(AbstractPlatformTransactionManager.java:845)
		at org.springframework.transaction.support.AbstractPlatformTransactionManager.rollback(AbstractPlatformTransactionManager.java:822)
		at org.springframework.transaction.interceptor.TransactionAspectSupport.completeTransactionAfterThrowing(TransactionAspectSupport.java:411)
		at org.springframework.transaction.interceptor.TransactionInterceptor.invoke(TransactionInterceptor.java:114)
		at org.springframework.aop.framework.ReflectiveMethodInvocation.proceed(ReflectiveMethodInvocation.java:172)
		at org.springframework.aop.framework.Cglib2AopProxy$DynamicAdvisedInterceptor.intercept(Cglib2AopProxy.java:622)
		at com.kiiik.bms.service.DepartmentService$$EnhancerByCGLIB$$9e2ba85a.listDepartmentNames(<generated>)
		at com.kiiik.bms.action.DepartmentAction.listDepartmentNames(DepartmentAction.java:49)
		at com.kiiik.bms.action.DepartmentAction$$FastClassByCGLIB$$5ffd82c.invoke(<generated>)
		at net.sf.cglib.proxy.MethodProxy.invoke(MethodProxy.java:204)
		at org.springframework.aop.framework.Cglib2AopProxy$CglibMethodInvocation.invokeJoinpoint(Cglib2AopProxy.java:689)
		at org.springframework.aop.framework.ReflectiveMethodInvocation.proceed(ReflectiveMethodInvocation.java:150)
		at org.springframework.aop.framework.adapter.MethodBeforeAdviceInterceptor.invoke(MethodBeforeAdviceInterceptor.java:50)
		at org.springframework.aop.framework.ReflectiveMethodInvocation.proceed(ReflectiveMethodInvocation.java:172)
		at org.springframework.aop.framework.adapter.MethodBeforeAdviceInterceptor.invoke(MethodBeforeAdviceInterceptor.java:50)
		at org.springframework.aop.framework.ReflectiveMethodInvocation.proceed(ReflectiveMethodInvocation.java:172)
		at org.springframework.aop.interceptor.ExposeInvocationInterceptor.invoke(ExposeInvocationInterceptor.java:90)
		at org.springframework.aop.framework.ReflectiveMethodInvocation.proceed(ReflectiveMethodInvocation.java:172)
		at org.springframework.aop.framework.Cglib2AopProxy$DynamicAdvisedInterceptor.intercept(Cglib2AopProxy.java:622)
		at com.kiiik.bms.action.DepartmentAction$$EnhancerByCGLIB$$66c4c944.listDepartmentNames(<generated>)
		at sun.reflect.NativeMethodAccessorImpl.invoke0(Native Method)
		at sun.reflect.NativeMethodAccessorImpl.invoke(NativeMethodAccessorImpl.java:57)
		at sun.reflect.DelegatingMethodAccessorImpl.invoke(DelegatingMethodAccessorImpl.java:43)
		at java.lang.reflect.Method.invoke(Method.java:606)
		at org.springframework.web.method.support.InvocableHandlerMethod.invoke(InvocableHandlerMethod.java:213)
		at org.springframework.web.method.support.InvocableHandlerMethod.invokeForRequest(InvocableHandlerMethod.java:126)
		at org.springframework.web.servlet.mvc.method.annotation.ServletInvocableHandlerMethod.invokeAndHandle(ServletInvocableHandlerMethod.java:96)
		at org.springframework.web.servlet.mvc.method.annotation.RequestMappingHandlerAdapter.invokeHandlerMethod(RequestMappingHandlerAdapter.java:617)
		at org.springframework.web.servlet.mvc.method.annotation.RequestMappingHandlerAdapter.handleInternal(RequestMappingHandlerAdapter.java:578)
		at org.springframework.web.servlet.mvc.method.AbstractHandlerMethodAdapter.handle(AbstractHandlerMethodAdapter.java:80)
		at org.springframework.web.servlet.DispatcherServlet.doDispatch(DispatcherServlet.java:923)
		at org.springframework.web.servlet.DispatcherServlet.doService(DispatcherServlet.java:852)
		at org.springframework.web.servlet.FrameworkServlet.processRequest(FrameworkServlet.java:882)
		at org.springframework.web.servlet.FrameworkServlet.doPost(FrameworkServlet.java:789)
		at javax.servlet.http.HttpServlet.service(HttpServlet.java:660)
		at javax.servlet.http.HttpServlet.service(HttpServlet.java:741)
		at org.apache.catalina.core.ApplicationFilterChain.internalDoFilter(ApplicationFilterChain.java:231)
		at org.apache.catalina.core.ApplicationFilterChain.doFilter(ApplicationFilterChain.java:166)
		at org.apache.tomcat.websocket.server.WsFilter.doFilter(WsFilter.java:52)
		at org.apache.catalina.core.ApplicationFilterChain.internalDoFilter(ApplicationFilterChain.java:193)
		at org.apache.catalina.core.ApplicationFilterChain.doFilter(ApplicationFilterChain.java:166)
		at org.springframework.web.filter.CharacterEncodingFilter.doFilterInternal(CharacterEncodingFilter.java:88)
		at com.kiiik.bms.filter.EncodingFilter.doFilterInternal(EncodingFilter.java:30)
		at org.springframework.web.filter.OncePerRequestFilter.doFilter(OncePerRequestFilter.java:76)
		at org.apache.catalina.core.ApplicationFilterChain.internalDoFilter(ApplicationFilterChain.java:193)
		at org.apache.catalina.core.ApplicationFilterChain.doFilter(ApplicationFilterChain.java:166)
		at org.apache.catalina.core.StandardWrapperValve.invoke(StandardWrapperValve.java:199)
		at org.apache.catalina.core.StandardContextValve.invoke(StandardContextValve.java:96)
		at org.apache.catalina.authenticator.AuthenticatorBase.invoke(AuthenticatorBase.java:543)
		at org.apache.catalina.core.StandardHostValve.invoke(StandardHostValve.java:139)
		at org.apache.catalina.valves.ErrorReportValve.invoke(ErrorReportValve.java:81)
		at org.apache.catalina.valves.AbstractAccessLogValve.invoke(AbstractAccessLogValve.java:688)
		at org.apache.catalina.core.StandardEngineValve.invoke(StandardEngineValve.java:87)
		at org.apache.catalina.connector.CoyoteAdapter.service(CoyoteAdapter.java:343)
		at org.apache.coyote.http11.Http11Processor.service(Http11Processor.java:609)
		at org.apache.coyote.AbstractProcessorLight.process(AbstractProcessorLight.java:65)
		at org.apache.coyote.AbstractProtocol$ConnectionHandler.process(AbstractProtocol.java:818)
		at org.apache.tomcat.util.net.Nio2Endpoint$SocketProcessor.doRun(Nio2Endpoint.java:1630)
		at org.apache.tomcat.util.net.SocketProcessorBase.run(SocketProcessorBase.java:49)
		at org.apache.tomcat.util.net.AbstractEndpoint.processSocket(AbstractEndpoint.java:1082)
		at org.apache.tomcat.util.net.Nio2Endpoint$Nio2SocketWrapper$2.completed(Nio2Endpoint.java:566)
		at org.apache.tomcat.util.net.Nio2Endpoint$Nio2SocketWrapper$2.completed(Nio2Endpoint.java:544)
		at sun.nio.ch.Invoker.invokeUnchecked(Invoker.java:126)
		at sun.nio.ch.Invoker$2.run(Invoker.java:218)
		at sun.nio.ch.AsynchronousChannelGroupImpl$1.run(AsynchronousChannelGroupImpl.java:112)
		at java.util.concurrent.ThreadPoolExecutor.runWorker(ThreadPoolExecutor.java:1145)
		at java.util.concurrent.ThreadPoolExecutor$Worker.run(ThreadPoolExecutor.java:615)
		at java.lang.Thread.run(Thread.java:745)
30-Mar-2020 16:37:46.183 SEVERE [Thread-16] org.hibernate.transaction.JDBCTransaction.rollback JDBC rollback failed
	java.sql.SQLRecoverableException: Closed Connection
		at oracle.jdbc.driver.PhysicalConnection.getAutoCommit(PhysicalConnection.java:4333)
		at oracle.jdbc.driver.PhysicalConnection.rollback(PhysicalConnection.java:4503)
		at org.apache.commons.dbcp.DelegatingConnection.rollback(DelegatingConnection.java:368)
		at org.apache.commons.dbcp.PoolingDataSource$PoolGuardConnectionWrapper.rollback(PoolingDataSource.java:323)
		at org.hibernate.transaction.JDBCTransaction.rollbackAndResetAutoCommit(JDBCTransaction.java:213)
		at org.hibernate.transaction.JDBCTransaction.rollback(JDBCTransaction.java:192)
		at org.springframework.orm.hibernate3.HibernateTransactionManager.doRollback(HibernateTransactionManager.java:676)
		at org.springframework.transaction.support.AbstractPlatformTransactionManager.processRollback(AbstractPlatformTransactionManager.java:845)
		at org.springframework.transaction.support.AbstractPlatformTransactionManager.rollback(AbstractPlatformTransactionManager.java:822)
		at org.springframework.transaction.interceptor.TransactionAspectSupport.completeTransactionAfterThrowing(TransactionAspectSupport.java:411)
		at org.springframework.transaction.interceptor.TransactionInterceptor.invoke(TransactionInterceptor.java:114)
		at org.springframework.aop.framework.ReflectiveMethodInvocation.proceed(ReflectiveMethodInvocation.java:172)
		at org.springframework.aop.framework.Cglib2AopProxy$DynamicAdvisedInterceptor.intercept(Cglib2AopProxy.java:622)
		at com.kiiik.bms.service.DepartmentService$$EnhancerByCGLIB$$9e2ba85a.listDepartmentNames(<generated>)
		at com.kiiik.bms.action.DepartmentAction.listDepartmentNames(DepartmentAction.java:49)
		at com.kiiik.bms.action.DepartmentAction$$FastClassByCGLIB$$5ffd82c.invoke(<generated>)
		at net.sf.cglib.proxy.MethodProxy.invoke(MethodProxy.java:204)
		at org.springframework.aop.framework.Cglib2AopProxy$CglibMethodInvocation.invokeJoinpoint(Cglib2AopProxy.java:689)
		at org.springframework.aop.framework.ReflectiveMethodInvocation.proceed(ReflectiveMethodInvocation.java:150)
		at org.springframework.aop.framework.adapter.MethodBeforeAdviceInterceptor.invoke(MethodBeforeAdviceInterceptor.java:50)
		at org.springframework.aop.framework.ReflectiveMethodInvocation.proceed(ReflectiveMethodInvocation.java:172)
		at org.springframework.aop.framework.adapter.MethodBeforeAdviceInterceptor.invoke(MethodBeforeAdviceInterceptor.java:50)
		at org.springframework.aop.framework.ReflectiveMethodInvocation.proceed(ReflectiveMethodInvocation.java:172)
		at org.springframework.aop.interceptor.ExposeInvocationInterceptor.invoke(ExposeInvocationInterceptor.java:90)
		at org.springframework.aop.framework.ReflectiveMethodInvocation.proceed(ReflectiveMethodInvocation.java:172)
		at org.springframework.aop.framework.Cglib2AopProxy$DynamicAdvisedInterceptor.intercept(Cglib2AopProxy.java:622)
		at com.kiiik.bms.action.DepartmentAction$$EnhancerByCGLIB$$66c4c944.listDepartmentNames(<generated>)
		at sun.reflect.NativeMethodAccessorImpl.invoke0(Native Method)
		at sun.reflect.NativeMethodAccessorImpl.invoke(NativeMethodAccessorImpl.java:57)
		at sun.reflect.DelegatingMethodAccessorImpl.invoke(DelegatingMethodAccessorImpl.java:43)
		at java.lang.reflect.Method.invoke(Method.java:606)
		at org.springframework.web.method.support.InvocableHandlerMethod.invoke(InvocableHandlerMethod.java:213)
		at org.springframework.web.method.support.InvocableHandlerMethod.invokeForRequest(InvocableHandlerMethod.java:126)
		at org.springframework.web.servlet.mvc.method.annotation.ServletInvocableHandlerMethod.invokeAndHandle(ServletInvocableHandlerMethod.java:96)
		at org.springframework.web.servlet.mvc.method.annotation.RequestMappingHandlerAdapter.invokeHandlerMethod(RequestMappingHandlerAdapter.java:617)
		at org.springframework.web.servlet.mvc.method.annotation.RequestMappingHandlerAdapter.handleInternal(RequestMappingHandlerAdapter.java:578)
		at org.springframework.web.servlet.mvc.method.AbstractHandlerMethodAdapter.handle(AbstractHandlerMethodAdapter.java:80)
		at org.springframework.web.servlet.DispatcherServlet.doDispatch(DispatcherServlet.java:923)
		at org.springframework.web.servlet.DispatcherServlet.doService(DispatcherServlet.java:852)
		at org.springframework.web.servlet.FrameworkServlet.processRequest(FrameworkServlet.java:882)
		at org.springframework.web.servlet.FrameworkServlet.doPost(FrameworkServlet.java:789)
		at javax.servlet.http.HttpServlet.service(HttpServlet.java:660)
		at javax.servlet.http.HttpServlet.service(HttpServlet.java:741)
		at org.apache.catalina.core.ApplicationFilterChain.internalDoFilter(ApplicationFilterChain.java:231)
		at org.apache.catalina.core.ApplicationFilterChain.doFilter(ApplicationFilterChain.java:166)
		at org.apache.tomcat.websocket.server.WsFilter.doFilter(WsFilter.java:52)
		at org.apache.catalina.core.ApplicationFilterChain.internalDoFilter(ApplicationFilterChain.java:193)
		at org.apache.catalina.core.ApplicationFilterChain.doFilter(ApplicationFilterChain.java:166)
		at org.springframework.web.filter.CharacterEncodingFilter.doFilterInternal(CharacterEncodingFilter.java:88)
		at com.kiiik.bms.filter.EncodingFilter.doFilterInternal(EncodingFilter.java:30)
		at org.springframework.web.filter.OncePerRequestFilter.doFilter(OncePerRequestFilter.java:76)
		at org.apache.catalina.core.ApplicationFilterChain.internalDoFilter(ApplicationFilterChain.java:193)
		at org.apache.catalina.core.ApplicationFilterChain.doFilter(ApplicationFilterChain.java:166)
		at org.apache.catalina.core.StandardWrapperValve.invoke(StandardWrapperValve.java:199)
		at org.apache.catalina.core.StandardContextValve.invoke(StandardContextValve.java:96)
		at org.apache.catalina.authenticator.AuthenticatorBase.invoke(AuthenticatorBase.java:543)
		at org.apache.catalina.core.StandardHostValve.invoke(StandardHostValve.java:139)
		at org.apache.catalina.valves.ErrorReportValve.invoke(ErrorReportValve.java:81)
		at org.apache.catalina.valves.AbstractAccessLogValve.invoke(AbstractAccessLogValve.java:688)
		at org.apache.catalina.core.StandardEngineValve.invoke(StandardEngineValve.java:87)
		at org.apache.catalina.connector.CoyoteAdapter.service(CoyoteAdapter.java:343)
		at org.apache.coyote.http11.Http11Processor.service(Http11Processor.java:609)
		at org.apache.coyote.AbstractProcessorLight.process(AbstractProcessorLight.java:65)
		at org.apache.coyote.AbstractProtocol$ConnectionHandler.process(AbstractProtocol.java:818)
		at org.apache.tomcat.util.net.Nio2Endpoint$SocketProcessor.doRun(Nio2Endpoint.java:1630)
		at org.apache.tomcat.util.net.SocketProcessorBase.run(SocketProcessorBase.java:49)
		at org.apache.tomcat.util.net.AbstractEndpoint.processSocket(AbstractEndpoint.java:1082)
		at org.apache.tomcat.util.net.Nio2Endpoint$Nio2SocketWrapper$2.completed(Nio2Endpoint.java:566)
		at org.apache.tomcat.util.net.Nio2Endpoint$Nio2SocketWrapper$2.completed(Nio2Endpoint.java:544)
		at sun.nio.ch.Invoker.invokeUnchecked(Invoker.java:126)
		at sun.nio.ch.Invoker$2.run(Invoker.java:218)
		at sun.nio.ch.AsynchronousChannelGroupImpl$1.run(AsynchronousChannelGroupImpl.java:112)
		at java.util.concurrent.ThreadPoolExecutor.runWorker(ThreadPoolExecutor.java:1145)
		at java.util.concurrent.ThreadPoolExecutor$Worker.run(ThreadPoolExecutor.java:615)
		at java.lang.Thread.run(Thread.java:745)
30-Mar-2020 16:37:46.184 WARNING [Thread-16] org.hibernate.util.JDBCExceptionReporter.logExceptions SQL Error: 0, SQLState: null
30-Mar-2020 16:37:46.184 SEVERE [Thread-16] org.hibernate.util.JDBCExceptionReporter.logExceptions Already closed.
30-Mar-2020 16:37:46.184 WARNING [Thread-16] org.hibernate.util.JDBCExceptionReporter.logExceptions SQL Error: 0, SQLState: null
30-Mar-2020 16:37:46.184 SEVERE [Thread-16] org.hibernate.util.JDBCExceptionReporter.logExceptions Already closed.
30-Mar-2020 16:58:38.228 WARNING [Thread-16] org.hibernate.jdbc.AbstractBatcher.closeQueryStatement exception clearing maxRows/queryTimeout
	java.sql.SQLRecoverableException: Closed Connection
		at oracle.jdbc.driver.OracleStatement.ensureOpen(OracleStatement.java:4296)
		at oracle.jdbc.driver.OracleStatement.getMaxRows(OracleStatement.java:3109)
		at oracle.jdbc.driver.OracleStatementWrapper.getMaxRows(OracleStatementWrapper.java:164)
		at org.apache.commons.dbcp.DelegatingStatement.getMaxRows(DelegatingStatement.java:237)
		at org.apache.commons.dbcp.DelegatingStatement.getMaxRows(DelegatingStatement.java:237)
		at org.hibernate.jdbc.AbstractBatcher.closeQueryStatement(AbstractBatcher.java:298)
		at org.hibernate.jdbc.AbstractBatcher.closeQueryStatement(AbstractBatcher.java:234)
		at org.hibernate.loader.Loader.getResultSet(Loader.java:1967)
		at org.hibernate.loader.Loader.doQuery(Loader.java:802)
		at org.hibernate.loader.Loader.doQueryAndInitializeNonLazyCollections(Loader.java:274)
		at org.hibernate.loader.Loader.doList(Loader.java:2533)
		at org.hibernate.loader.Loader.listIgnoreQueryCache(Loader.java:2276)
		at org.hibernate.loader.Loader.list(Loader.java:2271)
		at org.hibernate.loader.hql.QueryLoader.list(QueryLoader.java:452)
		at org.hibernate.hql.ast.QueryTranslatorImpl.list(QueryTranslatorImpl.java:363)
		at org.hibernate.engine.query.HQLQueryPlan.performList(HQLQueryPlan.java:196)
		at org.hibernate.impl.SessionImpl.list(SessionImpl.java:1268)
		at org.hibernate.impl.QueryImpl.list(QueryImpl.java:102)
		at com.kiiik.bms.dao.BaseDao.find(BaseDao.java:127)
		at com.kiiik.bms.service.DepartmentService.listDepartmentNames(DepartmentService.java:204)
		at com.kiiik.bms.service.DepartmentService$$FastClassByCGLIB$$7be59816.invoke(<generated>)
		at net.sf.cglib.proxy.MethodProxy.invoke(MethodProxy.java:204)
		at org.springframework.aop.framework.Cglib2AopProxy$CglibMethodInvocation.invokeJoinpoint(Cglib2AopProxy.java:689)
		at org.springframework.aop.framework.ReflectiveMethodInvocation.proceed(ReflectiveMethodInvocation.java:150)
		at org.springframework.transaction.interceptor.TransactionInterceptor.invoke(TransactionInterceptor.java:110)
		at org.springframework.aop.framework.ReflectiveMethodInvocation.proceed(ReflectiveMethodInvocation.java:172)
		at org.springframework.aop.framework.Cglib2AopProxy$DynamicAdvisedInterceptor.intercept(Cglib2AopProxy.java:622)
		at com.kiiik.bms.service.DepartmentService$$EnhancerByCGLIB$$9e2ba85a.listDepartmentNames(<generated>)
		at com.kiiik.bms.action.DepartmentAction.listDepartmentNames(DepartmentAction.java:49)
		at com.kiiik.bms.action.DepartmentAction$$FastClassByCGLIB$$5ffd82c.invoke(<generated>)
		at net.sf.cglib.proxy.MethodProxy.invoke(MethodProxy.java:204)
		at org.springframework.aop.framework.Cglib2AopProxy$CglibMethodInvocation.invokeJoinpoint(Cglib2AopProxy.java:689)
		at org.springframework.aop.framework.ReflectiveMethodInvocation.proceed(ReflectiveMethodInvocation.java:150)
		at org.springframework.aop.framework.adapter.MethodBeforeAdviceInterceptor.invoke(MethodBeforeAdviceInterceptor.java:50)
		at org.springframework.aop.framework.ReflectiveMethodInvocation.proceed(ReflectiveMethodInvocation.java:172)
		at org.springframework.aop.framework.adapter.MethodBeforeAdviceInterceptor.invoke(MethodBeforeAdviceInterceptor.java:50)
		at org.springframework.aop.framework.ReflectiveMethodInvocation.proceed(ReflectiveMethodInvocation.java:172)
		at org.springframework.aop.interceptor.ExposeInvocationInterceptor.invoke(ExposeInvocationInterceptor.java:90)
		at org.springframework.aop.framework.ReflectiveMethodInvocation.proceed(ReflectiveMethodInvocation.java:172)
		at org.springframework.aop.framework.Cglib2AopProxy$DynamicAdvisedInterceptor.intercept(Cglib2AopProxy.java:622)
		at com.kiiik.bms.action.DepartmentAction$$EnhancerByCGLIB$$66c4c944.listDepartmentNames(<generated>)
		at sun.reflect.GeneratedMethodAccessor66.invoke(Unknown Source)
		at sun.reflect.DelegatingMethodAccessorImpl.invoke(DelegatingMethodAccessorImpl.java:43)
		at java.lang.reflect.Method.invoke(Method.java:606)
		at org.springframework.web.method.support.InvocableHandlerMethod.invoke(InvocableHandlerMethod.java:213)
		at org.springframework.web.method.support.InvocableHandlerMethod.invokeForRequest(InvocableHandlerMethod.java:126)
		at org.springframework.web.servlet.mvc.method.annotation.ServletInvocableHandlerMethod.invokeAndHandle(ServletInvocableHandlerMethod.java:96)
		at org.springframework.web.servlet.mvc.method.annotation.RequestMappingHandlerAdapter.invokeHandlerMethod(RequestMappingHandlerAdapter.java:617)
		at org.springframework.web.servlet.mvc.method.annotation.RequestMappingHandlerAdapter.handleInternal(RequestMappingHandlerAdapter.java:578)
		at org.springframework.web.servlet.mvc.method.AbstractHandlerMethodAdapter.handle(AbstractHandlerMethodAdapter.java:80)
		at org.springframework.web.servlet.DispatcherServlet.doDispatch(DispatcherServlet.java:923)
		at org.springframework.web.servlet.DispatcherServlet.doService(DispatcherServlet.java:852)
		at org.springframework.web.servlet.FrameworkServlet.processRequest(FrameworkServlet.java:882)
		at org.springframework.web.servlet.FrameworkServlet.doPost(FrameworkServlet.java:789)
		at javax.servlet.http.HttpServlet.service(HttpServlet.java:660)
		at javax.servlet.http.HttpServlet.service(HttpServlet.java:741)
		at org.apache.catalina.core.ApplicationFilterChain.internalDoFilter(ApplicationFilterChain.java:231)
		at org.apache.catalina.core.ApplicationFilterChain.doFilter(ApplicationFilterChain.java:166)
		at org.apache.tomcat.websocket.server.WsFilter.doFilter(WsFilter.java:52)
		at org.apache.catalina.core.ApplicationFilterChain.internalDoFilter(ApplicationFilterChain.java:193)
		at org.apache.catalina.core.ApplicationFilterChain.doFilter(ApplicationFilterChain.java:166)
		at org.springframework.web.filter.CharacterEncodingFilter.doFilterInternal(CharacterEncodingFilter.java:88)
		at com.kiiik.bms.filter.EncodingFilter.doFilterInternal(EncodingFilter.java:30)
		at org.springframework.web.filter.OncePerRequestFilter.doFilter(OncePerRequestFilter.java:76)
		at org.apache.catalina.core.ApplicationFilterChain.internalDoFilter(ApplicationFilterChain.java:193)
		at org.apache.catalina.core.ApplicationFilterChain.doFilter(ApplicationFilterChain.java:166)
		at org.apache.catalina.core.StandardWrapperValve.invoke(StandardWrapperValve.java:199)
		at org.apache.catalina.core.StandardContextValve.invoke(StandardContextValve.java:96)
		at org.apache.catalina.authenticator.AuthenticatorBase.invoke(AuthenticatorBase.java:543)
		at org.apache.catalina.core.StandardHostValve.invoke(StandardHostValve.java:139)
		at org.apache.catalina.valves.ErrorReportValve.invoke(ErrorReportValve.java:81)
		at org.apache.catalina.valves.AbstractAccessLogValve.invoke(AbstractAccessLogValve.java:688)
		at org.apache.catalina.core.StandardEngineValve.invoke(StandardEngineValve.java:87)
		at org.apache.catalina.connector.CoyoteAdapter.service(CoyoteAdapter.java:343)
		at org.apache.coyote.http11.Http11Processor.service(Http11Processor.java:609)
		at org.apache.coyote.AbstractProcessorLight.process(AbstractProcessorLight.java:65)
		at org.apache.coyote.AbstractProtocol$ConnectionHandler.process(AbstractProtocol.java:818)
		at org.apache.tomcat.util.net.Nio2Endpoint$SocketProcessor.doRun(Nio2Endpoint.java:1630)
		at org.apache.tomcat.util.net.SocketProcessorBase.run(SocketProcessorBase.java:49)
		at org.apache.tomcat.util.net.AbstractEndpoint.processSocket(AbstractEndpoint.java:1082)
		at org.apache.tomcat.util.net.Nio2Endpoint$Nio2SocketWrapper$2.completed(Nio2Endpoint.java:566)
		at org.apache.tomcat.util.net.Nio2Endpoint$Nio2SocketWrapper$2.completed(Nio2Endpoint.java:544)
		at sun.nio.ch.Invoker.invokeUnchecked(Invoker.java:126)
		at sun.nio.ch.Invoker$2.run(Invoker.java:218)
		at sun.nio.ch.AsynchronousChannelGroupImpl$1.run(AsynchronousChannelGroupImpl.java:112)
		at java.util.concurrent.ThreadPoolExecutor.runWorker(ThreadPoolExecutor.java:1145)
		at java.util.concurrent.ThreadPoolExecutor$Worker.run(ThreadPoolExecutor.java:615)
		at java.lang.Thread.run(Thread.java:745)
30-Mar-2020 16:58:38.229 WARNING [Thread-16] org.hibernate.util.JDBCExceptionReporter.logExceptions SQL Error: 17008, SQLState: 08003
30-Mar-2020 16:58:38.230 SEVERE [Thread-16] org.hibernate.util.JDBCExceptionReporter.logExceptions Closed Connection
30-Mar-2020 16:58:38.230 SEVERE [Thread-16] org.hibernate.transaction.JDBCTransaction.toggleAutoCommit Could not toggle autocommit
	java.sql.SQLRecoverableException: Closed Connection
		at oracle.jdbc.driver.PhysicalConnection.setAutoCommit(PhysicalConnection.java:4311)
		at org.apache.commons.dbcp.DelegatingConnection.setAutoCommit(DelegatingConnection.java:371)
		at org.apache.commons.dbcp.PoolingDataSource$PoolGuardConnectionWrapper.setAutoCommit(PoolingDataSource.java:328)
		at org.hibernate.transaction.JDBCTransaction.toggleAutoCommit(JDBCTransaction.java:224)
		at org.hibernate.transaction.JDBCTransaction.rollbackAndResetAutoCommit(JDBCTransaction.java:216)
		at org.hibernate.transaction.JDBCTransaction.rollback(JDBCTransaction.java:192)
		at org.springframework.orm.hibernate3.HibernateTransactionManager.doRollback(HibernateTransactionManager.java:676)
		at org.springframework.transaction.support.AbstractPlatformTransactionManager.processRollback(AbstractPlatformTransactionManager.java:845)
		at org.springframework.transaction.support.AbstractPlatformTransactionManager.rollback(AbstractPlatformTransactionManager.java:822)
		at org.springframework.transaction.interceptor.TransactionAspectSupport.completeTransactionAfterThrowing(TransactionAspectSupport.java:411)
		at org.springframework.transaction.interceptor.TransactionInterceptor.invoke(TransactionInterceptor.java:114)
		at org.springframework.aop.framework.ReflectiveMethodInvocation.proceed(ReflectiveMethodInvocation.java:172)
		at org.springframework.aop.framework.Cglib2AopProxy$DynamicAdvisedInterceptor.intercept(Cglib2AopProxy.java:622)
		at com.kiiik.bms.service.DepartmentService$$EnhancerByCGLIB$$9e2ba85a.listDepartmentNames(<generated>)
		at com.kiiik.bms.action.DepartmentAction.listDepartmentNames(DepartmentAction.java:49)
		at com.kiiik.bms.action.DepartmentAction$$FastClassByCGLIB$$5ffd82c.invoke(<generated>)
		at net.sf.cglib.proxy.MethodProxy.invoke(MethodProxy.java:204)
		at org.springframework.aop.framework.Cglib2AopProxy$CglibMethodInvocation.invokeJoinpoint(Cglib2AopProxy.java:689)
		at org.springframework.aop.framework.ReflectiveMethodInvocation.proceed(ReflectiveMethodInvocation.java:150)
		at org.springframework.aop.framework.adapter.MethodBeforeAdviceInterceptor.invoke(MethodBeforeAdviceInterceptor.java:50)
		at org.springframework.aop.framework.ReflectiveMethodInvocation.proceed(ReflectiveMethodInvocation.java:172)
		at org.springframework.aop.framework.adapter.MethodBeforeAdviceInterceptor.invoke(MethodBeforeAdviceInterceptor.java:50)
		at org.springframework.aop.framework.ReflectiveMethodInvocation.proceed(ReflectiveMethodInvocation.java:172)
		at org.springframework.aop.interceptor.ExposeInvocationInterceptor.invoke(ExposeInvocationInterceptor.java:90)
		at org.springframework.aop.framework.ReflectiveMethodInvocation.proceed(ReflectiveMethodInvocation.java:172)
		at org.springframework.aop.framework.Cglib2AopProxy$DynamicAdvisedInterceptor.intercept(Cglib2AopProxy.java:622)
		at com.kiiik.bms.action.DepartmentAction$$EnhancerByCGLIB$$66c4c944.listDepartmentNames(<generated>)
		at sun.reflect.GeneratedMethodAccessor66.invoke(Unknown Source)
		at sun.reflect.DelegatingMethodAccessorImpl.invoke(DelegatingMethodAccessorImpl.java:43)
		at java.lang.reflect.Method.invoke(Method.java:606)
		at org.springframework.web.method.support.InvocableHandlerMethod.invoke(InvocableHandlerMethod.java:213)
		at org.springframework.web.method.support.InvocableHandlerMethod.invokeForRequest(InvocableHandlerMethod.java:126)
		at org.springframework.web.servlet.mvc.method.annotation.ServletInvocableHandlerMethod.invokeAndHandle(ServletInvocableHandlerMethod.java:96)
		at org.springframework.web.servlet.mvc.method.annotation.RequestMappingHandlerAdapter.invokeHandlerMethod(RequestMappingHandlerAdapter.java:617)
		at org.springframework.web.servlet.mvc.method.annotation.RequestMappingHandlerAdapter.handleInternal(RequestMappingHandlerAdapter.java:578)
		at org.springframework.web.servlet.mvc.method.AbstractHandlerMethodAdapter.handle(AbstractHandlerMethodAdapter.java:80)
		at org.springframework.web.servlet.DispatcherServlet.doDispatch(DispatcherServlet.java:923)
		at org.springframework.web.servlet.DispatcherServlet.doService(DispatcherServlet.java:852)
		at org.springframework.web.servlet.FrameworkServlet.processRequest(FrameworkServlet.java:882)
		at org.springframework.web.servlet.FrameworkServlet.doPost(FrameworkServlet.java:789)
		at javax.servlet.http.HttpServlet.service(HttpServlet.java:660)
		at javax.servlet.http.HttpServlet.service(HttpServlet.java:741)
		at org.apache.catalina.core.ApplicationFilterChain.internalDoFilter(ApplicationFilterChain.java:231)
		at org.apache.catalina.core.ApplicationFilterChain.doFilter(ApplicationFilterChain.java:166)
		at org.apache.tomcat.websocket.server.WsFilter.doFilter(WsFilter.java:52)
		at org.apache.catalina.core.ApplicationFilterChain.internalDoFilter(ApplicationFilterChain.java:193)
		at org.apache.catalina.core.ApplicationFilterChain.doFilter(ApplicationFilterChain.java:166)
		at org.springframework.web.filter.CharacterEncodingFilter.doFilterInternal(CharacterEncodingFilter.java:88)
		at com.kiiik.bms.filter.EncodingFilter.doFilterInternal(EncodingFilter.java:30)
		at org.springframework.web.filter.OncePerRequestFilter.doFilter(OncePerRequestFilter.java:76)
		at org.apache.catalina.core.ApplicationFilterChain.internalDoFilter(ApplicationFilterChain.java:193)
		at org.apache.catalina.core.ApplicationFilterChain.doFilter(ApplicationFilterChain.java:166)
		at org.apache.catalina.core.StandardWrapperValve.invoke(StandardWrapperValve.java:199)
		at org.apache.catalina.core.StandardContextValve.invoke(StandardContextValve.java:96)
		at org.apache.catalina.authenticator.AuthenticatorBase.invoke(AuthenticatorBase.java:543)
		at org.apache.catalina.core.StandardHostValve.invoke(StandardHostValve.java:139)
		at org.apache.catalina.valves.ErrorReportValve.invoke(ErrorReportValve.java:81)
		at org.apache.catalina.valves.AbstractAccessLogValve.invoke(AbstractAccessLogValve.java:688)
		at org.apache.catalina.core.StandardEngineValve.invoke(StandardEngineValve.java:87)
		at org.apache.catalina.connector.CoyoteAdapter.service(CoyoteAdapter.java:343)
		at org.apache.coyote.http11.Http11Processor.service(Http11Processor.java:609)
		at org.apache.coyote.AbstractProcessorLight.process(AbstractProcessorLight.java:65)
		at org.apache.coyote.AbstractProtocol$ConnectionHandler.process(AbstractProtocol.java:818)
		at org.apache.tomcat.util.net.Nio2Endpoint$SocketProcessor.doRun(Nio2Endpoint.java:1630)
		at org.apache.tomcat.util.net.SocketProcessorBase.run(SocketProcessorBase.java:49)
		at org.apache.tomcat.util.net.AbstractEndpoint.processSocket(AbstractEndpoint.java:1082)
		at org.apache.tomcat.util.net.Nio2Endpoint$Nio2SocketWrapper$2.completed(Nio2Endpoint.java:566)
		at org.apache.tomcat.util.net.Nio2Endpoint$Nio2SocketWrapper$2.completed(Nio2Endpoint.java:544)
		at sun.nio.ch.Invoker.invokeUnchecked(Invoker.java:126)
		at sun.nio.ch.Invoker$2.run(Invoker.java:218)
		at sun.nio.ch.AsynchronousChannelGroupImpl$1.run(AsynchronousChannelGroupImpl.java:112)
		at java.util.concurrent.ThreadPoolExecutor.runWorker(ThreadPoolExecutor.java:1145)
		at java.util.concurrent.ThreadPoolExecutor$Worker.run(ThreadPoolExecutor.java:615)
		at java.lang.Thread.run(Thread.java:745)
30-Mar-2020 16:58:38.230 SEVERE [Thread-16] org.hibernate.transaction.JDBCTransaction.rollback JDBC rollback failed
	java.sql.SQLRecoverableException: Closed Connection
		at oracle.jdbc.driver.PhysicalConnection.getAutoCommit(PhysicalConnection.java:4333)
		at oracle.jdbc.driver.PhysicalConnection.rollback(PhysicalConnection.java:4503)
		at org.apache.commons.dbcp.DelegatingConnection.rollback(DelegatingConnection.java:368)
		at org.apache.commons.dbcp.PoolingDataSource$PoolGuardConnectionWrapper.rollback(PoolingDataSource.java:323)
		at org.hibernate.transaction.JDBCTransaction.rollbackAndResetAutoCommit(JDBCTransaction.java:213)
		at org.hibernate.transaction.JDBCTransaction.rollback(JDBCTransaction.java:192)
		at org.springframework.orm.hibernate3.HibernateTransactionManager.doRollback(HibernateTransactionManager.java:676)
		at org.springframework.transaction.support.AbstractPlatformTransactionManager.processRollback(AbstractPlatformTransactionManager.java:845)
		at org.springframework.transaction.support.AbstractPlatformTransactionManager.rollback(AbstractPlatformTransactionManager.java:822)
		at org.springframework.transaction.interceptor.TransactionAspectSupport.completeTransactionAfterThrowing(TransactionAspectSupport.java:411)
		at org.springframework.transaction.interceptor.TransactionInterceptor.invoke(TransactionInterceptor.java:114)
		at org.springframework.aop.framework.ReflectiveMethodInvocation.proceed(ReflectiveMethodInvocation.java:172)
		at org.springframework.aop.framework.Cglib2AopProxy$DynamicAdvisedInterceptor.intercept(Cglib2AopProxy.java:622)
		at com.kiiik.bms.service.DepartmentService$$EnhancerByCGLIB$$9e2ba85a.listDepartmentNames(<generated>)
		at com.kiiik.bms.action.DepartmentAction.listDepartmentNames(DepartmentAction.java:49)
		at com.kiiik.bms.action.DepartmentAction$$FastClassByCGLIB$$5ffd82c.invoke(<generated>)
		at net.sf.cglib.proxy.MethodProxy.invoke(MethodProxy.java:204)
		at org.springframework.aop.framework.Cglib2AopProxy$CglibMethodInvocation.invokeJoinpoint(Cglib2AopProxy.java:689)
		at org.springframework.aop.framework.ReflectiveMethodInvocation.proceed(ReflectiveMethodInvocation.java:150)
		at org.springframework.aop.framework.adapter.MethodBeforeAdviceInterceptor.invoke(MethodBeforeAdviceInterceptor.java:50)
		at org.springframework.aop.framework.ReflectiveMethodInvocation.proceed(ReflectiveMethodInvocation.java:172)
		at org.springframework.aop.framework.adapter.MethodBeforeAdviceInterceptor.invoke(MethodBeforeAdviceInterceptor.java:50)
		at org.springframework.aop.framework.ReflectiveMethodInvocation.proceed(ReflectiveMethodInvocation.java:172)
		at org.springframework.aop.interceptor.ExposeInvocationInterceptor.invoke(ExposeInvocationInterceptor.java:90)
		at org.springframework.aop.framework.ReflectiveMethodInvocation.proceed(ReflectiveMethodInvocation.java:172)
		at org.springframework.aop.framework.Cglib2AopProxy$DynamicAdvisedInterceptor.intercept(Cglib2AopProxy.java:622)
		at com.kiiik.bms.action.DepartmentAction$$EnhancerByCGLIB$$66c4c944.listDepartmentNames(<generated>)
		at sun.reflect.GeneratedMethodAccessor66.invoke(Unknown Source)
		at sun.reflect.DelegatingMethodAccessorImpl.invoke(DelegatingMethodAccessorImpl.java:43)
		at java.lang.reflect.Method.invoke(Method.java:606)
		at org.springframework.web.method.support.InvocableHandlerMethod.invoke(InvocableHandlerMethod.java:213)
		at org.springframework.web.method.support.InvocableHandlerMethod.invokeForRequest(InvocableHandlerMethod.java:126)
		at org.springframework.web.servlet.mvc.method.annotation.ServletInvocableHandlerMethod.invokeAndHandle(ServletInvocableHandlerMethod.java:96)
		at org.springframework.web.servlet.mvc.method.annotation.RequestMappingHandlerAdapter.invokeHandlerMethod(RequestMappingHandlerAdapter.java:617)
		at org.springframework.web.servlet.mvc.method.annotation.RequestMappingHandlerAdapter.handleInternal(RequestMappingHandlerAdapter.java:578)
		at org.springframework.web.servlet.mvc.method.AbstractHandlerMethodAdapter.handle(AbstractHandlerMethodAdapter.java:80)
		at org.springframework.web.servlet.DispatcherServlet.doDispatch(DispatcherServlet.java:923)
		at org.springframework.web.servlet.DispatcherServlet.doService(DispatcherServlet.java:852)
		at org.springframework.web.servlet.FrameworkServlet.processRequest(FrameworkServlet.java:882)
		at org.springframework.web.servlet.FrameworkServlet.doPost(FrameworkServlet.java:789)
		at javax.servlet.http.HttpServlet.service(HttpServlet.java:660)
		at javax.servlet.http.HttpServlet.service(HttpServlet.java:741)
		at org.apache.catalina.core.ApplicationFilterChain.internalDoFilter(ApplicationFilterChain.java:231)
		at org.apache.catalina.core.ApplicationFilterChain.doFilter(ApplicationFilterChain.java:166)
		at org.apache.tomcat.websocket.server.WsFilter.doFilter(WsFilter.java:52)
		at org.apache.catalina.core.ApplicationFilterChain.internalDoFilter(ApplicationFilterChain.java:193)
		at org.apache.catalina.core.ApplicationFilterChain.doFilter(ApplicationFilterChain.java:166)
		at org.springframework.web.filter.CharacterEncodingFilter.doFilterInternal(CharacterEncodingFilter.java:88)
		at com.kiiik.bms.filter.EncodingFilter.doFilterInternal(EncodingFilter.java:30)
		at org.springframework.web.filter.OncePerRequestFilter.doFilter(OncePerRequestFilter.java:76)
		at org.apache.catalina.core.ApplicationFilterChain.internalDoFilter(ApplicationFilterChain.java:193)
		at org.apache.catalina.core.ApplicationFilterChain.doFilter(ApplicationFilterChain.java:166)
		at org.apache.catalina.core.StandardWrapperValve.invoke(StandardWrapperValve.java:199)
		at org.apache.catalina.core.StandardContextValve.invoke(StandardContextValve.java:96)
		at org.apache.catalina.authenticator.AuthenticatorBase.invoke(AuthenticatorBase.java:543)
		at org.apache.catalina.core.StandardHostValve.invoke(StandardHostValve.java:139)
		at org.apache.catalina.valves.ErrorReportValve.invoke(ErrorReportValve.java:81)
		at org.apache.catalina.valves.AbstractAccessLogValve.invoke(AbstractAccessLogValve.java:688)
		at org.apache.catalina.core.StandardEngineValve.invoke(StandardEngineValve.java:87)
		at org.apache.catalina.connector.CoyoteAdapter.service(CoyoteAdapter.java:343)
		at org.apache.coyote.http11.Http11Processor.service(Http11Processor.java:609)
		at org.apache.coyote.AbstractProcessorLight.process(AbstractProcessorLight.java:65)
		at org.apache.coyote.AbstractProtocol$ConnectionHandler.process(AbstractProtocol.java:818)
		at org.apache.tomcat.util.net.Nio2Endpoint$SocketProcessor.doRun(Nio2Endpoint.java:1630)
		at org.apache.tomcat.util.net.SocketProcessorBase.run(SocketProcessorBase.java:49)
		at org.apache.tomcat.util.net.AbstractEndpoint.processSocket(AbstractEndpoint.java:1082)
		at org.apache.tomcat.util.net.Nio2Endpoint$Nio2SocketWrapper$2.completed(Nio2Endpoint.java:566)
		at org.apache.tomcat.util.net.Nio2Endpoint$Nio2SocketWrapper$2.completed(Nio2Endpoint.java:544)
		at sun.nio.ch.Invoker.invokeUnchecked(Invoker.java:126)
		at sun.nio.ch.Invoker$2.run(Invoker.java:218)
		at sun.nio.ch.AsynchronousChannelGroupImpl$1.run(AsynchronousChannelGroupImpl.java:112)
		at java.util.concurrent.ThreadPoolExecutor.runWorker(ThreadPoolExecutor.java:1145)
		at java.util.concurrent.ThreadPoolExecutor$Worker.run(ThreadPoolExecutor.java:615)
		at java.lang.Thread.run(Thread.java:745)
30-Mar-2020 16:58:38.231 WARNING [Thread-16] org.hibernate.util.JDBCExceptionReporter.logExceptions SQL Error: 0, SQLState: null
30-Mar-2020 16:58:38.231 SEVERE [Thread-16] org.hibernate.util.JDBCExceptionReporter.logExceptions Already closed.
30-Mar-2020 16:58:38.231 WARNING [Thread-16] org.hibernate.util.JDBCExceptionReporter.logExceptions SQL Error: 0, SQLState: null
30-Mar-2020 16:58:38.231 SEVERE [Thread-16] org.hibernate.util.JDBCExceptionReporter.logExceptions Already closed.
30-Mar-2020 16:58:42.666 WARNING [Thread-13] org.hibernate.jdbc.AbstractBatcher.closeQueryStatement exception clearing maxRows/queryTimeout
	java.sql.SQLRecoverableException: Closed Connection
		at oracle.jdbc.driver.OracleStatement.ensureOpen(OracleStatement.java:4296)
		at oracle.jdbc.driver.OracleStatement.getMaxRows(OracleStatement.java:3109)
		at oracle.jdbc.driver.OracleStatementWrapper.getMaxRows(OracleStatementWrapper.java:164)
		at org.apache.commons.dbcp.DelegatingStatement.getMaxRows(DelegatingStatement.java:237)
		at org.apache.commons.dbcp.DelegatingStatement.getMaxRows(DelegatingStatement.java:237)
		at org.hibernate.jdbc.AbstractBatcher.closeQueryStatement(AbstractBatcher.java:298)
		at org.hibernate.jdbc.AbstractBatcher.closeQueryStatement(AbstractBatcher.java:234)
		at org.hibernate.loader.Loader.getResultSet(Loader.java:1967)
		at org.hibernate.loader.Loader.doQuery(Loader.java:802)
		at org.hibernate.loader.Loader.doQueryAndInitializeNonLazyCollections(Loader.java:274)
		at org.hibernate.loader.Loader.doList(Loader.java:2533)
		at org.hibernate.loader.Loader.listIgnoreQueryCache(Loader.java:2276)
		at org.hibernate.loader.Loader.list(Loader.java:2271)
		at org.hibernate.loader.hql.QueryLoader.list(QueryLoader.java:452)
		at org.hibernate.hql.ast.QueryTranslatorImpl.list(QueryTranslatorImpl.java:363)
		at org.hibernate.engine.query.HQLQueryPlan.performList(HQLQueryPlan.java:196)
		at org.hibernate.impl.SessionImpl.list(SessionImpl.java:1268)
		at org.hibernate.impl.QueryImpl.list(QueryImpl.java:102)
		at com.kiiik.bms.dao.BaseDao.find(BaseDao.java:127)
		at com.kiiik.bms.service.DepartmentService.listDepartmentNames(DepartmentService.java:204)
		at com.kiiik.bms.service.DepartmentService$$FastClassByCGLIB$$7be59816.invoke(<generated>)
		at net.sf.cglib.proxy.MethodProxy.invoke(MethodProxy.java:204)
		at org.springframework.aop.framework.Cglib2AopProxy$CglibMethodInvocation.invokeJoinpoint(Cglib2AopProxy.java:689)
		at org.springframework.aop.framework.ReflectiveMethodInvocation.proceed(ReflectiveMethodInvocation.java:150)
		at org.springframework.transaction.interceptor.TransactionInterceptor.invoke(TransactionInterceptor.java:110)
		at org.springframework.aop.framework.ReflectiveMethodInvocation.proceed(ReflectiveMethodInvocation.java:172)
		at org.springframework.aop.framework.Cglib2AopProxy$DynamicAdvisedInterceptor.intercept(Cglib2AopProxy.java:622)
		at com.kiiik.bms.service.DepartmentService$$EnhancerByCGLIB$$9e2ba85a.listDepartmentNames(<generated>)
		at com.kiiik.bms.action.DepartmentAction.listDepartmentNames(DepartmentAction.java:49)
		at com.kiiik.bms.action.DepartmentAction$$FastClassByCGLIB$$5ffd82c.invoke(<generated>)
		at net.sf.cglib.proxy.MethodProxy.invoke(MethodProxy.java:204)
		at org.springframework.aop.framework.Cglib2AopProxy$CglibMethodInvocation.invokeJoinpoint(Cglib2AopProxy.java:689)
		at org.springframework.aop.framework.ReflectiveMethodInvocation.proceed(ReflectiveMethodInvocation.java:150)
		at org.springframework.aop.framework.adapter.MethodBeforeAdviceInterceptor.invoke(MethodBeforeAdviceInterceptor.java:50)
		at org.springframework.aop.framework.ReflectiveMethodInvocation.proceed(ReflectiveMethodInvocation.java:172)
		at org.springframework.aop.framework.adapter.MethodBeforeAdviceInterceptor.invoke(MethodBeforeAdviceInterceptor.java:50)
		at org.springframework.aop.framework.ReflectiveMethodInvocation.proceed(ReflectiveMethodInvocation.java:172)
		at org.springframework.aop.interceptor.ExposeInvocationInterceptor.invoke(ExposeInvocationInterceptor.java:90)
		at org.springframework.aop.framework.ReflectiveMethodInvocation.proceed(ReflectiveMethodInvocation.java:172)
		at org.springframework.aop.framework.Cglib2AopProxy$DynamicAdvisedInterceptor.intercept(Cglib2AopProxy.java:622)
		at com.kiiik.bms.action.DepartmentAction$$EnhancerByCGLIB$$66c4c944.listDepartmentNames(<generated>)
		at sun.reflect.GeneratedMethodAccessor66.invoke(Unknown Source)
		at sun.reflect.DelegatingMethodAccessorImpl.invoke(DelegatingMethodAccessorImpl.java:43)
		at java.lang.reflect.Method.invoke(Method.java:606)
		at org.springframework.web.method.support.InvocableHandlerMethod.invoke(InvocableHandlerMethod.java:213)
		at org.springframework.web.method.support.InvocableHandlerMethod.invokeForRequest(InvocableHandlerMethod.java:126)
		at org.springframework.web.servlet.mvc.method.annotation.ServletInvocableHandlerMethod.invokeAndHandle(ServletInvocableHandlerMethod.java:96)
		at org.springframework.web.servlet.mvc.method.annotation.RequestMappingHandlerAdapter.invokeHandlerMethod(RequestMappingHandlerAdapter.java:617)
		at org.springframework.web.servlet.mvc.method.annotation.RequestMappingHandlerAdapter.handleInternal(RequestMappingHandlerAdapter.java:578)
		at org.springframework.web.servlet.mvc.method.AbstractHandlerMethodAdapter.handle(AbstractHandlerMethodAdapter.java:80)
		at org.springframework.web.servlet.DispatcherServlet.doDispatch(DispatcherServlet.java:923)
		at org.springframework.web.servlet.DispatcherServlet.doService(DispatcherServlet.java:852)
		at org.springframework.web.servlet.FrameworkServlet.processRequest(FrameworkServlet.java:882)
		at org.springframework.web.servlet.FrameworkServlet.doPost(FrameworkServlet.java:789)
		at javax.servlet.http.HttpServlet.service(HttpServlet.java:660)
		at javax.servlet.http.HttpServlet.service(HttpServlet.java:741)
		at org.apache.catalina.core.ApplicationFilterChain.internalDoFilter(ApplicationFilterChain.java:231)
		at org.apache.catalina.core.ApplicationFilterChain.doFilter(ApplicationFilterChain.java:166)
		at org.apache.tomcat.websocket.server.WsFilter.doFilter(WsFilter.java:52)
		at org.apache.catalina.core.ApplicationFilterChain.internalDoFilter(ApplicationFilterChain.java:193)
		at org.apache.catalina.core.ApplicationFilterChain.doFilter(ApplicationFilterChain.java:166)
		at org.springframework.web.filter.CharacterEncodingFilter.doFilterInternal(CharacterEncodingFilter.java:88)
		at com.kiiik.bms.filter.EncodingFilter.doFilterInternal(EncodingFilter.java:30)
		at org.springframework.web.filter.OncePerRequestFilter.doFilter(OncePerRequestFilter.java:76)
		at org.apache.catalina.core.ApplicationFilterChain.internalDoFilter(ApplicationFilterChain.java:193)
		at org.apache.catalina.core.ApplicationFilterChain.doFilter(ApplicationFilterChain.java:166)
		at org.apache.catalina.core.StandardWrapperValve.invoke(StandardWrapperValve.java:199)
		at org.apache.catalina.core.StandardContextValve.invoke(StandardContextValve.java:96)
		at org.apache.catalina.authenticator.AuthenticatorBase.invoke(AuthenticatorBase.java:543)
		at org.apache.catalina.core.StandardHostValve.invoke(StandardHostValve.java:139)
		at org.apache.catalina.valves.ErrorReportValve.invoke(ErrorReportValve.java:81)
		at org.apache.catalina.valves.AbstractAccessLogValve.invoke(AbstractAccessLogValve.java:688)
		at org.apache.catalina.core.StandardEngineValve.invoke(StandardEngineValve.java:87)
		at org.apache.catalina.connector.CoyoteAdapter.service(CoyoteAdapter.java:343)
		at org.apache.coyote.http11.Http11Processor.service(Http11Processor.java:609)
		at org.apache.coyote.AbstractProcessorLight.process(AbstractProcessorLight.java:65)
		at org.apache.coyote.AbstractProtocol$ConnectionHandler.process(AbstractProtocol.java:818)
		at org.apache.tomcat.util.net.Nio2Endpoint$SocketProcessor.doRun(Nio2Endpoint.java:1630)
		at org.apache.tomcat.util.net.SocketProcessorBase.run(SocketProcessorBase.java:49)
		at org.apache.tomcat.util.net.AbstractEndpoint.processSocket(AbstractEndpoint.java:1082)
		at org.apache.tomcat.util.net.Nio2Endpoint$Nio2SocketWrapper$2.completed(Nio2Endpoint.java:566)
		at org.apache.tomcat.util.net.Nio2Endpoint$Nio2SocketWrapper$2.completed(Nio2Endpoint.java:544)
		at sun.nio.ch.Invoker.invokeUnchecked(Invoker.java:126)
		at sun.nio.ch.Invoker$2.run(Invoker.java:218)
		at sun.nio.ch.AsynchronousChannelGroupImpl$1.run(AsynchronousChannelGroupImpl.java:112)
		at java.util.concurrent.ThreadPoolExecutor.runWorker(ThreadPoolExecutor.java:1145)
		at java.util.concurrent.ThreadPoolExecutor$Worker.run(ThreadPoolExecutor.java:615)
		at java.lang.Thread.run(Thread.java:745)
30-Mar-2020 16:58:42.667 WARNING [Thread-13] org.hibernate.util.JDBCExceptionReporter.logExceptions SQL Error: 17008, SQLState: 08003
30-Mar-2020 16:58:42.667 SEVERE [Thread-13] org.hibernate.util.JDBCExceptionReporter.logExceptions Closed Connection
30-Mar-2020 16:58:42.668 SEVERE [Thread-13] org.hibernate.transaction.JDBCTransaction.toggleAutoCommit Could not toggle autocommit
	java.sql.SQLRecoverableException: Closed Connection
		at oracle.jdbc.driver.PhysicalConnection.setAutoCommit(PhysicalConnection.java:4311)
		at org.apache.commons.dbcp.DelegatingConnection.setAutoCommit(DelegatingConnection.java:371)
		at org.apache.commons.dbcp.PoolingDataSource$PoolGuardConnectionWrapper.setAutoCommit(PoolingDataSource.java:328)
		at org.hibernate.transaction.JDBCTransaction.toggleAutoCommit(JDBCTransaction.java:224)
		at org.hibernate.transaction.JDBCTransaction.rollbackAndResetAutoCommit(JDBCTransaction.java:216)
		at org.hibernate.transaction.JDBCTransaction.rollback(JDBCTransaction.java:192)
		at org.springframework.orm.hibernate3.HibernateTransactionManager.doRollback(HibernateTransactionManager.java:676)
		at org.springframework.transaction.support.AbstractPlatformTransactionManager.processRollback(AbstractPlatformTransactionManager.java:845)
		at org.springframework.transaction.support.AbstractPlatformTransactionManager.rollback(AbstractPlatformTransactionManager.java:822)
		at org.springframework.transaction.interceptor.TransactionAspectSupport.completeTransactionAfterThrowing(TransactionAspectSupport.java:411)
		at org.springframework.transaction.interceptor.TransactionInterceptor.invoke(TransactionInterceptor.java:114)
		at org.springframework.aop.framework.ReflectiveMethodInvocation.proceed(ReflectiveMethodInvocation.java:172)
		at org.springframework.aop.framework.Cglib2AopProxy$DynamicAdvisedInterceptor.intercept(Cglib2AopProxy.java:622)
		at com.kiiik.bms.service.DepartmentService$$EnhancerByCGLIB$$9e2ba85a.listDepartmentNames(<generated>)
		at com.kiiik.bms.action.DepartmentAction.listDepartmentNames(DepartmentAction.java:49)
		at com.kiiik.bms.action.DepartmentAction$$FastClassByCGLIB$$5ffd82c.invoke(<generated>)
		at net.sf.cglib.proxy.MethodProxy.invoke(MethodProxy.java:204)
		at org.springframework.aop.framework.Cglib2AopProxy$CglibMethodInvocation.invokeJoinpoint(Cglib2AopProxy.java:689)
		at org.springframework.aop.framework.ReflectiveMethodInvocation.proceed(ReflectiveMethodInvocation.java:150)
		at org.springframework.aop.framework.adapter.MethodBeforeAdviceInterceptor.invoke(MethodBeforeAdviceInterceptor.java:50)
		at org.springframework.aop.framework.ReflectiveMethodInvocation.proceed(ReflectiveMethodInvocation.java:172)
		at org.springframework.aop.framework.adapter.MethodBeforeAdviceInterceptor.invoke(MethodBeforeAdviceInterceptor.java:50)
		at org.springframework.aop.framework.ReflectiveMethodInvocation.proceed(ReflectiveMethodInvocation.java:172)
		at org.springframework.aop.interceptor.ExposeInvocationInterceptor.invoke(ExposeInvocationInterceptor.java:90)
		at org.springframework.aop.framework.ReflectiveMethodInvocation.proceed(ReflectiveMethodInvocation.java:172)
		at org.springframework.aop.framework.Cglib2AopProxy$DynamicAdvisedInterceptor.intercept(Cglib2AopProxy.java:622)
		at com.kiiik.bms.action.DepartmentAction$$EnhancerByCGLIB$$66c4c944.listDepartmentNames(<generated>)
		at sun.reflect.GeneratedMethodAccessor66.invoke(Unknown Source)
		at sun.reflect.DelegatingMethodAccessorImpl.invoke(DelegatingMethodAccessorImpl.java:43)
		at java.lang.reflect.Method.invoke(Method.java:606)
		at org.springframework.web.method.support.InvocableHandlerMethod.invoke(InvocableHandlerMethod.java:213)
		at org.springframework.web.method.support.InvocableHandlerMethod.invokeForRequest(InvocableHandlerMethod.java:126)
		at org.springframework.web.servlet.mvc.method.annotation.ServletInvocableHandlerMethod.invokeAndHandle(ServletInvocableHandlerMethod.java:96)
		at org.springframework.web.servlet.mvc.method.annotation.RequestMappingHandlerAdapter.invokeHandlerMethod(RequestMappingHandlerAdapter.java:617)
		at org.springframework.web.servlet.mvc.method.annotation.RequestMappingHandlerAdapter.handleInternal(RequestMappingHandlerAdapter.java:578)
		at org.springframework.web.servlet.mvc.method.AbstractHandlerMethodAdapter.handle(AbstractHandlerMethodAdapter.java:80)
		at org.springframework.web.servlet.DispatcherServlet.doDispatch(DispatcherServlet.java:923)
		at org.springframework.web.servlet.DispatcherServlet.doService(DispatcherServlet.java:852)
		at org.springframework.web.servlet.FrameworkServlet.processRequest(FrameworkServlet.java:882)
		at org.springframework.web.servlet.FrameworkServlet.doPost(FrameworkServlet.java:789)
		at javax.servlet.http.HttpServlet.service(HttpServlet.java:660)
		at javax.servlet.http.HttpServlet.service(HttpServlet.java:741)
		at org.apache.catalina.core.ApplicationFilterChain.internalDoFilter(ApplicationFilterChain.java:231)
		at org.apache.catalina.core.ApplicationFilterChain.doFilter(ApplicationFilterChain.java:166)
		at org.apache.tomcat.websocket.server.WsFilter.doFilter(WsFilter.java:52)
		at org.apache.catalina.core.ApplicationFilterChain.internalDoFilter(ApplicationFilterChain.java:193)
		at org.apache.catalina.core.ApplicationFilterChain.doFilter(ApplicationFilterChain.java:166)
		at org.springframework.web.filter.CharacterEncodingFilter.doFilterInternal(CharacterEncodingFilter.java:88)
		at com.kiiik.bms.filter.EncodingFilter.doFilterInternal(EncodingFilter.java:30)
		at org.springframework.web.filter.OncePerRequestFilter.doFilter(OncePerRequestFilter.java:76)
		at org.apache.catalina.core.ApplicationFilterChain.internalDoFilter(ApplicationFilterChain.java:193)
		at org.apache.catalina.core.ApplicationFilterChain.doFilter(ApplicationFilterChain.java:166)
		at org.apache.catalina.core.StandardWrapperValve.invoke(StandardWrapperValve.java:199)
		at org.apache.catalina.core.StandardContextValve.invoke(StandardContextValve.java:96)
		at org.apache.catalina.authenticator.AuthenticatorBase.invoke(AuthenticatorBase.java:543)
		at org.apache.catalina.core.StandardHostValve.invoke(StandardHostValve.java:139)
		at org.apache.catalina.valves.ErrorReportValve.invoke(ErrorReportValve.java:81)
		at org.apache.catalina.valves.AbstractAccessLogValve.invoke(AbstractAccessLogValve.java:688)
		at org.apache.catalina.core.StandardEngineValve.invoke(StandardEngineValve.java:87)
		at org.apache.catalina.connector.CoyoteAdapter.service(CoyoteAdapter.java:343)
		at org.apache.coyote.http11.Http11Processor.service(Http11Processor.java:609)
		at org.apache.coyote.AbstractProcessorLight.process(AbstractProcessorLight.java:65)
		at org.apache.coyote.AbstractProtocol$ConnectionHandler.process(AbstractProtocol.java:818)
		at org.apache.tomcat.util.net.Nio2Endpoint$SocketProcessor.doRun(Nio2Endpoint.java:1630)
		at org.apache.tomcat.util.net.SocketProcessorBase.run(SocketProcessorBase.java:49)
		at org.apache.tomcat.util.net.AbstractEndpoint.processSocket(AbstractEndpoint.java:1082)
		at org.apache.tomcat.util.net.Nio2Endpoint$Nio2SocketWrapper$2.completed(Nio2Endpoint.java:566)
		at org.apache.tomcat.util.net.Nio2Endpoint$Nio2SocketWrapper$2.completed(Nio2Endpoint.java:544)
		at sun.nio.ch.Invoker.invokeUnchecked(Invoker.java:126)
		at sun.nio.ch.Invoker$2.run(Invoker.java:218)
		at sun.nio.ch.AsynchronousChannelGroupImpl$1.run(AsynchronousChannelGroupImpl.java:112)
		at java.util.concurrent.ThreadPoolExecutor.runWorker(ThreadPoolExecutor.java:1145)
		at java.util.concurrent.ThreadPoolExecutor$Worker.run(ThreadPoolExecutor.java:615)
		at java.lang.Thread.run(Thread.java:745)
30-Mar-2020 16:58:42.668 SEVERE [Thread-13] org.hibernate.transaction.JDBCTransaction.rollback JDBC rollback failed
	java.sql.SQLRecoverableException: Closed Connection
		at oracle.jdbc.driver.PhysicalConnection.getAutoCommit(PhysicalConnection.java:4333)
		at oracle.jdbc.driver.PhysicalConnection.rollback(PhysicalConnection.java:4503)
		at org.apache.commons.dbcp.DelegatingConnection.rollback(DelegatingConnection.java:368)
		at org.apache.commons.dbcp.PoolingDataSource$PoolGuardConnectionWrapper.rollback(PoolingDataSource.java:323)
		at org.hibernate.transaction.JDBCTransaction.rollbackAndResetAutoCommit(JDBCTransaction.java:213)
		at org.hibernate.transaction.JDBCTransaction.rollback(JDBCTransaction.java:192)
		at org.springframework.orm.hibernate3.HibernateTransactionManager.doRollback(HibernateTransactionManager.java:676)
		at org.springframework.transaction.support.AbstractPlatformTransactionManager.processRollback(AbstractPlatformTransactionManager.java:845)
		at org.springframework.transaction.support.AbstractPlatformTransactionManager.rollback(AbstractPlatformTransactionManager.java:822)
		at org.springframework.transaction.interceptor.TransactionAspectSupport.completeTransactionAfterThrowing(TransactionAspectSupport.java:411)
		at org.springframework.transaction.interceptor.TransactionInterceptor.invoke(TransactionInterceptor.java:114)
		at org.springframework.aop.framework.ReflectiveMethodInvocation.proceed(ReflectiveMethodInvocation.java:172)
		at org.springframework.aop.framework.Cglib2AopProxy$DynamicAdvisedInterceptor.intercept(Cglib2AopProxy.java:622)
		at com.kiiik.bms.service.DepartmentService$$EnhancerByCGLIB$$9e2ba85a.listDepartmentNames(<generated>)
		at com.kiiik.bms.action.DepartmentAction.listDepartmentNames(DepartmentAction.java:49)
		at com.kiiik.bms.action.DepartmentAction$$FastClassByCGLIB$$5ffd82c.invoke(<generated>)
		at net.sf.cglib.proxy.MethodProxy.invoke(MethodProxy.java:204)
		at org.springframework.aop.framework.Cglib2AopProxy$CglibMethodInvocation.invokeJoinpoint(Cglib2AopProxy.java:689)
		at org.springframework.aop.framework.ReflectiveMethodInvocation.proceed(ReflectiveMethodInvocation.java:150)
		at org.springframework.aop.framework.adapter.MethodBeforeAdviceInterceptor.invoke(MethodBeforeAdviceInterceptor.java:50)
		at org.springframework.aop.framework.ReflectiveMethodInvocation.proceed(ReflectiveMethodInvocation.java:172)
		at org.springframework.aop.framework.adapter.MethodBeforeAdviceInterceptor.invoke(MethodBeforeAdviceInterceptor.java:50)
		at org.springframework.aop.framework.ReflectiveMethodInvocation.proceed(ReflectiveMethodInvocation.java:172)
		at org.springframework.aop.interceptor.ExposeInvocationInterceptor.invoke(ExposeInvocationInterceptor.java:90)
		at org.springframework.aop.framework.ReflectiveMethodInvocation.proceed(ReflectiveMethodInvocation.java:172)
		at org.springframework.aop.framework.Cglib2AopProxy$DynamicAdvisedInterceptor.intercept(Cglib2AopProxy.java:622)
		at com.kiiik.bms.action.DepartmentAction$$EnhancerByCGLIB$$66c4c944.listDepartmentNames(<generated>)
		at sun.reflect.GeneratedMethodAccessor66.invoke(Unknown Source)
		at sun.reflect.DelegatingMethodAccessorImpl.invoke(DelegatingMethodAccessorImpl.java:43)
		at java.lang.reflect.Method.invoke(Method.java:606)
		at org.springframework.web.method.support.InvocableHandlerMethod.invoke(InvocableHandlerMethod.java:213)
		at org.springframework.web.method.support.InvocableHandlerMethod.invokeForRequest(InvocableHandlerMethod.java:126)
		at org.springframework.web.servlet.mvc.method.annotation.ServletInvocableHandlerMethod.invokeAndHandle(ServletInvocableHandlerMethod.java:96)
		at org.springframework.web.servlet.mvc.method.annotation.RequestMappingHandlerAdapter.invokeHandlerMethod(RequestMappingHandlerAdapter.java:617)
		at org.springframework.web.servlet.mvc.method.annotation.RequestMappingHandlerAdapter.handleInternal(RequestMappingHandlerAdapter.java:578)
		at org.springframework.web.servlet.mvc.method.AbstractHandlerMethodAdapter.handle(AbstractHandlerMethodAdapter.java:80)
		at org.springframework.web.servlet.DispatcherServlet.doDispatch(DispatcherServlet.java:923)
		at org.springframework.web.servlet.DispatcherServlet.doService(DispatcherServlet.java:852)
		at org.springframework.web.servlet.FrameworkServlet.processRequest(FrameworkServlet.java:882)
		at org.springframework.web.servlet.FrameworkServlet.doPost(FrameworkServlet.java:789)
		at javax.servlet.http.HttpServlet.service(HttpServlet.java:660)
		at javax.servlet.http.HttpServlet.service(HttpServlet.java:741)
		at org.apache.catalina.core.ApplicationFilterChain.internalDoFilter(ApplicationFilterChain.java:231)
		at org.apache.catalina.core.ApplicationFilterChain.doFilter(ApplicationFilterChain.java:166)
		at org.apache.tomcat.websocket.server.WsFilter.doFilter(WsFilter.java:52)
		at org.apache.catalina.core.ApplicationFilterChain.internalDoFilter(ApplicationFilterChain.java:193)
		at org.apache.catalina.core.ApplicationFilterChain.doFilter(ApplicationFilterChain.java:166)
		at org.springframework.web.filter.CharacterEncodingFilter.doFilterInternal(CharacterEncodingFilter.java:88)
		at com.kiiik.bms.filter.EncodingFilter.doFilterInternal(EncodingFilter.java:30)
		at org.springframework.web.filter.OncePerRequestFilter.doFilter(OncePerRequestFilter.java:76)
		at org.apache.catalina.core.ApplicationFilterChain.internalDoFilter(ApplicationFilterChain.java:193)
		at org.apache.catalina.core.ApplicationFilterChain.doFilter(ApplicationFilterChain.java:166)
		at org.apache.catalina.core.StandardWrapperValve.invoke(StandardWrapperValve.java:199)
		at org.apache.catalina.core.StandardContextValve.invoke(StandardContextValve.java:96)
		at org.apache.catalina.authenticator.AuthenticatorBase.invoke(AuthenticatorBase.java:543)
		at org.apache.catalina.core.StandardHostValve.invoke(StandardHostValve.java:139)
		at org.apache.catalina.valves.ErrorReportValve.invoke(ErrorReportValve.java:81)
		at org.apache.catalina.valves.AbstractAccessLogValve.invoke(AbstractAccessLogValve.java:688)
		at org.apache.catalina.core.StandardEngineValve.invoke(StandardEngineValve.java:87)
		at org.apache.catalina.connector.CoyoteAdapter.service(CoyoteAdapter.java:343)
		at org.apache.coyote.http11.Http11Processor.service(Http11Processor.java:609)
		at org.apache.coyote.AbstractProcessorLight.process(AbstractProcessorLight.java:65)
		at org.apache.coyote.AbstractProtocol$ConnectionHandler.process(AbstractProtocol.java:818)
		at org.apache.tomcat.util.net.Nio2Endpoint$SocketProcessor.doRun(Nio2Endpoint.java:1630)
		at org.apache.tomcat.util.net.SocketProcessorBase.run(SocketProcessorBase.java:49)
		at org.apache.tomcat.util.net.AbstractEndpoint.processSocket(AbstractEndpoint.java:1082)
		at org.apache.tomcat.util.net.Nio2Endpoint$Nio2SocketWrapper$2.completed(Nio2Endpoint.java:566)
		at org.apache.tomcat.util.net.Nio2Endpoint$Nio2SocketWrapper$2.completed(Nio2Endpoint.java:544)
		at sun.nio.ch.Invoker.invokeUnchecked(Invoker.java:126)
		at sun.nio.ch.Invoker$2.run(Invoker.java:218)
		at sun.nio.ch.AsynchronousChannelGroupImpl$1.run(AsynchronousChannelGroupImpl.java:112)
		at java.util.concurrent.ThreadPoolExecutor.runWorker(ThreadPoolExecutor.java:1145)
		at java.util.concurrent.ThreadPoolExecutor$Worker.run(ThreadPoolExecutor.java:615)
		at java.lang.Thread.run(Thread.java:745)
30-Mar-2020 16:58:42.669 WARNING [Thread-13] org.hibernate.util.JDBCExceptionReporter.logExceptions SQL Error: 0, SQLState: null
30-Mar-2020 16:58:42.669 SEVERE [Thread-13] org.hibernate.util.JDBCExceptionReporter.logExceptions Already closed.
30-Mar-2020 16:58:42.669 WARNING [Thread-13] org.hibernate.util.JDBCExceptionReporter.logExceptions SQL Error: 0, SQLState: null
30-Mar-2020 16:58:42.669 SEVERE [Thread-13] org.hibernate.util.JDBCExceptionReporter.logExceptions Already closed.
