18-Mar-2020 17:49:49.460 INFO [main] org.apache.catalina.startup.VersionLoggerListener.log Server version name:   Apache Tomcat/8.5.51
18-Mar-2020 17:49:49.464 INFO [main] org.apache.catalina.startup.VersionLoggerListener.log Server built:          Feb 5 2020 22:26:25 UTC
18-Mar-2020 17:49:49.464 INFO [main] org.apache.catalina.startup.VersionLoggerListener.log Server version number: 8.5.51.0
18-Mar-2020 17:49:49.464 INFO [main] org.apache.catalina.startup.VersionLoggerListener.log OS Name:               Linux
18-Mar-2020 17:49:49.464 INFO [main] org.apache.catalina.startup.VersionLoggerListener.log OS Version:            2.6.32-696.el6.x86_64
18-Mar-2020 17:49:49.465 INFO [main] org.apache.catalina.startup.VersionLoggerListener.log Architecture:          amd64
18-Mar-2020 17:49:49.465 INFO [main] org.apache.catalina.startup.VersionLoggerListener.log Java Home:             /usr/java/jdk1.7.0_80/jre
18-Mar-2020 17:49:49.465 INFO [main] org.apache.catalina.startup.VersionLoggerListener.log JVM Version:           1.7.0_80-b15
18-Mar-2020 17:49:49.465 INFO [main] org.apache.catalina.startup.VersionLoggerListener.log JVM Vendor:            Oracle Corporation
18-Mar-2020 17:49:49.465 INFO [main] org.apache.catalina.startup.VersionLoggerListener.log CATALINA_BASE:         /home/trade/apache-tomcat-8.5.51
18-Mar-2020 17:49:49.465 INFO [main] org.apache.catalina.startup.VersionLoggerListener.log CATALINA_HOME:         /home/trade/apache-tomcat-8.5.51
18-Mar-2020 17:49:49.466 INFO [main] org.apache.catalina.startup.VersionLoggerListener.log Command line argument: -Djava.util.logging.config.file=/home/trade/apache-tomcat-8.5.51/conf/logging.properties
18-Mar-2020 17:49:49.466 INFO [main] org.apache.catalina.startup.VersionLoggerListener.log Command line argument: -Djava.util.logging.manager=org.apache.juli.ClassLoaderLogManager
18-Mar-2020 17:49:49.466 INFO [main] org.apache.catalina.startup.VersionLoggerListener.log Command line argument: -Djdk.tls.ephemeralDHKeySize=2048
18-Mar-2020 17:49:49.466 INFO [main] org.apache.catalina.startup.VersionLoggerListener.log Command line argument: -Djava.protocol.handler.pkgs=org.apache.catalina.webresources
18-Mar-2020 17:49:49.466 INFO [main] org.apache.catalina.startup.VersionLoggerListener.log Command line argument: -Dorg.apache.catalina.security.SecurityListener.UMASK=0027
18-Mar-2020 17:49:49.466 INFO [main] org.apache.catalina.startup.VersionLoggerListener.log Command line argument: -Xms2048m
18-Mar-2020 17:49:49.467 INFO [main] org.apache.catalina.startup.VersionLoggerListener.log Command line argument: -Xmx2048m
18-Mar-2020 17:49:49.467 INFO [main] org.apache.catalina.startup.VersionLoggerListener.log Command line argument: -XX:PermSize=512m
18-Mar-2020 17:49:49.467 INFO [main] org.apache.catalina.startup.VersionLoggerListener.log Command line argument: -XX:MaxPermSize=300m
18-Mar-2020 17:49:49.467 INFO [main] org.apache.catalina.startup.VersionLoggerListener.log Command line argument: -Dignore.endorsed.dirs=
18-Mar-2020 17:49:49.470 INFO [main] org.apache.catalina.startup.VersionLoggerListener.log Command line argument: -Dcatalina.base=/home/trade/apache-tomcat-8.5.51
18-Mar-2020 17:49:49.470 INFO [main] org.apache.catalina.startup.VersionLoggerListener.log Command line argument: -Dcatalina.home=/home/trade/apache-tomcat-8.5.51
18-Mar-2020 17:49:49.470 INFO [main] org.apache.catalina.startup.VersionLoggerListener.log Command line argument: -Djava.io.tmpdir=/home/trade/apache-tomcat-8.5.51/temp
18-Mar-2020 17:49:49.471 INFO [main] org.apache.catalina.core.AprLifecycleListener.lifecycleEvent The APR based Apache Tomcat Native library which allows optimal performance in production environments was not found on the java.library.path: [/usr/java/packages/lib/amd64:/usr/lib64:/lib64:/lib:/usr/lib]
18-Mar-2020 17:49:49.633 INFO [main] org.apache.coyote.AbstractProtocol.init Initializing ProtocolHandler ["http-nio2-7000"]
18-Mar-2020 17:49:49.638 WARNING [main] org.apache.tomcat.util.net.Nio2Endpoint.bind The NIO2 connector requires an exclusive executor to operate properly on shutdown
18-Mar-2020 17:49:49.685 INFO [main] org.apache.catalina.startup.Catalina.load Initialization processed in 995 ms
18-Mar-2020 17:49:49.747 INFO [main] org.apache.catalina.core.StandardService.startInternal Starting service [Catalina]
18-Mar-2020 17:49:49.750 INFO [main] org.apache.catalina.core.StandardEngine.startInternal Starting Servlet Engine: Apache Tomcat/8.5.51
18-Mar-2020 17:49:49.760 INFO [localhost-startStop-1] org.apache.catalina.startup.HostConfig.deployDirectory Deploying web application directory [/home/trade/apache-tomcat-8.5.51/webapps/host-manager]
18-Mar-2020 17:49:50.565 INFO [localhost-startStop-1] org.apache.catalina.startup.HostConfig.deployDirectory Deployment of web application directory [/home/trade/apache-tomcat-8.5.51/webapps/host-manager] has finished in [807] ms
18-Mar-2020 17:49:50.569 INFO [localhost-startStop-1] org.apache.catalina.startup.HostConfig.deployDirectory Deploying web application directory [/home/trade/apache-tomcat-8.5.51/webapps/ROOT]
18-Mar-2020 17:49:50.613 INFO [localhost-startStop-1] org.apache.catalina.startup.HostConfig.deployDirectory Deployment of web application directory [/home/trade/apache-tomcat-8.5.51/webapps/ROOT] has finished in [43] ms
18-Mar-2020 17:49:50.613 INFO [localhost-startStop-1] org.apache.catalina.startup.HostConfig.deployDirectory Deploying web application directory [/home/trade/apache-tomcat-8.5.51/webapps/manager]
18-Mar-2020 17:49:50.644 INFO [localhost-startStop-1] org.apache.catalina.startup.HostConfig.deployDirectory Deployment of web application directory [/home/trade/apache-tomcat-8.5.51/webapps/manager] has finished in [31] ms
18-Mar-2020 17:49:50.655 INFO [main] org.apache.coyote.AbstractProtocol.start Starting ProtocolHandler ["http-nio2-7000"]
18-Mar-2020 17:49:50.657 INFO [main] org.apache.catalina.startup.Catalina.start Server startup in 968 ms
18-Mar-2020 17:52:50.673 INFO [localhost-startStop-2] org.apache.catalina.startup.HostConfig.deployWAR Deploying web application archive [/home/trade/apache-tomcat-8.5.51/webapps/ecBms.war]
18-Mar-2020 17:52:50.678 SEVERE [localhost-startStop-2] org.apache.catalina.startup.ContextConfig.beforeStart Exception fixing docBase for context [/ecBms]
	java.util.zip.ZipException: error in opening zip file
		at java.util.zip.ZipFile.open(Native Method)
		at java.util.zip.ZipFile.<init>(ZipFile.java:215)
		at java.util.zip.ZipFile.<init>(ZipFile.java:145)
		at java.util.jar.JarFile.<init>(JarFile.java:154)
		at java.util.jar.JarFile.<init>(JarFile.java:91)
		at sun.net.www.protocol.jar.URLJarFile.<init>(URLJarFile.java:93)
		at sun.net.www.protocol.jar.URLJarFile.getJarFile(URLJarFile.java:69)
		at sun.net.www.protocol.jar.JarFileFactory.get(JarFileFactory.java:99)
		at sun.net.www.protocol.jar.JarURLConnection.connect(JarURLConnection.java:122)
		at sun.net.www.protocol.jar.JarURLConnection.getJarFile(JarURLConnection.java:89)
		at org.apache.catalina.startup.ExpandWar.expand(ExpandWar.java:130)
		at org.apache.catalina.startup.ContextConfig.fixDocBase(ContextConfig.java:616)
		at org.apache.catalina.startup.ContextConfig.beforeStart(ContextConfig.java:749)
		at org.apache.catalina.startup.ContextConfig.lifecycleEvent(ContextConfig.java:301)
		at org.apache.catalina.util.LifecycleBase.fireLifecycleEvent(LifecycleBase.java:123)
		at org.apache.catalina.util.LifecycleBase.setStateInternal(LifecycleBase.java:423)
		at org.apache.catalina.util.LifecycleBase.start(LifecycleBase.java:182)
		at org.apache.catalina.core.ContainerBase.addChildInternal(ContainerBase.java:743)
		at org.apache.catalina.core.ContainerBase.addChild(ContainerBase.java:719)
		at org.apache.catalina.core.StandardHost.addChild(StandardHost.java:705)
		at org.apache.catalina.startup.HostConfig.deployWAR(HostConfig.java:970)
		at org.apache.catalina.startup.HostConfig$DeployWar.run(HostConfig.java:1841)
		at java.util.concurrent.Executors$RunnableAdapter.call(Executors.java:471)
		at java.util.concurrent.FutureTask.run(FutureTask.java:262)
		at java.util.concurrent.ThreadPoolExecutor.runWorker(ThreadPoolExecutor.java:1145)
		at java.util.concurrent.ThreadPoolExecutor$Worker.run(ThreadPoolExecutor.java:615)
		at java.lang.Thread.run(Thread.java:745)
18-Mar-2020 17:52:50.681 SEVERE [localhost-startStop-2] org.apache.catalina.core.ContainerBase.addChildInternal ContainerBase.addChild: start: 
	org.apache.catalina.LifecycleException: Failed to initialize component [org.apache.catalina.webresources.WarResourceSet@1fb4a84]
		at org.apache.catalina.util.LifecycleBase.handleSubClassException(LifecycleBase.java:440)
		at org.apache.catalina.util.LifecycleBase.init(LifecycleBase.java:139)
		at org.apache.catalina.util.LifecycleBase.start(LifecycleBase.java:173)
		at org.apache.catalina.webresources.StandardRoot.startInternal(StandardRoot.java:714)
		at org.apache.catalina.util.LifecycleBase.start(LifecycleBase.java:183)
		at org.apache.catalina.core.StandardContext.resourcesStart(StandardContext.java:4814)
		at org.apache.catalina.core.StandardContext.startInternal(StandardContext.java:4949)
		at org.apache.catalina.util.LifecycleBase.start(LifecycleBase.java:183)
		at org.apache.catalina.core.ContainerBase.addChildInternal(ContainerBase.java:743)
		at org.apache.catalina.core.ContainerBase.addChild(ContainerBase.java:719)
		at org.apache.catalina.core.StandardHost.addChild(StandardHost.java:705)
		at org.apache.catalina.startup.HostConfig.deployWAR(HostConfig.java:970)
		at org.apache.catalina.startup.HostConfig$DeployWar.run(HostConfig.java:1841)
		at java.util.concurrent.Executors$RunnableAdapter.call(Executors.java:471)
		at java.util.concurrent.FutureTask.run(FutureTask.java:262)
		at java.util.concurrent.ThreadPoolExecutor.runWorker(ThreadPoolExecutor.java:1145)
		at java.util.concurrent.ThreadPoolExecutor$Worker.run(ThreadPoolExecutor.java:615)
		at java.lang.Thread.run(Thread.java:745)
	Caused by: java.lang.IllegalArgumentException: java.util.zip.ZipException: error in opening zip file
		at org.apache.catalina.webresources.AbstractSingleArchiveResourceSet.initInternal(AbstractSingleArchiveResourceSet.java:142)
		at org.apache.catalina.util.LifecycleBase.init(LifecycleBase.java:136)
		... 16 more
	Caused by: java.util.zip.ZipException: error in opening zip file
		at java.util.zip.ZipFile.open(Native Method)
		at java.util.zip.ZipFile.<init>(ZipFile.java:215)
		at java.util.zip.ZipFile.<init>(ZipFile.java:145)
		at java.util.jar.JarFile.<init>(JarFile.java:154)
		at java.util.jar.JarFile.<init>(JarFile.java:118)
		at org.apache.tomcat.util.compat.JreCompat.jarFileNewInstance(JreCompat.java:197)
		at org.apache.tomcat.util.compat.JreCompat.jarFileNewInstance(JreCompat.java:182)
		at org.apache.catalina.webresources.AbstractSingleArchiveResourceSet.initInternal(AbstractSingleArchiveResourceSet.java:139)
		... 17 more
18-Mar-2020 17:52:50.682 SEVERE [localhost-startStop-2] org.apache.catalina.startup.HostConfig.deployWAR Error deploying web application archive [/home/trade/apache-tomcat-8.5.51/webapps/ecBms.war]
	java.lang.IllegalStateException: ContainerBase.addChild: start: org.apache.catalina.LifecycleException: Failed to initialize component [org.apache.catalina.webresources.WarResourceSet@1fb4a84]
		at org.apache.catalina.core.ContainerBase.addChildInternal(ContainerBase.java:747)
		at org.apache.catalina.core.ContainerBase.addChild(ContainerBase.java:719)
		at org.apache.catalina.core.StandardHost.addChild(StandardHost.java:705)
		at org.apache.catalina.startup.HostConfig.deployWAR(HostConfig.java:970)
		at org.apache.catalina.startup.HostConfig$DeployWar.run(HostConfig.java:1841)
		at java.util.concurrent.Executors$RunnableAdapter.call(Executors.java:471)
		at java.util.concurrent.FutureTask.run(FutureTask.java:262)
		at java.util.concurrent.ThreadPoolExecutor.runWorker(ThreadPoolExecutor.java:1145)
		at java.util.concurrent.ThreadPoolExecutor$Worker.run(ThreadPoolExecutor.java:615)
		at java.lang.Thread.run(Thread.java:745)
18-Mar-2020 17:52:50.682 INFO [localhost-startStop-2] org.apache.catalina.startup.HostConfig.deployWAR Deployment of web application archive [/home/trade/apache-tomcat-8.5.51/webapps/ecBms.war] has finished in [9] ms
18-Mar-2020 17:53:00.684 INFO [ContainerBackgroundProcessor[StandardEngine[Catalina]]] org.apache.catalina.startup.HostConfig.undeploy Undeploying context [/ecBms]
18-Mar-2020 17:53:00.754 INFO [localhost-startStop-3] org.apache.catalina.startup.HostConfig.deployWAR Deploying web application archive [/home/trade/apache-tomcat-8.5.51/webapps/ecBms.war]
18-Mar-2020 17:53:04.082 INFO [localhost-startStop-3] org.apache.jasper.servlet.TldScanner.scanJars At least one JAR was scanned for TLDs yet contained no TLDs. Enable debug logging for this logger for a complete list of JARs that were scanned but no TLDs were found in them. Skipping unneeded JARs during scanning can improve startup time and JSP compilation time.
18-Mar-2020 17:53:07.898 INFO [localhost-startStop-3] org.hibernate.annotations.common.Version.<clinit> Hibernate Commons Annotations 3.2.0.Final
18-Mar-2020 17:53:07.915 INFO [localhost-startStop-3] org.hibernate.cfg.Environment.<clinit> Hibernate 3.6.2.Final
18-Mar-2020 17:53:07.916 INFO [localhost-startStop-3] org.hibernate.cfg.Environment.<clinit> hibernate.properties not found
18-Mar-2020 17:53:07.923 INFO [localhost-startStop-3] org.hibernate.cfg.Environment.buildBytecodeProvider Bytecode provider name : javassist
18-Mar-2020 17:53:07.925 INFO [localhost-startStop-3] org.hibernate.cfg.Environment.<clinit> using JDK 1.4 java.sql.Timestamp handling
18-Mar-2020 17:53:08.131 INFO [localhost-startStop-3] org.hibernate.cfg.AnnotationBinder.bindClass Binding entity from annotated class: com.kiiik.bms.model.auth.TbDepartment
18-Mar-2020 17:53:08.153 INFO [localhost-startStop-3] org.hibernate.cfg.annotations.EntityBinder.bindTable Bind entity com.kiiik.bms.model.auth.TbDepartment on table tb_department
18-Mar-2020 17:53:08.186 INFO [localhost-startStop-3] org.hibernate.cfg.AnnotationBinder.bindClass Binding entity from annotated class: com.kiiik.bms.model.auth.TbRole
18-Mar-2020 17:53:08.187 INFO [localhost-startStop-3] org.hibernate.cfg.annotations.EntityBinder.bindTable Bind entity com.kiiik.bms.model.auth.TbRole on table tb_role
18-Mar-2020 17:53:08.188 INFO [localhost-startStop-3] org.hibernate.cfg.AnnotationBinder.bindClass Binding entity from annotated class: com.kiiik.bms.model.auth.ro.TbRoleFunction
18-Mar-2020 17:53:08.188 INFO [localhost-startStop-3] org.hibernate.cfg.annotations.EntityBinder.bindTable Bind entity com.kiiik.bms.model.auth.ro.TbRoleFunction on table tb_role_function
18-Mar-2020 17:53:08.192 INFO [localhost-startStop-3] org.hibernate.cfg.AnnotationBinder.bindClass Binding entity from annotated class: com.kiiik.bms.model.auth.ro.TbDepartmentEmployee
18-Mar-2020 17:53:08.192 INFO [localhost-startStop-3] org.hibernate.cfg.annotations.EntityBinder.bindTable Bind entity com.kiiik.bms.model.auth.ro.TbDepartmentEmployee on table tb_department_employee
18-Mar-2020 17:53:08.202 INFO [localhost-startStop-3] org.hibernate.cfg.AnnotationBinder.bindClass Binding entity from annotated class: com.kiiik.bms.model.auth.ro.TbEmployeeRole
18-Mar-2020 17:53:08.202 INFO [localhost-startStop-3] org.hibernate.cfg.annotations.EntityBinder.bindTable Bind entity com.kiiik.bms.model.auth.ro.TbEmployeeRole on table tb_employee_role
18-Mar-2020 17:53:08.203 INFO [localhost-startStop-3] org.hibernate.cfg.AnnotationBinder.bindClass Binding entity from annotated class: com.kiiik.bms.model.auth.TbEmployee
18-Mar-2020 17:53:08.206 INFO [localhost-startStop-3] org.hibernate.cfg.annotations.EntityBinder.bindTable Bind entity com.kiiik.bms.model.auth.TbEmployee on table tb_employee
18-Mar-2020 17:53:08.212 INFO [localhost-startStop-3] org.hibernate.cfg.AnnotationBinder.bindClass Binding entity from annotated class: com.kiiik.bms.model.auth.TbFunction
18-Mar-2020 17:53:08.213 INFO [localhost-startStop-3] org.hibernate.cfg.annotations.EntityBinder.bindTable Bind entity com.kiiik.bms.model.auth.TbFunction on table tb_function
18-Mar-2020 17:53:08.215 INFO [localhost-startStop-3] org.hibernate.cfg.AnnotationBinder.bindClass Binding entity from annotated class: com.kiiik.bms.model.log.TbLog
18-Mar-2020 17:53:08.215 INFO [localhost-startStop-3] org.hibernate.cfg.annotations.EntityBinder.bindTable Bind entity com.kiiik.bms.model.log.TbLog on table tb_log
18-Mar-2020 17:53:08.219 INFO [localhost-startStop-3] org.hibernate.cfg.AnnotationBinder.bindClass Binding entity from annotated class: com.kiiik.bms.model.user.TbAdmin
18-Mar-2020 17:53:08.219 INFO [localhost-startStop-3] org.hibernate.cfg.annotations.EntityBinder.bindTable Bind entity com.kiiik.bms.model.user.TbAdmin on table tb_admin
18-Mar-2020 17:53:08.226 INFO [localhost-startStop-3] org.hibernate.cfg.Configuration.applyHibernateValidatorLegacyConstraintsOnDDL Hibernate Validator not found: ignoring
18-Mar-2020 17:53:08.231 INFO [localhost-startStop-3] org.hibernate.cfg.search.HibernateSearchEventListenerRegister.enableHibernateSearch Unable to find org.hibernate.search.event.FullTextIndexEventListener on the classpath. Hibernate Search is not enabled.
18-Mar-2020 17:53:08.246 WARNING [localhost-startStop-3] org.hibernate.mapping.RootClass.checkCompositeIdentifier composite-id class does not override equals(): com.kiiik.bms.model.auth.ro.TbRoleFunction$Id
18-Mar-2020 17:53:08.246 WARNING [localhost-startStop-3] org.hibernate.mapping.RootClass.checkCompositeIdentifier composite-id class does not override hashCode(): com.kiiik.bms.model.auth.ro.TbRoleFunction$Id
18-Mar-2020 17:53:08.250 INFO [localhost-startStop-3] org.hibernate.connection.ConnectionProviderFactory.initializeConnectionProviderFromConfig Initializing connection provider: org.springframework.orm.hibernate3.LocalDataSourceConnectionProvider
18-Mar-2020 17:53:11.376 WARNING [localhost-startStop-3] org.hibernate.util.JDBCExceptionReporter.logExceptions SQL Error: 0, SQLState: null
18-Mar-2020 17:53:11.379 SEVERE [localhost-startStop-3] org.hibernate.util.JDBCExceptionReporter.logExceptions Cannot create PoolableConnectionFactory (IO Error: The Network Adapter could not establish the connection)
18-Mar-2020 17:53:11.379 WARNING [localhost-startStop-3] org.hibernate.cfg.SettingsFactory.buildSettings Could not obtain connection to query metadata
	org.apache.commons.dbcp.SQLNestedException: Cannot create PoolableConnectionFactory (IO Error: The Network Adapter could not establish the connection)
		at org.apache.commons.dbcp.BasicDataSource.createPoolableConnectionFactory(BasicDataSource.java:1549)
		at org.apache.commons.dbcp.BasicDataSource.createDataSource(BasicDataSource.java:1388)
		at org.apache.commons.dbcp.BasicDataSource.getConnection(BasicDataSource.java:1044)
		at org.springframework.orm.hibernate3.LocalDataSourceConnectionProvider.getConnection(LocalDataSourceConnectionProvider.java:81)
		at org.hibernate.cfg.SettingsFactory.buildSettings(SettingsFactory.java:114)
		at org.hibernate.cfg.Configuration.buildSettingsInternal(Configuration.java:2836)
		at org.hibernate.cfg.Configuration.buildSettings(Configuration.java:2832)
		at org.hibernate.cfg.Configuration.buildSessionFactory(Configuration.java:1843)
		at org.springframework.orm.hibernate3.LocalSessionFactoryBean.newSessionFactory(LocalSessionFactoryBean.java:860)
		at org.springframework.orm.hibernate3.LocalSessionFactoryBean.buildSessionFactory(LocalSessionFactoryBean.java:779)
		at org.springframework.orm.hibernate3.AbstractSessionFactoryBean.afterPropertiesSet(AbstractSessionFactoryBean.java:188)
		at org.springframework.beans.factory.support.AbstractAutowireCapableBeanFactory.invokeInitMethods(AbstractAutowireCapableBeanFactory.java:1514)
		at org.springframework.beans.factory.support.AbstractAutowireCapableBeanFactory.initializeBean(AbstractAutowireCapableBeanFactory.java:1452)
		at org.springframework.beans.factory.support.AbstractAutowireCapableBeanFactory.doCreateBean(AbstractAutowireCapableBeanFactory.java:519)
		at org.springframework.beans.factory.support.AbstractAutowireCapableBeanFactory.createBean(AbstractAutowireCapableBeanFactory.java:456)
		at org.springframework.beans.factory.support.AbstractBeanFactory$1.getObject(AbstractBeanFactory.java:294)
		at org.springframework.beans.factory.support.DefaultSingletonBeanRegistry.getSingleton(DefaultSingletonBeanRegistry.java:225)
		at org.springframework.beans.factory.support.AbstractBeanFactory.doGetBean(AbstractBeanFactory.java:291)
		at org.springframework.beans.factory.support.AbstractBeanFactory.getBean(AbstractBeanFactory.java:193)
		at org.springframework.beans.factory.support.DefaultListableBeanFactory.findAutowireCandidates(DefaultListableBeanFactory.java:848)
		at org.springframework.beans.factory.support.DefaultListableBeanFactory.doResolveDependency(DefaultListableBeanFactory.java:790)
		at org.springframework.beans.factory.support.DefaultListableBeanFactory.resolveDependency(DefaultListableBeanFactory.java:707)
		at org.springframework.beans.factory.annotation.AutowiredAnnotationBeanPostProcessor$AutowiredFieldElement.inject(AutowiredAnnotationBeanPostProcessor.java:478)
		at org.springframework.beans.factory.annotation.InjectionMetadata.inject(InjectionMetadata.java:87)
		at org.springframework.beans.factory.annotation.AutowiredAnnotationBeanPostProcessor.postProcessPropertyValues(AutowiredAnnotationBeanPostProcessor.java:284)
		at org.springframework.beans.factory.support.AbstractAutowireCapableBeanFactory.populateBean(AbstractAutowireCapableBeanFactory.java:1106)
		at org.springframework.beans.factory.support.AbstractAutowireCapableBeanFactory.doCreateBean(AbstractAutowireCapableBeanFactory.java:517)
		at org.springframework.beans.factory.support.AbstractAutowireCapableBeanFactory.createBean(AbstractAutowireCapableBeanFactory.java:456)
		at org.springframework.beans.factory.support.AbstractBeanFactory$1.getObject(AbstractBeanFactory.java:294)
		at org.springframework.beans.factory.support.DefaultSingletonBeanRegistry.getSingleton(DefaultSingletonBeanRegistry.java:225)
		at org.springframework.beans.factory.support.AbstractBeanFactory.doGetBean(AbstractBeanFactory.java:291)
		at org.springframework.beans.factory.support.AbstractBeanFactory.getBean(AbstractBeanFactory.java:193)
		at org.springframework.beans.factory.support.DefaultListableBeanFactory.findAutowireCandidates(DefaultListableBeanFactory.java:848)
		at org.springframework.beans.factory.support.DefaultListableBeanFactory.doResolveDependency(DefaultListableBeanFactory.java:790)
		at org.springframework.beans.factory.support.DefaultListableBeanFactory.resolveDependency(DefaultListableBeanFactory.java:707)
		at org.springframework.beans.factory.annotation.AutowiredAnnotationBeanPostProcessor$AutowiredFieldElement.inject(AutowiredAnnotationBeanPostProcessor.java:478)
		at org.springframework.beans.factory.annotation.InjectionMetadata.inject(InjectionMetadata.java:87)
		at org.springframework.beans.factory.annotation.AutowiredAnnotationBeanPostProcessor.postProcessPropertyValues(AutowiredAnnotationBeanPostProcessor.java:284)
		at org.springframework.beans.factory.support.AbstractAutowireCapableBeanFactory.populateBean(AbstractAutowireCapableBeanFactory.java:1106)
		at org.springframework.beans.factory.support.AbstractAutowireCapableBeanFactory.doCreateBean(AbstractAutowireCapableBeanFactory.java:517)
		at org.springframework.beans.factory.support.AbstractAutowireCapableBeanFactory.createBean(AbstractAutowireCapableBeanFactory.java:456)
		at org.springframework.beans.factory.support.AbstractBeanFactory$1.getObject(AbstractBeanFactory.java:294)
		at org.springframework.beans.factory.support.DefaultSingletonBeanRegistry.getSingleton(DefaultSingletonBeanRegistry.java:225)
		at org.springframework.beans.factory.support.AbstractBeanFactory.doGetBean(AbstractBeanFactory.java:291)
		at org.springframework.beans.factory.support.AbstractBeanFactory.getBean(AbstractBeanFactory.java:193)
		at org.springframework.beans.factory.support.DefaultListableBeanFactory.findAutowireCandidates(DefaultListableBeanFactory.java:848)
		at org.springframework.beans.factory.support.DefaultListableBeanFactory.doResolveDependency(DefaultListableBeanFactory.java:790)
		at org.springframework.beans.factory.support.DefaultListableBeanFactory.resolveDependency(DefaultListableBeanFactory.java:707)
		at org.springframework.beans.factory.annotation.AutowiredAnnotationBeanPostProcessor$AutowiredFieldElement.inject(AutowiredAnnotationBeanPostProcessor.java:478)
		at org.springframework.beans.factory.annotation.InjectionMetadata.inject(InjectionMetadata.java:87)
		at org.springframework.beans.factory.annotation.AutowiredAnnotationBeanPostProcessor.postProcessPropertyValues(AutowiredAnnotationBeanPostProcessor.java:284)
		at org.springframework.beans.factory.support.AbstractAutowireCapableBeanFactory.populateBean(AbstractAutowireCapableBeanFactory.java:1106)
		at org.springframework.beans.factory.support.AbstractAutowireCapableBeanFactory.doCreateBean(AbstractAutowireCapableBeanFactory.java:517)
		at org.springframework.beans.factory.support.AbstractAutowireCapableBeanFactory.createBean(AbstractAutowireCapableBeanFactory.java:456)
		at org.springframework.beans.factory.support.AbstractBeanFactory$1.getObject(AbstractBeanFactory.java:294)
		at org.springframework.beans.factory.support.DefaultSingletonBeanRegistry.getSingleton(DefaultSingletonBeanRegistry.java:225)
		at org.springframework.beans.factory.support.AbstractBeanFactory.doGetBean(AbstractBeanFactory.java:291)
		at org.springframework.beans.factory.support.AbstractBeanFactory.getBean(AbstractBeanFactory.java:193)
		at org.springframework.beans.factory.support.DefaultListableBeanFactory.preInstantiateSingletons(DefaultListableBeanFactory.java:585)
		at org.springframework.context.support.AbstractApplicationContext.finishBeanFactoryInitialization(AbstractApplicationContext.java:913)
		at org.springframework.context.support.AbstractApplicationContext.refresh(AbstractApplicationContext.java:464)
		at org.springframework.web.context.ContextLoader.configureAndRefreshWebApplicationContext(ContextLoader.java:385)
		at org.springframework.web.context.ContextLoader.initWebApplicationContext(ContextLoader.java:284)
		at org.springframework.web.context.ContextLoaderListener.contextInitialized(ContextLoaderListener.java:111)
		at com.kiiik.bms.listener.ContextListener.contextInitialized(ContextListener.java:37)
		at org.apache.catalina.core.StandardContext.listenerStart(StandardContext.java:4699)
		at org.apache.catalina.core.StandardContext.startInternal(StandardContext.java:5165)
		at org.apache.catalina.util.LifecycleBase.start(LifecycleBase.java:183)
		at org.apache.catalina.core.ContainerBase.addChildInternal(ContainerBase.java:743)
		at org.apache.catalina.core.ContainerBase.addChild(ContainerBase.java:719)
		at org.apache.catalina.core.StandardHost.addChild(StandardHost.java:705)
		at org.apache.catalina.startup.HostConfig.deployWAR(HostConfig.java:970)
		at org.apache.catalina.startup.HostConfig$DeployWar.run(HostConfig.java:1841)
		at java.util.concurrent.Executors$RunnableAdapter.call(Executors.java:471)
		at java.util.concurrent.FutureTask.run(FutureTask.java:262)
		at java.util.concurrent.ThreadPoolExecutor.runWorker(ThreadPoolExecutor.java:1145)
		at java.util.concurrent.ThreadPoolExecutor$Worker.run(ThreadPoolExecutor.java:615)
		at java.lang.Thread.run(Thread.java:745)
	Caused by: java.sql.SQLRecoverableException: IO Error: The Network Adapter could not establish the connection
		at oracle.jdbc.driver.T4CConnection.logon(T4CConnection.java:673)
		at oracle.jdbc.driver.PhysicalConnection.<init>(PhysicalConnection.java:711)
		at oracle.jdbc.driver.T4CConnection.<init>(T4CConnection.java:385)
		at oracle.jdbc.driver.T4CDriverExtension.getConnection(T4CDriverExtension.java:30)
		at oracle.jdbc.driver.OracleDriver.connect(OracleDriver.java:558)
		at org.apache.commons.dbcp.DriverConnectionFactory.createConnection(DriverConnectionFactory.java:38)
		at org.apache.commons.dbcp.PoolableConnectionFactory.makeObject(PoolableConnectionFactory.java:582)
		at org.apache.commons.dbcp.BasicDataSource.validateConnectionFactory(BasicDataSource.java:1556)
		at org.apache.commons.dbcp.BasicDataSource.createPoolableConnectionFactory(BasicDataSource.java:1545)
		... 77 more
	Caused by: oracle.net.ns.NetException: The Network Adapter could not establish the connection
		at oracle.net.nt.ConnStrategy.execute(ConnStrategy.java:445)
		at oracle.net.resolver.AddrResolution.resolveAndExecute(AddrResolution.java:464)
		at oracle.net.ns.NSProtocol.establishConnection(NSProtocol.java:594)
		at oracle.net.ns.NSProtocol.connect(NSProtocol.java:229)
		at oracle.jdbc.driver.T4CConnection.connect(T4CConnection.java:1360)
		at oracle.jdbc.driver.T4CConnection.logon(T4CConnection.java:486)
		... 85 more
	Caused by: java.net.ConnectException: Connection timed out
		at java.net.PlainSocketImpl.socketConnect(Native Method)
		at java.net.AbstractPlainSocketImpl.doConnect(AbstractPlainSocketImpl.java:339)
		at java.net.AbstractPlainSocketImpl.connectToAddress(AbstractPlainSocketImpl.java:200)
		at java.net.AbstractPlainSocketImpl.connect(AbstractPlainSocketImpl.java:182)
		at java.net.SocksSocketImpl.connect(SocksSocketImpl.java:392)
		at java.net.Socket.connect(Socket.java:579)
		at oracle.net.nt.TcpNTAdapter.connect(TcpNTAdapter.java:162)
		at oracle.net.nt.ConnOption.connect(ConnOption.java:133)
		at oracle.net.nt.ConnStrategy.execute(ConnStrategy.java:411)
		... 90 more
18-Mar-2020 17:53:11.409 INFO [localhost-startStop-3] org.hibernate.dialect.Dialect.<init> Using dialect: org.hibernate.dialect.OracleDialect
18-Mar-2020 17:53:11.414 WARNING [localhost-startStop-3] org.hibernate.dialect.Oracle9Dialect.<init> The Oracle9Dialect dialect has been deprecated; use either Oracle9iDialect or Oracle10gDialect instead
18-Mar-2020 17:53:11.415 WARNING [localhost-startStop-3] org.hibernate.dialect.OracleDialect.<init> The OracleDialect dialect has been deprecated; use Oracle8iDialect instead
18-Mar-2020 17:53:11.416 INFO [localhost-startStop-3] org.hibernate.engine.jdbc.JdbcSupportLoader.useContextualLobCreation Disabling contextual LOB creation as connection was null
18-Mar-2020 17:53:11.417 INFO [localhost-startStop-3] org.hibernate.transaction.TransactionFactoryFactory.buildTransactionFactory Transaction strategy: org.springframework.orm.hibernate3.SpringTransactionFactory
18-Mar-2020 17:53:11.418 INFO [localhost-startStop-3] org.hibernate.transaction.TransactionManagerLookupFactory.getTransactionManagerLookup No TransactionManagerLookup configured (in JTA environment, use of read-write or transactional second-level cache is not recommended)
18-Mar-2020 17:53:11.418 INFO [localhost-startStop-3] org.hibernate.cfg.SettingsFactory.buildSettings Automatic flush during beforeCompletion(): disabled
18-Mar-2020 17:53:11.418 INFO [localhost-startStop-3] org.hibernate.cfg.SettingsFactory.buildSettings Automatic session close at end of transaction: disabled
18-Mar-2020 17:53:11.419 INFO [localhost-startStop-3] org.hibernate.cfg.SettingsFactory.buildSettings Scrollable result sets: disabled
18-Mar-2020 17:53:11.419 INFO [localhost-startStop-3] org.hibernate.cfg.SettingsFactory.buildSettings JDBC3 getGeneratedKeys(): disabled
18-Mar-2020 17:53:11.419 INFO [localhost-startStop-3] org.hibernate.cfg.SettingsFactory.buildSettings Connection release mode: after_statement
18-Mar-2020 17:53:11.420 WARNING [localhost-startStop-3] org.hibernate.cfg.SettingsFactory.buildSettings Overriding release mode as connection provider does not support 'after_statement'
18-Mar-2020 17:53:11.420 INFO [localhost-startStop-3] org.hibernate.cfg.SettingsFactory.buildSettings Default batch fetch size: 1
18-Mar-2020 17:53:11.420 INFO [localhost-startStop-3] org.hibernate.cfg.SettingsFactory.buildSettings Generate SQL with comments: enabled
18-Mar-2020 17:53:11.420 INFO [localhost-startStop-3] org.hibernate.cfg.SettingsFactory.buildSettings Order SQL updates by primary key: disabled
18-Mar-2020 17:53:11.420 INFO [localhost-startStop-3] org.hibernate.cfg.SettingsFactory.buildSettings Order SQL inserts for batching: disabled
18-Mar-2020 17:53:11.421 INFO [localhost-startStop-3] org.hibernate.cfg.SettingsFactory.createQueryTranslatorFactory Query translator: org.hibernate.hql.ast.ASTQueryTranslatorFactory
18-Mar-2020 17:53:11.422 INFO [localhost-startStop-3] org.hibernate.hql.ast.ASTQueryTranslatorFactory.<init> Using ASTQueryTranslatorFactory
18-Mar-2020 17:53:11.422 INFO [localhost-startStop-3] org.hibernate.cfg.SettingsFactory.buildSettings Query language substitutions: {}
18-Mar-2020 17:53:11.422 INFO [localhost-startStop-3] org.hibernate.cfg.SettingsFactory.buildSettings JPA-QL strict compliance: disabled
18-Mar-2020 17:53:11.422 INFO [localhost-startStop-3] org.hibernate.cfg.SettingsFactory.buildSettings Second-level cache: enabled
18-Mar-2020 17:53:11.422 INFO [localhost-startStop-3] org.hibernate.cfg.SettingsFactory.buildSettings Query cache: disabled
18-Mar-2020 17:53:11.423 INFO [localhost-startStop-3] org.hibernate.cfg.SettingsFactory.createRegionFactory Cache region factory : org.hibernate.cache.impl.NoCachingRegionFactory
18-Mar-2020 17:53:11.423 INFO [localhost-startStop-3] org.hibernate.cfg.SettingsFactory.buildSettings Optimize cache for minimal puts: disabled
18-Mar-2020 17:53:11.424 INFO [localhost-startStop-3] org.hibernate.cfg.SettingsFactory.buildSettings Structured second-level cache entries: disabled
18-Mar-2020 17:53:11.426 INFO [localhost-startStop-3] org.hibernate.cfg.SettingsFactory.buildSettings Statistics: disabled
18-Mar-2020 17:53:11.426 INFO [localhost-startStop-3] org.hibernate.cfg.SettingsFactory.buildSettings Deleted entity synthetic identifier rollback: disabled
18-Mar-2020 17:53:11.427 INFO [localhost-startStop-3] org.hibernate.cfg.SettingsFactory.buildSettings Default entity-mode: pojo
18-Mar-2020 17:53:11.427 INFO [localhost-startStop-3] org.hibernate.cfg.SettingsFactory.buildSettings Named query checking : enabled
18-Mar-2020 17:53:11.427 INFO [localhost-startStop-3] org.hibernate.cfg.SettingsFactory.buildSettings Check Nullability in Core (should be disabled when Bean Validation is on): enabled
18-Mar-2020 17:53:11.440 INFO [localhost-startStop-3] org.hibernate.impl.SessionFactoryImpl.<init> building session factory
18-Mar-2020 17:53:11.443 INFO [localhost-startStop-3] org.hibernate.type.BasicTypeRegistry.register Type registration [materialized_clob] overrides previous : org.hibernate.type.MaterializedClobType@1826727f
18-Mar-2020 17:53:11.444 INFO [localhost-startStop-3] org.hibernate.type.BasicTypeRegistry.register Type registration [characters_clob] overrides previous : org.hibernate.type.PrimitiveCharacterArrayClobType@426fc3c
18-Mar-2020 17:53:11.444 INFO [localhost-startStop-3] org.hibernate.type.BasicTypeRegistry.register Type registration [clob] overrides previous : org.hibernate.type.ClobType@1b79c945
18-Mar-2020 17:53:11.444 INFO [localhost-startStop-3] org.hibernate.type.BasicTypeRegistry.register Type registration [java.sql.Clob] overrides previous : org.hibernate.type.ClobType@1b79c945
18-Mar-2020 17:53:11.444 INFO [localhost-startStop-3] org.hibernate.type.BasicTypeRegistry.register Type registration [wrapper_characters_clob] overrides previous : org.hibernate.type.CharacterArrayClobType@588cdf1a
18-Mar-2020 17:53:11.444 INFO [localhost-startStop-3] org.hibernate.type.BasicTypeRegistry.register Type registration [materialized_blob] overrides previous : org.hibernate.type.MaterializedBlobType@88b5161
18-Mar-2020 17:53:11.445 INFO [localhost-startStop-3] org.hibernate.type.BasicTypeRegistry.register Type registration [wrapper_materialized_blob] overrides previous : org.hibernate.type.WrappedMaterializedBlobType@728bbba8
18-Mar-2020 17:53:11.445 INFO [localhost-startStop-3] org.hibernate.type.BasicTypeRegistry.register Type registration [blob] overrides previous : org.hibernate.type.BlobType@33cd4d58
18-Mar-2020 17:53:11.445 INFO [localhost-startStop-3] org.hibernate.type.BasicTypeRegistry.register Type registration [java.sql.Blob] overrides previous : org.hibernate.type.BlobType@33cd4d58
18-Mar-2020 17:53:11.628 INFO [localhost-startStop-3] org.hibernate.impl.SessionFactoryObjectFactory.addInstance Not binding factory to JNDI, no JNDI name configured
18-Mar-2020 17:53:14.804 INFO [localhost-startStop-3] org.apache.catalina.startup.HostConfig.deployWAR Deployment of web application archive [/home/trade/apache-tomcat-8.5.51/webapps/ecBms.war] has finished in [14,050] ms
18-Mar-2020 17:53:17.364 WARNING [Thread-14] org.hibernate.util.JDBCExceptionReporter.logExceptions SQL Error: 0, SQLState: null
18-Mar-2020 17:53:17.365 SEVERE [Thread-14] org.hibernate.util.JDBCExceptionReporter.logExceptions Cannot create PoolableConnectionFactory (IO Error: The Network Adapter could not establish the connection)
18-Mar-2020 17:53:17.368 WARNING [Thread-14] org.hibernate.util.JDBCExceptionReporter.logExceptions SQL Error: 0, SQLState: null
18-Mar-2020 17:53:17.371 SEVERE [Thread-14] org.hibernate.util.JDBCExceptionReporter.logExceptions Cannot create PoolableConnectionFactory (IO Error: The Network Adapter could not establish the connection)
