09-Apr-2020 16:10:39.632 INFO [ContainerBackgroundProcessor[StandardEngine[Catalina]]] org.apache.catalina.core.ApplicationContext.log Destroying Spring FrameworkServlet 'springMVC'
09-Apr-2020 16:10:39.641 INFO [ContainerBackgroundProcessor[StandardEngine[Catalina]]] org.apache.catalina.core.ApplicationContext.log Shutting down log4j
09-Apr-2020 16:10:39.642 INFO [ContainerBackgroundProcessor[StandardEngine[Catalina]]] org.apache.catalina.core.ApplicationContext.log Closing Spring root WebApplicationContext
09-Apr-2020 16:10:51.386 INFO [localhost-startStop-2] org.apache.catalina.core.ApplicationContext.log No Spring WebApplicationInitializer types detected on classpath
09-Apr-2020 16:10:51.428 INFO [localhost-startStop-2] org.apache.catalina.core.ApplicationContext.log Initializing Spring root WebApplicationContext
09-Apr-2020 16:10:56.781 INFO [localhost-startStop-2] org.apache.catalina.core.ApplicationContext.log Set web app root system property: 'webapp.root' = [/home/trade/apache-tomcat-8.5.51/webapps/ecBms_kiiikzc/]
09-Apr-2020 16:10:56.781 INFO [localhost-startStop-2] org.apache.catalina.core.ApplicationContext.log Initializing log4j from [classpath:log4j.properties]
09-Apr-2020 16:10:56.784 SEVERE [localhost-startStop-2] org.apache.tomcat.util.descriptor.web.SecurityConstraint.findUncoveredHttpMethods For security constraints with URL pattern [/*] only the HTTP methods [DELETE OPTIONS HEAD PUT TRACE] are covered. All other methods are uncovered.
09-Apr-2020 16:10:56.811 INFO [localhost-startStop-2] org.apache.catalina.core.ApplicationContext.log Initializing Spring FrameworkServlet 'springMVC'
09-Apr-2020 16:11:07.748 INFO [ContainerBackgroundProcessor[StandardEngine[Catalina]]] org.apache.catalina.core.ApplicationContext.log Destroying Spring FrameworkServlet 'springMVC'
09-Apr-2020 16:11:07.754 INFO [ContainerBackgroundProcessor[StandardEngine[Catalina]]] org.apache.catalina.core.ApplicationContext.log Shutting down log4j
09-Apr-2020 16:11:07.755 INFO [ContainerBackgroundProcessor[StandardEngine[Catalina]]] org.apache.catalina.core.ApplicationContext.log Closing Spring root WebApplicationContext
09-Apr-2020 16:11:08.985 INFO [localhost-startStop-3] org.apache.catalina.core.ApplicationContext.log No Spring WebApplicationInitializer types detected on classpath
09-Apr-2020 16:11:09.023 INFO [localhost-startStop-3] org.apache.catalina.core.ApplicationContext.log Initializing Spring root WebApplicationContext
09-Apr-2020 16:11:14.062 INFO [localhost-startStop-3] org.apache.catalina.core.ApplicationContext.log Set web app root system property: 'webapp.root' = [/home/trade/apache-tomcat-8.5.51/webapps/ecBms/]
09-Apr-2020 16:11:14.062 INFO [localhost-startStop-3] org.apache.catalina.core.ApplicationContext.log Initializing log4j from [classpath:log4j.properties]
09-Apr-2020 16:11:14.063 SEVERE [localhost-startStop-3] org.apache.tomcat.util.descriptor.web.SecurityConstraint.findUncoveredHttpMethods For security constraints with URL pattern [/*] only the HTTP methods [DELETE OPTIONS HEAD PUT TRACE] are covered. All other methods are uncovered.
09-Apr-2020 16:11:14.094 INFO [localhost-startStop-3] org.apache.catalina.core.ApplicationContext.log Initializing Spring FrameworkServlet 'springMVC'
09-Apr-2020 16:11:17.307 INFO [localhost-startStop-3] org.apache.catalina.core.ApplicationContext.log Destroying Spring FrameworkServlet 'springMVC'
09-Apr-2020 16:11:17.311 INFO [localhost-startStop-3] org.apache.catalina.core.ApplicationContext.log Shutting down log4j
09-Apr-2020 16:11:17.311 INFO [localhost-startStop-3] org.apache.catalina.core.ApplicationContext.log Closing Spring root WebApplicationContext
09-Apr-2020 16:11:29.402 INFO [localhost-startStop-1] org.apache.catalina.core.ApplicationContext.log No Spring WebApplicationInitializer types detected on classpath
09-Apr-2020 16:11:29.503 INFO [localhost-startStop-1] org.apache.catalina.core.ApplicationContext.log Initializing Spring root WebApplicationContext
09-Apr-2020 16:11:35.558 INFO [localhost-startStop-1] org.apache.catalina.core.ApplicationContext.log Set web app root system property: 'webapp.root' = [/home/trade/apache-tomcat-8.5.51/webapps/ecBms/]
09-Apr-2020 16:11:35.558 INFO [localhost-startStop-1] org.apache.catalina.core.ApplicationContext.log Initializing log4j from [classpath:log4j.properties]
09-Apr-2020 16:11:35.559 SEVERE [localhost-startStop-1] org.apache.tomcat.util.descriptor.web.SecurityConstraint.findUncoveredHttpMethods For security constraints with URL pattern [/*] only the HTTP methods [DELETE OPTIONS HEAD PUT TRACE] are covered. All other methods are uncovered.
09-Apr-2020 16:12:26.461 INFO [localhost-startStop-1] org.apache.catalina.core.ApplicationContext.log Initializing Spring FrameworkServlet 'springMVC'
09-Apr-2020 16:12:26.933 SEVERE [localhost-startStop-1] org.apache.tomcat.util.descriptor.web.SecurityConstraint.findUncoveredHttpMethods For security constraints with URL pattern [/*] only the HTTP methods [DELETE OPTIONS HEAD PUT TRACE] are covered. All other methods are uncovered.
09-Apr-2020 16:12:27.008 SEVERE [localhost-startStop-1] org.apache.tomcat.util.descriptor.web.SecurityConstraint.findUncoveredHttpMethods For security constraints with URL pattern [/*] only the HTTP methods [DELETE OPTIONS HEAD PUT TRACE] are covered. All other methods are uncovered.
09-Apr-2020 16:14:47.539 INFO [ContainerBackgroundProcessor[StandardEngine[Catalina]]] org.apache.catalina.core.ApplicationContext.log Destroying Spring FrameworkServlet 'springMVC'
09-Apr-2020 16:14:47.550 INFO [ContainerBackgroundProcessor[StandardEngine[Catalina]]] org.apache.catalina.core.ApplicationContext.log Shutting down log4j
09-Apr-2020 16:14:47.551 INFO [ContainerBackgroundProcessor[StandardEngine[Catalina]]] org.apache.catalina.core.ApplicationContext.log Closing Spring root WebApplicationContext
09-Apr-2020 16:14:59.495 INFO [localhost-startStop-2] org.apache.catalina.core.ApplicationContext.log No Spring WebApplicationInitializer types detected on classpath
09-Apr-2020 16:14:59.571 INFO [localhost-startStop-2] org.apache.catalina.core.ApplicationContext.log Initializing Spring root WebApplicationContext
09-Apr-2020 16:15:04.891 INFO [localhost-startStop-2] org.apache.catalina.core.ApplicationContext.log Set web app root system property: 'webapp.root' = [/home/trade/apache-tomcat-8.5.51/webapps/ecBms/]
09-Apr-2020 16:15:04.891 INFO [localhost-startStop-2] org.apache.catalina.core.ApplicationContext.log Initializing log4j from [classpath:log4j.properties]
09-Apr-2020 16:15:04.893 SEVERE [localhost-startStop-2] org.apache.tomcat.util.descriptor.web.SecurityConstraint.findUncoveredHttpMethods For security constraints with URL pattern [/*] only the HTTP methods [DELETE OPTIONS HEAD PUT TRACE] are covered. All other methods are uncovered.
09-Apr-2020 16:15:04.935 INFO [localhost-startStop-2] org.apache.catalina.core.ApplicationContext.log Initializing Spring FrameworkServlet 'springMVC'
09-Apr-2020 16:15:05.661 INFO [localhost-startStop-2] org.apache.catalina.core.ApplicationContext.log Destroying Spring FrameworkServlet 'springMVC'
09-Apr-2020 16:15:05.667 INFO [localhost-startStop-2] org.apache.catalina.core.ApplicationContext.log Shutting down log4j
09-Apr-2020 16:15:05.668 INFO [localhost-startStop-2] org.apache.catalina.core.ApplicationContext.log Closing Spring root WebApplicationContext
09-Apr-2020 16:15:22.340 INFO [localhost-startStop-1] org.apache.catalina.core.ApplicationContext.log No Spring WebApplicationInitializer types detected on classpath
09-Apr-2020 16:15:22.515 INFO [localhost-startStop-1] org.apache.catalina.core.ApplicationContext.log Initializing Spring root WebApplicationContext
09-Apr-2020 16:15:28.841 INFO [localhost-startStop-1] org.apache.catalina.core.ApplicationContext.log Set web app root system property: 'webapp.root' = [/home/trade/apache-tomcat-8.5.51/webapps/ecBms/]
09-Apr-2020 16:15:28.841 INFO [localhost-startStop-1] org.apache.catalina.core.ApplicationContext.log Initializing log4j from [classpath:log4j.properties]
09-Apr-2020 16:15:28.843 SEVERE [localhost-startStop-1] org.apache.tomcat.util.descriptor.web.SecurityConstraint.findUncoveredHttpMethods For security constraints with URL pattern [/*] only the HTTP methods [DELETE OPTIONS HEAD PUT TRACE] are covered. All other methods are uncovered.
09-Apr-2020 16:17:34.220 INFO [localhost-startStop-1] org.apache.catalina.core.ApplicationContext.log Initializing Spring FrameworkServlet 'springMVC'
09-Apr-2020 16:17:34.721 SEVERE [localhost-startStop-1] org.apache.tomcat.util.descriptor.web.SecurityConstraint.findUncoveredHttpMethods For security constraints with URL pattern [/*] only the HTTP methods [DELETE OPTIONS HEAD PUT TRACE] are covered. All other methods are uncovered.
09-Apr-2020 16:17:34.777 SEVERE [localhost-startStop-1] org.apache.tomcat.util.descriptor.web.SecurityConstraint.findUncoveredHttpMethods For security constraints with URL pattern [/*] only the HTTP methods [DELETE OPTIONS HEAD PUT TRACE] are covered. All other methods are uncovered.
09-Apr-2020 16:17:44.789 INFO [ContainerBackgroundProcessor[StandardEngine[Catalina]]] org.apache.catalina.core.ApplicationContext.log Destroying Spring FrameworkServlet 'springMVC'
09-Apr-2020 16:17:44.800 INFO [ContainerBackgroundProcessor[StandardEngine[Catalina]]] org.apache.catalina.core.ApplicationContext.log Shutting down log4j
09-Apr-2020 16:17:44.801 INFO [ContainerBackgroundProcessor[StandardEngine[Catalina]]] org.apache.catalina.core.ApplicationContext.log Closing Spring root WebApplicationContext
09-Apr-2020 16:17:46.591 INFO [localhost-startStop-2] org.apache.catalina.core.ApplicationContext.log No Spring WebApplicationInitializer types detected on classpath
09-Apr-2020 16:17:46.642 INFO [localhost-startStop-2] org.apache.catalina.core.ApplicationContext.log Initializing Spring root WebApplicationContext
09-Apr-2020 16:17:51.950 INFO [localhost-startStop-2] org.apache.catalina.core.ApplicationContext.log Set web app root system property: 'webapp.root' = [/home/trade/apache-tomcat-8.5.51/webapps/ecBms/]
09-Apr-2020 16:17:51.950 INFO [localhost-startStop-2] org.apache.catalina.core.ApplicationContext.log Initializing log4j from [classpath:log4j.properties]
09-Apr-2020 16:17:51.955 SEVERE [localhost-startStop-2] org.apache.tomcat.util.descriptor.web.SecurityConstraint.findUncoveredHttpMethods For security constraints with URL pattern [/*] only the HTTP methods [DELETE OPTIONS HEAD PUT TRACE] are covered. All other methods are uncovered.
09-Apr-2020 16:17:51.991 INFO [localhost-startStop-2] org.apache.catalina.core.ApplicationContext.log Initializing Spring FrameworkServlet 'springMVC'
09-Apr-2020 16:33:32.118 INFO [localhost-startStop-3] org.apache.catalina.core.ApplicationContext.log Destroying Spring FrameworkServlet 'springMVC'
09-Apr-2020 16:33:32.127 INFO [localhost-startStop-3] org.apache.catalina.core.ApplicationContext.log Shutting down log4j
09-Apr-2020 16:33:32.129 INFO [localhost-startStop-3] org.apache.catalina.core.ApplicationContext.log Closing Spring root WebApplicationContext
09-Apr-2020 16:33:44.773 INFO [localhost-startStop-1] org.apache.catalina.core.ApplicationContext.log No Spring WebApplicationInitializer types detected on classpath
09-Apr-2020 16:33:44.881 INFO [localhost-startStop-1] org.apache.catalina.core.ApplicationContext.log Initializing Spring root WebApplicationContext
09-Apr-2020 16:33:48.202 INFO [localhost-startStop-1] org.apache.catalina.core.ApplicationContext.log Set web app root system property: 'webapp.root' = [/home/trade/apache-tomcat-8.5.51/webapps/ecBms/]
09-Apr-2020 16:33:48.202 INFO [localhost-startStop-1] org.apache.catalina.core.ApplicationContext.log Initializing log4j from [classpath:log4j.properties]
09-Apr-2020 16:33:48.204 SEVERE [localhost-startStop-1] org.apache.tomcat.util.descriptor.web.SecurityConstraint.findUncoveredHttpMethods For security constraints with URL pattern [/*] only the HTTP methods [DELETE OPTIONS HEAD PUT TRACE] are covered. All other methods are uncovered.
09-Apr-2020 16:33:48.235 INFO [localhost-startStop-1] org.apache.catalina.core.ApplicationContext.log Initializing Spring FrameworkServlet 'springMVC'
09-Apr-2020 16:33:49.127 SEVERE [localhost-startStop-1] org.apache.tomcat.util.descriptor.web.SecurityConstraint.findUncoveredHttpMethods For security constraints with URL pattern [/*] only the HTTP methods [DELETE OPTIONS HEAD PUT TRACE] are covered. All other methods are uncovered.
09-Apr-2020 16:33:49.186 SEVERE [localhost-startStop-1] org.apache.tomcat.util.descriptor.web.SecurityConstraint.findUncoveredHttpMethods For security constraints with URL pattern [/*] only the HTTP methods [DELETE OPTIONS HEAD PUT TRACE] are covered. All other methods are uncovered.
09-Apr-2020 17:02:03.651 INFO [localhost-startStop-2] org.apache.catalina.core.ApplicationContext.log Destroying Spring FrameworkServlet 'springMVC'
09-Apr-2020 17:02:03.666 INFO [localhost-startStop-2] org.apache.catalina.core.ApplicationContext.log Shutting down log4j
09-Apr-2020 17:02:03.667 INFO [localhost-startStop-2] org.apache.catalina.core.ApplicationContext.log Closing Spring root WebApplicationContext
09-Apr-2020 17:03:45.765 INFO [localhost-startStop-1] org.apache.catalina.core.ApplicationContext.log No Spring WebApplicationInitializer types detected on classpath
09-Apr-2020 17:03:45.816 INFO [localhost-startStop-1] org.apache.catalina.core.ApplicationContext.log Initializing Spring root WebApplicationContext
09-Apr-2020 17:03:49.620 INFO [localhost-startStop-1] org.apache.catalina.core.ApplicationContext.log Set web app root system property: 'webapp.root' = [/home/trade/apache-tomcat-8.5.51/webapps/ecBms/]
09-Apr-2020 17:03:49.620 INFO [localhost-startStop-1] org.apache.catalina.core.ApplicationContext.log Initializing log4j from [classpath:log4j.properties]
09-Apr-2020 17:03:49.622 SEVERE [localhost-startStop-1] org.apache.tomcat.util.descriptor.web.SecurityConstraint.findUncoveredHttpMethods For security constraints with URL pattern [/*] only the HTTP methods [DELETE OPTIONS HEAD PUT TRACE] are covered. All other methods are uncovered.
09-Apr-2020 17:03:49.662 INFO [localhost-startStop-1] org.apache.catalina.core.ApplicationContext.log Initializing Spring FrameworkServlet 'springMVC'
09-Apr-2020 17:03:50.401 SEVERE [localhost-startStop-1] org.apache.tomcat.util.descriptor.web.SecurityConstraint.findUncoveredHttpMethods For security constraints with URL pattern [/*] only the HTTP methods [DELETE OPTIONS HEAD PUT TRACE] are covered. All other methods are uncovered.
09-Apr-2020 17:03:50.436 SEVERE [localhost-startStop-1] org.apache.tomcat.util.descriptor.web.SecurityConstraint.findUncoveredHttpMethods For security constraints with URL pattern [/*] only the HTTP methods [DELETE OPTIONS HEAD PUT TRACE] are covered. All other methods are uncovered.
