30-Mar-2020 13:42:23.754 INFO [localhost-startStop-2] org.apache.catalina.core.ApplicationContext.log Destroying Spring FrameworkServlet 'springMVC'
30-Mar-2020 13:42:23.766 INFO [localhost-startStop-2] org.apache.catalina.core.ApplicationContext.log Shutting down log4j
30-Mar-2020 13:42:23.768 INFO [localhost-startStop-2] org.apache.catalina.core.ApplicationContext.log Closing Spring root WebApplicationContext
30-Mar-2020 13:42:30.462 INFO [localhost-startStop-1] org.apache.catalina.core.ApplicationContext.log No Spring WebApplicationInitializer types detected on classpath
30-Mar-2020 13:42:30.566 INFO [localhost-startStop-1] org.apache.catalina.core.ApplicationContext.log Initializing Spring root WebApplicationContext
30-Mar-2020 13:42:34.253 INFO [localhost-startStop-1] org.apache.catalina.core.ApplicationContext.log Set web app root system property: 'webapp.root' = [/home/trade/apache-tomcat-8.5.51/webapps/ecBms/]
30-Mar-2020 13:42:34.253 INFO [localhost-startStop-1] org.apache.catalina.core.ApplicationContext.log Initializing log4j from [classpath:log4j.properties]
30-Mar-2020 13:42:34.255 SEVERE [localhost-startStop-1] org.apache.tomcat.util.descriptor.web.SecurityConstraint.findUncoveredHttpMethods For security constraints with URL pattern [/*] only the HTTP methods [DELETE OPTIONS HEAD PUT TRACE] are covered. All other methods are uncovered.
30-Mar-2020 13:42:34.287 INFO [localhost-startStop-1] org.apache.catalina.core.ApplicationContext.log Initializing Spring FrameworkServlet 'springMVC'
30-Mar-2020 13:42:35.142 SEVERE [localhost-startStop-1] org.apache.tomcat.util.descriptor.web.SecurityConstraint.findUncoveredHttpMethods For security constraints with URL pattern [/*] only the HTTP methods [DELETE OPTIONS HEAD PUT TRACE] are covered. All other methods are uncovered.
30-Mar-2020 13:42:35.203 SEVERE [localhost-startStop-1] org.apache.tomcat.util.descriptor.web.SecurityConstraint.findUncoveredHttpMethods For security constraints with URL pattern [/*] only the HTTP methods [DELETE OPTIONS HEAD PUT TRACE] are covered. All other methods are uncovered.
30-Mar-2020 16:37:46.241 SEVERE [Thread-16] org.apache.catalina.core.StandardWrapperValve.invoke Servlet.service() for servlet [springMVC] in context with path [/ecBms] threw exception [Request processing failed; nested exception is org.springframework.jdbc.UncategorizedSQLException: Hibernate flushing: Cannot release connection; uncategorized SQLException for SQL [???]; SQL state [null]; error code [0]; Already closed.; nested exception is java.sql.SQLException: Already closed.] with root cause
	java.sql.SQLException: Already closed.
		at org.apache.commons.dbcp.PoolableConnection.close(PoolableConnection.java:114)
		at org.apache.commons.dbcp.PoolingDataSource$PoolGuardConnectionWrapper.close(PoolingDataSource.java:191)
		at org.springframework.orm.hibernate3.LocalDataSourceConnectionProvider.closeConnection(LocalDataSourceConnectionProvider.java:95)
		at org.hibernate.jdbc.ConnectionManager.closeConnection(ConnectionManager.java:474)
		at org.hibernate.jdbc.ConnectionManager.aggressiveRelease(ConnectionManager.java:429)
		at org.hibernate.jdbc.ConnectionManager.afterTransaction(ConnectionManager.java:316)
		at org.hibernate.jdbc.JDBCContext.afterTransactionCompletion(JDBCContext.java:269)
		at org.hibernate.transaction.JDBCTransaction.rollback(JDBCTransaction.java:204)
		at org.springframework.orm.hibernate3.HibernateTransactionManager.doRollback(HibernateTransactionManager.java:676)
		at org.springframework.transaction.support.AbstractPlatformTransactionManager.processRollback(AbstractPlatformTransactionManager.java:845)
		at org.springframework.transaction.support.AbstractPlatformTransactionManager.rollback(AbstractPlatformTransactionManager.java:822)
		at org.springframework.transaction.interceptor.TransactionAspectSupport.completeTransactionAfterThrowing(TransactionAspectSupport.java:411)
		at org.springframework.transaction.interceptor.TransactionInterceptor.invoke(TransactionInterceptor.java:114)
		at org.springframework.aop.framework.ReflectiveMethodInvocation.proceed(ReflectiveMethodInvocation.java:172)
		at org.springframework.aop.framework.Cglib2AopProxy$DynamicAdvisedInterceptor.intercept(Cglib2AopProxy.java:622)
		at com.kiiik.bms.service.DepartmentService$$EnhancerByCGLIB$$9e2ba85a.listDepartmentNames(<generated>)
		at com.kiiik.bms.action.DepartmentAction.listDepartmentNames(DepartmentAction.java:49)
		at com.kiiik.bms.action.DepartmentAction$$FastClassByCGLIB$$5ffd82c.invoke(<generated>)
		at net.sf.cglib.proxy.MethodProxy.invoke(MethodProxy.java:204)
		at org.springframework.aop.framework.Cglib2AopProxy$CglibMethodInvocation.invokeJoinpoint(Cglib2AopProxy.java:689)
		at org.springframework.aop.framework.ReflectiveMethodInvocation.proceed(ReflectiveMethodInvocation.java:150)
		at org.springframework.aop.framework.adapter.MethodBeforeAdviceInterceptor.invoke(MethodBeforeAdviceInterceptor.java:50)
		at org.springframework.aop.framework.ReflectiveMethodInvocation.proceed(ReflectiveMethodInvocation.java:172)
		at org.springframework.aop.framework.adapter.MethodBeforeAdviceInterceptor.invoke(MethodBeforeAdviceInterceptor.java:50)
		at org.springframework.aop.framework.ReflectiveMethodInvocation.proceed(ReflectiveMethodInvocation.java:172)
		at org.springframework.aop.interceptor.ExposeInvocationInterceptor.invoke(ExposeInvocationInterceptor.java:90)
		at org.springframework.aop.framework.ReflectiveMethodInvocation.proceed(ReflectiveMethodInvocation.java:172)
		at org.springframework.aop.framework.Cglib2AopProxy$DynamicAdvisedInterceptor.intercept(Cglib2AopProxy.java:622)
		at com.kiiik.bms.action.DepartmentAction$$EnhancerByCGLIB$$66c4c944.listDepartmentNames(<generated>)
		at sun.reflect.NativeMethodAccessorImpl.invoke0(Native Method)
		at sun.reflect.NativeMethodAccessorImpl.invoke(NativeMethodAccessorImpl.java:57)
		at sun.reflect.DelegatingMethodAccessorImpl.invoke(DelegatingMethodAccessorImpl.java:43)
		at java.lang.reflect.Method.invoke(Method.java:606)
		at org.springframework.web.method.support.InvocableHandlerMethod.invoke(InvocableHandlerMethod.java:213)
		at org.springframework.web.method.support.InvocableHandlerMethod.invokeForRequest(InvocableHandlerMethod.java:126)
		at org.springframework.web.servlet.mvc.method.annotation.ServletInvocableHandlerMethod.invokeAndHandle(ServletInvocableHandlerMethod.java:96)
		at org.springframework.web.servlet.mvc.method.annotation.RequestMappingHandlerAdapter.invokeHandlerMethod(RequestMappingHandlerAdapter.java:617)
		at org.springframework.web.servlet.mvc.method.annotation.RequestMappingHandlerAdapter.handleInternal(RequestMappingHandlerAdapter.java:578)
		at org.springframework.web.servlet.mvc.method.AbstractHandlerMethodAdapter.handle(AbstractHandlerMethodAdapter.java:80)
		at org.springframework.web.servlet.DispatcherServlet.doDispatch(DispatcherServlet.java:923)
		at org.springframework.web.servlet.DispatcherServlet.doService(DispatcherServlet.java:852)
		at org.springframework.web.servlet.FrameworkServlet.processRequest(FrameworkServlet.java:882)
		at org.springframework.web.servlet.FrameworkServlet.doPost(FrameworkServlet.java:789)
		at javax.servlet.http.HttpServlet.service(HttpServlet.java:660)
		at javax.servlet.http.HttpServlet.service(HttpServlet.java:741)
		at org.apache.catalina.core.ApplicationFilterChain.internalDoFilter(ApplicationFilterChain.java:231)
		at org.apache.catalina.core.ApplicationFilterChain.doFilter(ApplicationFilterChain.java:166)
		at org.apache.tomcat.websocket.server.WsFilter.doFilter(WsFilter.java:52)
		at org.apache.catalina.core.ApplicationFilterChain.internalDoFilter(ApplicationFilterChain.java:193)
		at org.apache.catalina.core.ApplicationFilterChain.doFilter(ApplicationFilterChain.java:166)
		at org.springframework.web.filter.CharacterEncodingFilter.doFilterInternal(CharacterEncodingFilter.java:88)
		at com.kiiik.bms.filter.EncodingFilter.doFilterInternal(EncodingFilter.java:30)
		at org.springframework.web.filter.OncePerRequestFilter.doFilter(OncePerRequestFilter.java:76)
		at org.apache.catalina.core.ApplicationFilterChain.internalDoFilter(ApplicationFilterChain.java:193)
		at org.apache.catalina.core.ApplicationFilterChain.doFilter(ApplicationFilterChain.java:166)
		at org.apache.catalina.core.StandardWrapperValve.invoke(StandardWrapperValve.java:199)
		at org.apache.catalina.core.StandardContextValve.invoke(StandardContextValve.java:96)
		at org.apache.catalina.authenticator.AuthenticatorBase.invoke(AuthenticatorBase.java:543)
		at org.apache.catalina.core.StandardHostValve.invoke(StandardHostValve.java:139)
		at org.apache.catalina.valves.ErrorReportValve.invoke(ErrorReportValve.java:81)
		at org.apache.catalina.valves.AbstractAccessLogValve.invoke(AbstractAccessLogValve.java:688)
		at org.apache.catalina.core.StandardEngineValve.invoke(StandardEngineValve.java:87)
		at org.apache.catalina.connector.CoyoteAdapter.service(CoyoteAdapter.java:343)
		at org.apache.coyote.http11.Http11Processor.service(Http11Processor.java:609)
		at org.apache.coyote.AbstractProcessorLight.process(AbstractProcessorLight.java:65)
		at org.apache.coyote.AbstractProtocol$ConnectionHandler.process(AbstractProtocol.java:818)
		at org.apache.tomcat.util.net.Nio2Endpoint$SocketProcessor.doRun(Nio2Endpoint.java:1630)
		at org.apache.tomcat.util.net.SocketProcessorBase.run(SocketProcessorBase.java:49)
		at org.apache.tomcat.util.net.AbstractEndpoint.processSocket(AbstractEndpoint.java:1082)
		at org.apache.tomcat.util.net.Nio2Endpoint$Nio2SocketWrapper$2.completed(Nio2Endpoint.java:566)
		at org.apache.tomcat.util.net.Nio2Endpoint$Nio2SocketWrapper$2.completed(Nio2Endpoint.java:544)
		at sun.nio.ch.Invoker.invokeUnchecked(Invoker.java:126)
		at sun.nio.ch.Invoker$2.run(Invoker.java:218)
		at sun.nio.ch.AsynchronousChannelGroupImpl$1.run(AsynchronousChannelGroupImpl.java:112)
		at java.util.concurrent.ThreadPoolExecutor.runWorker(ThreadPoolExecutor.java:1145)
		at java.util.concurrent.ThreadPoolExecutor$Worker.run(ThreadPoolExecutor.java:615)
		at java.lang.Thread.run(Thread.java:745)
30-Mar-2020 16:58:38.233 SEVERE [Thread-16] org.apache.catalina.core.StandardWrapperValve.invoke Servlet.service() for servlet [springMVC] in context with path [/ecBms] threw exception [Request processing failed; nested exception is org.springframework.jdbc.UncategorizedSQLException: Hibernate flushing: Cannot release connection; uncategorized SQLException for SQL [???]; SQL state [null]; error code [0]; Already closed.; nested exception is java.sql.SQLException: Already closed.] with root cause
	java.sql.SQLException: Already closed.
		at org.apache.commons.dbcp.PoolableConnection.close(PoolableConnection.java:114)
		at org.apache.commons.dbcp.PoolingDataSource$PoolGuardConnectionWrapper.close(PoolingDataSource.java:191)
		at org.springframework.orm.hibernate3.LocalDataSourceConnectionProvider.closeConnection(LocalDataSourceConnectionProvider.java:95)
		at org.hibernate.jdbc.ConnectionManager.closeConnection(ConnectionManager.java:474)
		at org.hibernate.jdbc.ConnectionManager.aggressiveRelease(ConnectionManager.java:429)
		at org.hibernate.jdbc.ConnectionManager.afterTransaction(ConnectionManager.java:316)
		at org.hibernate.jdbc.JDBCContext.afterTransactionCompletion(JDBCContext.java:269)
		at org.hibernate.transaction.JDBCTransaction.rollback(JDBCTransaction.java:204)
		at org.springframework.orm.hibernate3.HibernateTransactionManager.doRollback(HibernateTransactionManager.java:676)
		at org.springframework.transaction.support.AbstractPlatformTransactionManager.processRollback(AbstractPlatformTransactionManager.java:845)
		at org.springframework.transaction.support.AbstractPlatformTransactionManager.rollback(AbstractPlatformTransactionManager.java:822)
		at org.springframework.transaction.interceptor.TransactionAspectSupport.completeTransactionAfterThrowing(TransactionAspectSupport.java:411)
		at org.springframework.transaction.interceptor.TransactionInterceptor.invoke(TransactionInterceptor.java:114)
		at org.springframework.aop.framework.ReflectiveMethodInvocation.proceed(ReflectiveMethodInvocation.java:172)
		at org.springframework.aop.framework.Cglib2AopProxy$DynamicAdvisedInterceptor.intercept(Cglib2AopProxy.java:622)
		at com.kiiik.bms.service.DepartmentService$$EnhancerByCGLIB$$9e2ba85a.listDepartmentNames(<generated>)
		at com.kiiik.bms.action.DepartmentAction.listDepartmentNames(DepartmentAction.java:49)
		at com.kiiik.bms.action.DepartmentAction$$FastClassByCGLIB$$5ffd82c.invoke(<generated>)
		at net.sf.cglib.proxy.MethodProxy.invoke(MethodProxy.java:204)
		at org.springframework.aop.framework.Cglib2AopProxy$CglibMethodInvocation.invokeJoinpoint(Cglib2AopProxy.java:689)
		at org.springframework.aop.framework.ReflectiveMethodInvocation.proceed(ReflectiveMethodInvocation.java:150)
		at org.springframework.aop.framework.adapter.MethodBeforeAdviceInterceptor.invoke(MethodBeforeAdviceInterceptor.java:50)
		at org.springframework.aop.framework.ReflectiveMethodInvocation.proceed(ReflectiveMethodInvocation.java:172)
		at org.springframework.aop.framework.adapter.MethodBeforeAdviceInterceptor.invoke(MethodBeforeAdviceInterceptor.java:50)
		at org.springframework.aop.framework.ReflectiveMethodInvocation.proceed(ReflectiveMethodInvocation.java:172)
		at org.springframework.aop.interceptor.ExposeInvocationInterceptor.invoke(ExposeInvocationInterceptor.java:90)
		at org.springframework.aop.framework.ReflectiveMethodInvocation.proceed(ReflectiveMethodInvocation.java:172)
		at org.springframework.aop.framework.Cglib2AopProxy$DynamicAdvisedInterceptor.intercept(Cglib2AopProxy.java:622)
		at com.kiiik.bms.action.DepartmentAction$$EnhancerByCGLIB$$66c4c944.listDepartmentNames(<generated>)
		at sun.reflect.GeneratedMethodAccessor66.invoke(Unknown Source)
		at sun.reflect.DelegatingMethodAccessorImpl.invoke(DelegatingMethodAccessorImpl.java:43)
		at java.lang.reflect.Method.invoke(Method.java:606)
		at org.springframework.web.method.support.InvocableHandlerMethod.invoke(InvocableHandlerMethod.java:213)
		at org.springframework.web.method.support.InvocableHandlerMethod.invokeForRequest(InvocableHandlerMethod.java:126)
		at org.springframework.web.servlet.mvc.method.annotation.ServletInvocableHandlerMethod.invokeAndHandle(ServletInvocableHandlerMethod.java:96)
		at org.springframework.web.servlet.mvc.method.annotation.RequestMappingHandlerAdapter.invokeHandlerMethod(RequestMappingHandlerAdapter.java:617)
		at org.springframework.web.servlet.mvc.method.annotation.RequestMappingHandlerAdapter.handleInternal(RequestMappingHandlerAdapter.java:578)
		at org.springframework.web.servlet.mvc.method.AbstractHandlerMethodAdapter.handle(AbstractHandlerMethodAdapter.java:80)
		at org.springframework.web.servlet.DispatcherServlet.doDispatch(DispatcherServlet.java:923)
		at org.springframework.web.servlet.DispatcherServlet.doService(DispatcherServlet.java:852)
		at org.springframework.web.servlet.FrameworkServlet.processRequest(FrameworkServlet.java:882)
		at org.springframework.web.servlet.FrameworkServlet.doPost(FrameworkServlet.java:789)
		at javax.servlet.http.HttpServlet.service(HttpServlet.java:660)
		at javax.servlet.http.HttpServlet.service(HttpServlet.java:741)
		at org.apache.catalina.core.ApplicationFilterChain.internalDoFilter(ApplicationFilterChain.java:231)
		at org.apache.catalina.core.ApplicationFilterChain.doFilter(ApplicationFilterChain.java:166)
		at org.apache.tomcat.websocket.server.WsFilter.doFilter(WsFilter.java:52)
		at org.apache.catalina.core.ApplicationFilterChain.internalDoFilter(ApplicationFilterChain.java:193)
		at org.apache.catalina.core.ApplicationFilterChain.doFilter(ApplicationFilterChain.java:166)
		at org.springframework.web.filter.CharacterEncodingFilter.doFilterInternal(CharacterEncodingFilter.java:88)
		at com.kiiik.bms.filter.EncodingFilter.doFilterInternal(EncodingFilter.java:30)
		at org.springframework.web.filter.OncePerRequestFilter.doFilter(OncePerRequestFilter.java:76)
		at org.apache.catalina.core.ApplicationFilterChain.internalDoFilter(ApplicationFilterChain.java:193)
		at org.apache.catalina.core.ApplicationFilterChain.doFilter(ApplicationFilterChain.java:166)
		at org.apache.catalina.core.StandardWrapperValve.invoke(StandardWrapperValve.java:199)
		at org.apache.catalina.core.StandardContextValve.invoke(StandardContextValve.java:96)
		at org.apache.catalina.authenticator.AuthenticatorBase.invoke(AuthenticatorBase.java:543)
		at org.apache.catalina.core.StandardHostValve.invoke(StandardHostValve.java:139)
		at org.apache.catalina.valves.ErrorReportValve.invoke(ErrorReportValve.java:81)
		at org.apache.catalina.valves.AbstractAccessLogValve.invoke(AbstractAccessLogValve.java:688)
		at org.apache.catalina.core.StandardEngineValve.invoke(StandardEngineValve.java:87)
		at org.apache.catalina.connector.CoyoteAdapter.service(CoyoteAdapter.java:343)
		at org.apache.coyote.http11.Http11Processor.service(Http11Processor.java:609)
		at org.apache.coyote.AbstractProcessorLight.process(AbstractProcessorLight.java:65)
		at org.apache.coyote.AbstractProtocol$ConnectionHandler.process(AbstractProtocol.java:818)
		at org.apache.tomcat.util.net.Nio2Endpoint$SocketProcessor.doRun(Nio2Endpoint.java:1630)
		at org.apache.tomcat.util.net.SocketProcessorBase.run(SocketProcessorBase.java:49)
		at org.apache.tomcat.util.net.AbstractEndpoint.processSocket(AbstractEndpoint.java:1082)
		at org.apache.tomcat.util.net.Nio2Endpoint$Nio2SocketWrapper$2.completed(Nio2Endpoint.java:566)
		at org.apache.tomcat.util.net.Nio2Endpoint$Nio2SocketWrapper$2.completed(Nio2Endpoint.java:544)
		at sun.nio.ch.Invoker.invokeUnchecked(Invoker.java:126)
		at sun.nio.ch.Invoker$2.run(Invoker.java:218)
		at sun.nio.ch.AsynchronousChannelGroupImpl$1.run(AsynchronousChannelGroupImpl.java:112)
		at java.util.concurrent.ThreadPoolExecutor.runWorker(ThreadPoolExecutor.java:1145)
		at java.util.concurrent.ThreadPoolExecutor$Worker.run(ThreadPoolExecutor.java:615)
		at java.lang.Thread.run(Thread.java:745)
30-Mar-2020 16:58:42.672 SEVERE [Thread-13] org.apache.catalina.core.StandardWrapperValve.invoke Servlet.service() for servlet [springMVC] in context with path [/ecBms] threw exception [Request processing failed; nested exception is org.springframework.jdbc.UncategorizedSQLException: Hibernate flushing: Cannot release connection; uncategorized SQLException for SQL [???]; SQL state [null]; error code [0]; Already closed.; nested exception is java.sql.SQLException: Already closed.] with root cause
	java.sql.SQLException: Already closed.
		at org.apache.commons.dbcp.PoolableConnection.close(PoolableConnection.java:114)
		at org.apache.commons.dbcp.PoolingDataSource$PoolGuardConnectionWrapper.close(PoolingDataSource.java:191)
		at org.springframework.orm.hibernate3.LocalDataSourceConnectionProvider.closeConnection(LocalDataSourceConnectionProvider.java:95)
		at org.hibernate.jdbc.ConnectionManager.closeConnection(ConnectionManager.java:474)
		at org.hibernate.jdbc.ConnectionManager.aggressiveRelease(ConnectionManager.java:429)
		at org.hibernate.jdbc.ConnectionManager.afterTransaction(ConnectionManager.java:316)
		at org.hibernate.jdbc.JDBCContext.afterTransactionCompletion(JDBCContext.java:269)
		at org.hibernate.transaction.JDBCTransaction.rollback(JDBCTransaction.java:204)
		at org.springframework.orm.hibernate3.HibernateTransactionManager.doRollback(HibernateTransactionManager.java:676)
		at org.springframework.transaction.support.AbstractPlatformTransactionManager.processRollback(AbstractPlatformTransactionManager.java:845)
		at org.springframework.transaction.support.AbstractPlatformTransactionManager.rollback(AbstractPlatformTransactionManager.java:822)
		at org.springframework.transaction.interceptor.TransactionAspectSupport.completeTransactionAfterThrowing(TransactionAspectSupport.java:411)
		at org.springframework.transaction.interceptor.TransactionInterceptor.invoke(TransactionInterceptor.java:114)
		at org.springframework.aop.framework.ReflectiveMethodInvocation.proceed(ReflectiveMethodInvocation.java:172)
		at org.springframework.aop.framework.Cglib2AopProxy$DynamicAdvisedInterceptor.intercept(Cglib2AopProxy.java:622)
		at com.kiiik.bms.service.DepartmentService$$EnhancerByCGLIB$$9e2ba85a.listDepartmentNames(<generated>)
		at com.kiiik.bms.action.DepartmentAction.listDepartmentNames(DepartmentAction.java:49)
		at com.kiiik.bms.action.DepartmentAction$$FastClassByCGLIB$$5ffd82c.invoke(<generated>)
		at net.sf.cglib.proxy.MethodProxy.invoke(MethodProxy.java:204)
		at org.springframework.aop.framework.Cglib2AopProxy$CglibMethodInvocation.invokeJoinpoint(Cglib2AopProxy.java:689)
		at org.springframework.aop.framework.ReflectiveMethodInvocation.proceed(ReflectiveMethodInvocation.java:150)
		at org.springframework.aop.framework.adapter.MethodBeforeAdviceInterceptor.invoke(MethodBeforeAdviceInterceptor.java:50)
		at org.springframework.aop.framework.ReflectiveMethodInvocation.proceed(ReflectiveMethodInvocation.java:172)
		at org.springframework.aop.framework.adapter.MethodBeforeAdviceInterceptor.invoke(MethodBeforeAdviceInterceptor.java:50)
		at org.springframework.aop.framework.ReflectiveMethodInvocation.proceed(ReflectiveMethodInvocation.java:172)
		at org.springframework.aop.interceptor.ExposeInvocationInterceptor.invoke(ExposeInvocationInterceptor.java:90)
		at org.springframework.aop.framework.ReflectiveMethodInvocation.proceed(ReflectiveMethodInvocation.java:172)
		at org.springframework.aop.framework.Cglib2AopProxy$DynamicAdvisedInterceptor.intercept(Cglib2AopProxy.java:622)
		at com.kiiik.bms.action.DepartmentAction$$EnhancerByCGLIB$$66c4c944.listDepartmentNames(<generated>)
		at sun.reflect.GeneratedMethodAccessor66.invoke(Unknown Source)
		at sun.reflect.DelegatingMethodAccessorImpl.invoke(DelegatingMethodAccessorImpl.java:43)
		at java.lang.reflect.Method.invoke(Method.java:606)
		at org.springframework.web.method.support.InvocableHandlerMethod.invoke(InvocableHandlerMethod.java:213)
		at org.springframework.web.method.support.InvocableHandlerMethod.invokeForRequest(InvocableHandlerMethod.java:126)
		at org.springframework.web.servlet.mvc.method.annotation.ServletInvocableHandlerMethod.invokeAndHandle(ServletInvocableHandlerMethod.java:96)
		at org.springframework.web.servlet.mvc.method.annotation.RequestMappingHandlerAdapter.invokeHandlerMethod(RequestMappingHandlerAdapter.java:617)
		at org.springframework.web.servlet.mvc.method.annotation.RequestMappingHandlerAdapter.handleInternal(RequestMappingHandlerAdapter.java:578)
		at org.springframework.web.servlet.mvc.method.AbstractHandlerMethodAdapter.handle(AbstractHandlerMethodAdapter.java:80)
		at org.springframework.web.servlet.DispatcherServlet.doDispatch(DispatcherServlet.java:923)
		at org.springframework.web.servlet.DispatcherServlet.doService(DispatcherServlet.java:852)
		at org.springframework.web.servlet.FrameworkServlet.processRequest(FrameworkServlet.java:882)
		at org.springframework.web.servlet.FrameworkServlet.doPost(FrameworkServlet.java:789)
		at javax.servlet.http.HttpServlet.service(HttpServlet.java:660)
		at javax.servlet.http.HttpServlet.service(HttpServlet.java:741)
		at org.apache.catalina.core.ApplicationFilterChain.internalDoFilter(ApplicationFilterChain.java:231)
		at org.apache.catalina.core.ApplicationFilterChain.doFilter(ApplicationFilterChain.java:166)
		at org.apache.tomcat.websocket.server.WsFilter.doFilter(WsFilter.java:52)
		at org.apache.catalina.core.ApplicationFilterChain.internalDoFilter(ApplicationFilterChain.java:193)
		at org.apache.catalina.core.ApplicationFilterChain.doFilter(ApplicationFilterChain.java:166)
		at org.springframework.web.filter.CharacterEncodingFilter.doFilterInternal(CharacterEncodingFilter.java:88)
		at com.kiiik.bms.filter.EncodingFilter.doFilterInternal(EncodingFilter.java:30)
		at org.springframework.web.filter.OncePerRequestFilter.doFilter(OncePerRequestFilter.java:76)
		at org.apache.catalina.core.ApplicationFilterChain.internalDoFilter(ApplicationFilterChain.java:193)
		at org.apache.catalina.core.ApplicationFilterChain.doFilter(ApplicationFilterChain.java:166)
		at org.apache.catalina.core.StandardWrapperValve.invoke(StandardWrapperValve.java:199)
		at org.apache.catalina.core.StandardContextValve.invoke(StandardContextValve.java:96)
		at org.apache.catalina.authenticator.AuthenticatorBase.invoke(AuthenticatorBase.java:543)
		at org.apache.catalina.core.StandardHostValve.invoke(StandardHostValve.java:139)
		at org.apache.catalina.valves.ErrorReportValve.invoke(ErrorReportValve.java:81)
		at org.apache.catalina.valves.AbstractAccessLogValve.invoke(AbstractAccessLogValve.java:688)
		at org.apache.catalina.core.StandardEngineValve.invoke(StandardEngineValve.java:87)
		at org.apache.catalina.connector.CoyoteAdapter.service(CoyoteAdapter.java:343)
		at org.apache.coyote.http11.Http11Processor.service(Http11Processor.java:609)
		at org.apache.coyote.AbstractProcessorLight.process(AbstractProcessorLight.java:65)
		at org.apache.coyote.AbstractProtocol$ConnectionHandler.process(AbstractProtocol.java:818)
		at org.apache.tomcat.util.net.Nio2Endpoint$SocketProcessor.doRun(Nio2Endpoint.java:1630)
		at org.apache.tomcat.util.net.SocketProcessorBase.run(SocketProcessorBase.java:49)
		at org.apache.tomcat.util.net.AbstractEndpoint.processSocket(AbstractEndpoint.java:1082)
		at org.apache.tomcat.util.net.Nio2Endpoint$Nio2SocketWrapper$2.completed(Nio2Endpoint.java:566)
		at org.apache.tomcat.util.net.Nio2Endpoint$Nio2SocketWrapper$2.completed(Nio2Endpoint.java:544)
		at sun.nio.ch.Invoker.invokeUnchecked(Invoker.java:126)
		at sun.nio.ch.Invoker$2.run(Invoker.java:218)
		at sun.nio.ch.AsynchronousChannelGroupImpl$1.run(AsynchronousChannelGroupImpl.java:112)
		at java.util.concurrent.ThreadPoolExecutor.runWorker(ThreadPoolExecutor.java:1145)
		at java.util.concurrent.ThreadPoolExecutor$Worker.run(ThreadPoolExecutor.java:615)
		at java.lang.Thread.run(Thread.java:745)
